
Setting environment variables

Setting versions to install
..PYTHON_VERSION: 3.10

Defining CMAKE_BUILD_PARALLEL_LEVEL, MAX_JOBS and MAKEFLAGS
..CMAKE_BUILD_PARALLEL_LEVEL: 16
..MAX_JOBS: 16
..MAKEFLAGS: -j16

Defining virtual desktop
..SYNTH_SCRIPTS: /home/znmeb/Projects/AlgoCompSynth-One/WSL-jammy/Scripts
..SYNTH_LOGS: /home/znmeb/Projects/AlgoCompSynth-One/WSL-jammy/Logs
..SYNTH_PROJECTS: /home/znmeb/Projects/AlgoCompSynth-One/WSL-jammy/Projects
..SYNTH_NOTEBOOKS: /home/znmeb/Projects/AlgoCompSynth-One/WSL-jammy/Notebooks
..SYNTH_WHEELS: /home/znmeb/Projects/AlgoCompSynth-One/WSL-jammy/Wheels

Creating virtual desktop
Defining Mambaforge home
MAMBAFORGE_HOME: /home/znmeb/mambaforge
Enabling conda and mamba commands
Creating r-reticulate mamba environment if necessary
..Creating r-reticulate
Activating r-reticulate
Installing PyTorch, torchvision and torchaudio if necessary
..Installing PyTorch, torchvision and torchaudio
Preparing transaction: ...working... done
Verifying transaction: ...working... done
Executing transaction: ...working... done
Testing PyTorch execution and GPU availability
torch version 2.0.0
CUDA available: True
cuDNN version: 8700
CUDA device count: 1
current CUDA device: 0
CUDA device name: NVIDIA GeForce RTX 3090
Tensor a = tensor([0., 0.], device='cuda:0')
Tensor b = tensor([0.1715, 3.0872], device='cuda:0')
Tensor c = tensor([0.1715, 3.0872], device='cuda:0')
Testing torchaudio import
torch import successful
torchaudio import successful
torchaudio backends: ['sox_io']

Installing 'rTorch' R package
Installing cusignal if necessary
..Installing cusignal
Preparing transaction: ...working... done
Verifying transaction: ...working... done
Executing transaction: ...working... By downloading and using the CUDA Toolkit conda packages, you accept the terms and conditions of the CUDA End User License Agreement (EULA): https://docs.nvidia.com/cuda/eula/index.html

done
# packages in environment at /home/znmeb/mambaforge/envs/r-reticulate:
#
# Name                    Version                   Build  Channel
_libgcc_mutex             0.1                 conda_forge    conda-forge
_openmp_mutex             4.5                  2_kmp_llvm    conda-forge
_r-mutex                  1.0.1               anacondar_1    conda-forge
aiofiles                  22.1.0             pyhd8ed1ab_0    conda-forge
aiosqlite                 0.19.0             pyhd8ed1ab_0    conda-forge
alsa-lib                  1.2.8                h166bdaf_0    conda-forge
anyio                     3.6.2              pyhd8ed1ab_0    conda-forge
aom                       3.5.0                h27087fc_0    conda-forge
argon2-cffi               21.3.0             pyhd8ed1ab_0    conda-forge
argon2-cffi-bindings      21.2.0          py310h5764c6d_3    conda-forge
asttokens                 2.2.1              pyhd8ed1ab_0    conda-forge
atk-1.0                   2.38.0               hd4edc92_1    conda-forge
attr                      2.5.1                h166bdaf_1    conda-forge
attrs                     23.1.0             pyh71513ae_0    conda-forge
babel                     2.12.1             pyhd8ed1ab_1    conda-forge
backcall                  0.2.0              pyh9f0ad1d_0    conda-forge
backports                 1.0                pyhd8ed1ab_3    conda-forge
backports.functools_lru_cache 1.6.4              pyhd8ed1ab_0    conda-forge
beautifulsoup4            4.12.2             pyha770c72_0    conda-forge
binutils_impl_linux-64    2.40                 hf600244_0    conda-forge
blas                      1.0                         mkl    conda-forge
bleach                    6.0.0              pyhd8ed1ab_0    conda-forge
brotli                    1.0.9                h166bdaf_8    conda-forge
brotli-bin                1.0.9                h166bdaf_8    conda-forge
brotlipy                  0.7.0           py310h5764c6d_1005    conda-forge
bwidget                   1.9.14               ha770c72_1    conda-forge
bzip2                     1.0.8                h7f98852_4    conda-forge
c-ares                    1.18.1               h7f98852_0    conda-forge
ca-certificates           2022.12.7            ha878542_0    conda-forge
cairo                     1.16.0            ha61ee94_1014    conda-forge
certifi                   2022.12.7          pyhd8ed1ab_0    conda-forge
cffi                      1.15.1          py310h255011f_3    conda-forge
charset-normalizer        3.1.0              pyhd8ed1ab_0    conda-forge
cmake                     3.26.3               h077f3f9_0    conda-forge
comm                      0.1.3              pyhd8ed1ab_0    conda-forge
contourpy                 1.0.7           py310hdf3cbec_0    conda-forge
cryptography              40.0.2          py310h34c0648_0    conda-forge
cuda-cudart               11.8.89                       0    nvidia
cuda-cupti                11.8.87                       0    nvidia
cuda-libraries            11.8.0                        0    nvidia
cuda-nvrtc                11.8.89                       0    nvidia
cuda-nvtx                 11.8.86                       0    nvidia
cuda-runtime              11.8.0                        0    nvidia
cudatoolkit               11.8.0              h37601d7_11    conda-forge
cupy                      11.6.0          py310h9216885_0    conda-forge
curl                      8.0.1                h588be90_0    conda-forge
cusignal                  23.04.00        py38_230412_g7dd2c99_0    rapidsai
cycler                    0.11.0             pyhd8ed1ab_0    conda-forge
dart-sass                 1.58.3               ha770c72_0    conda-forge
dbus                      1.13.6               h5008d03_3    conda-forge
debugpy                   1.6.7           py310heca2aa9_0    conda-forge
decorator                 5.1.1              pyhd8ed1ab_0    conda-forge
defusedxml                0.7.1              pyhd8ed1ab_0    conda-forge
deno                      1.25.2               h2f28480_0    conda-forge
deno-dom                  0.1.23               hd9586b0_0    conda-forge
entrypoints               0.4                pyhd8ed1ab_0    conda-forge
esbuild                   0.15.5               ha770c72_1    conda-forge
executing                 1.2.0              pyhd8ed1ab_0    conda-forge
expat                     2.5.0                hcb278e6_1    conda-forge
fastrlock                 0.8             py310hd8f1fbe_3    conda-forge
ffmpeg                    5.1.2           gpl_h8dda1f0_106    conda-forge
fftw                      3.3.10          nompi_hc118613_107    conda-forge
filelock                  3.12.0             pyhd8ed1ab_0    conda-forge
flit-core                 3.8.0              pyhd8ed1ab_0    conda-forge
font-ttf-dejavu-sans-mono 2.37                 hab24e00_0    conda-forge
font-ttf-inconsolata      3.000                h77eed37_0    conda-forge
font-ttf-source-code-pro  2.038                h77eed37_0    conda-forge
font-ttf-ubuntu           0.83                 hab24e00_0    conda-forge
fontconfig                2.14.2               h14ed4e7_0    conda-forge
fonts-conda-ecosystem     1                             0    conda-forge
fonts-conda-forge         1                             0    conda-forge
fonttools                 4.39.3          py310h1fa729e_0    conda-forge
freetype                  2.12.1               hca18f0e_1    conda-forge
fribidi                   1.0.10               h36c2ea0_0    conda-forge
gcc_impl_linux-64         12.2.0              hcc96c02_19    conda-forge
gdk-pixbuf                2.42.10              h05c8ddd_0    conda-forge
gettext                   0.21.1               h27087fc_0    conda-forge
gfortran_impl_linux-64    12.2.0              h55be85b_19    conda-forge
ghostscript               9.54.0               h27087fc_2    conda-forge
giflib                    5.2.1                h0b41bf4_3    conda-forge
glib                      2.76.2               hfc55251_0    conda-forge
glib-tools                2.76.2               hfc55251_0    conda-forge
gmp                       6.2.1                h58526e2_0    conda-forge
gmpy2                     2.1.2           py310h3ec546c_1    conda-forge
gnutls                    3.7.8                hf3e180e_0    conda-forge
graphite2                 1.3.13            h58526e2_1001    conda-forge
graphviz                  7.1.0                h2e5815a_0    conda-forge
gsl                       2.7                  he838d99_0    conda-forge
gst-plugins-base          1.22.0               h4243ec0_2    conda-forge
gstreamer                 1.22.0               h25f0c4b_2    conda-forge
gstreamer-orc             0.4.33               h166bdaf_0    conda-forge
gtk2                      2.24.33              h90689f9_2    conda-forge
gts                       0.7.6                h64030ff_2    conda-forge
gxx_impl_linux-64         12.2.0              hcc96c02_19    conda-forge
harfbuzz                  6.0.0                h8e241bc_0    conda-forge
icu                       70.1                 h27087fc_0    conda-forge
idna                      3.4                pyhd8ed1ab_0    conda-forge
imagemagick               7.1.1_5         pl5321h211c493_1    conda-forge
importlib-metadata        6.6.0              pyha770c72_0    conda-forge
importlib_metadata        6.6.0                hd8ed1ab_0    conda-forge
importlib_resources       5.12.0             pyhd8ed1ab_0    conda-forge
ipykernel                 6.22.0             pyh210e3f2_0    conda-forge
ipython                   8.13.2             pyh41d4057_0    conda-forge
ipython_genutils          0.2.0                      py_1    conda-forge
jack                      1.9.22               h11f4161_0    conda-forge
jbig                      2.1               h7f98852_2003    conda-forge
jedi                      0.18.2             pyhd8ed1ab_0    conda-forge
jinja2                    3.1.2              pyhd8ed1ab_1    conda-forge
joblib                    1.2.0              pyhd8ed1ab_0    conda-forge
jpeg                      9e                   h0b41bf4_3    conda-forge
json5                     0.9.5              pyh9f0ad1d_0    conda-forge
jsonschema                4.17.3             pyhd8ed1ab_0    conda-forge
jupyter_client            8.2.0              pyhd8ed1ab_0    conda-forge
jupyter_core              5.3.0           py310hff52083_0    conda-forge
jupyter_events            0.6.3              pyhd8ed1ab_0    conda-forge
jupyter_server            2.5.0              pyhd8ed1ab_0    conda-forge
jupyter_server_fileid     0.9.0              pyhd8ed1ab_0    conda-forge
jupyter_server_terminals  0.4.4              pyhd8ed1ab_1    conda-forge
jupyter_server_ydoc       0.8.0              pyhd8ed1ab_0    conda-forge
jupyter_ydoc              0.2.3              pyhd8ed1ab_0    conda-forge
jupyterlab                3.6.3              pyhd8ed1ab_0    conda-forge
jupyterlab_pygments       0.2.2              pyhd8ed1ab_0    conda-forge
jupyterlab_server         2.22.1             pyhd8ed1ab_0    conda-forge
kernel-headers_linux-64   2.6.32              he073ed8_15    conda-forge
keyutils                  1.6.1                h166bdaf_0    conda-forge
kiwisolver                1.4.4           py310hbf28c38_1    conda-forge
krb5                      1.20.1               h81ceb04_0    conda-forge
lame                      3.100             h166bdaf_1003    conda-forge
lcms2                     2.15                 hfd0df8a_0    conda-forge
ld_impl_linux-64          2.40                 h41732ed_0    conda-forge
lerc                      4.0.0                h27087fc_0    conda-forge
libblas                   3.9.0            16_linux64_mkl    conda-forge
libbrotlicommon           1.0.9                h166bdaf_8    conda-forge
libbrotlidec              1.0.9                h166bdaf_8    conda-forge
libbrotlienc              1.0.9                h166bdaf_8    conda-forge
libcap                    2.67                 he9d0100_0    conda-forge
libcblas                  3.9.0            16_linux64_mkl    conda-forge
libclang                  15.0.7          default_had23c3d_1    conda-forge
libclang13                15.0.7          default_h3e3d535_1    conda-forge
libcublas                 11.11.3.6                     0    nvidia
libcufft                  10.9.0.58                     0    nvidia
libcufile                 1.6.1.9                       0    nvidia
libcups                   2.3.3                h36d4200_3    conda-forge
libcurand                 10.3.2.106                    0    nvidia
libcurl                   8.0.1                h588be90_0    conda-forge
libcusolver               11.4.1.48                     0    nvidia
libcusparse               11.7.5.86                     0    nvidia
libdb                     6.2.32               h9c3ff4c_0    conda-forge
libdeflate                1.17                 h0b41bf4_0    conda-forge
libdrm                    2.4.114              h166bdaf_0    conda-forge
libedit                   3.1.20191231         he28a2e2_2    conda-forge
libev                     4.33                 h516909a_1    conda-forge
libevent                  2.1.10               h28343ad_4    conda-forge
libexpat                  2.5.0                hcb278e6_1    conda-forge
libffi                    3.4.2                h7f98852_5    conda-forge
libflac                   1.4.2                h27087fc_0    conda-forge
libgcc-devel_linux-64     12.2.0              h3b97bd3_19    conda-forge
libgcc-ng                 12.2.0              h65d4601_19    conda-forge
libgcrypt                 1.10.1               h166bdaf_0    conda-forge
libgd                     2.3.3                h5aea950_4    conda-forge
libgfortran-ng            12.2.0              h69a702a_19    conda-forge
libgfortran5              12.2.0              h337968e_19    conda-forge
libgit2                   1.6.4                h747ad27_0    conda-forge
libglib                   2.76.2               hebfc3b9_0    conda-forge
libgomp                   12.2.0              h65d4601_19    conda-forge
libgpg-error              1.46                 h620e276_0    conda-forge
libhwloc                  2.9.1                hd6dc26d_0    conda-forge
libiconv                  1.17                 h166bdaf_0    conda-forge
libidn2                   2.3.4                h166bdaf_0    conda-forge
liblapack                 3.9.0            16_linux64_mkl    conda-forge
libllvm11                 11.1.0               he0ac6c6_5    conda-forge
libllvm15                 15.0.7               hadd5161_1    conda-forge
libnghttp2                1.52.0               h61bc06f_0    conda-forge
libnpp                    11.8.0.86                     0    nvidia
libnsl                    2.0.0                h7f98852_0    conda-forge
libnvjpeg                 11.9.0.86                     0    nvidia
libogg                    1.3.4                h7f98852_1    conda-forge
libopenblas               0.3.21          pthreads_h78a6416_3    conda-forge
libopus                   1.3.1                h7f98852_1    conda-forge
libpciaccess              0.17                 h166bdaf_0    conda-forge
libpng                    1.6.39               h753d276_0    conda-forge
libpq                     15.2                 hb675445_0    conda-forge
librsvg                   2.54.4               h7abd40a_0    conda-forge
libsanitizer              12.2.0              h46fd767_19    conda-forge
libsndfile                1.2.0                hb75c966_0    conda-forge
libsodium                 1.0.18               h36c2ea0_1    conda-forge
libsqlite                 3.40.0               h753d276_1    conda-forge
libssh2                   1.10.0               hf14f497_3    conda-forge
libstdcxx-devel_linux-64  12.2.0              h3b97bd3_19    conda-forge
libstdcxx-ng              12.2.0              h46fd767_19    conda-forge
libsystemd0               253                  h8c4010b_1    conda-forge
libtasn1                  4.19.0               h166bdaf_0    conda-forge
libtiff                   4.5.0                h6adf6a1_2    conda-forge
libtool                   2.4.7                h27087fc_0    conda-forge
libudev1                  253                  h0b41bf4_1    conda-forge
libunistring              0.9.10               h7f98852_0    conda-forge
libuuid                   2.38.1               h0b41bf4_0    conda-forge
libuv                     1.44.2               h166bdaf_0    conda-forge
libva                     2.18.0               h0b41bf4_0    conda-forge
libvorbis                 1.3.7                h9c3ff4c_0    conda-forge
libvpx                    1.11.0               h9c3ff4c_3    conda-forge
libwebp                   1.2.4                h1daa5a0_1    conda-forge
libwebp-base              1.2.4                h166bdaf_0    conda-forge
libxcb                    1.13              h7f98852_1004    conda-forge
libxkbcommon              1.5.0                h79f4944_1    conda-forge
libxml2                   2.10.3               hca2bb57_4    conda-forge
libzlib                   1.2.13               h166bdaf_4    conda-forge
llvm-openmp               16.0.3               h4dfa4b3_0    conda-forge
llvmlite                  0.39.1          py310h58363a5_1    conda-forge
lz4-c                     1.9.4                hcb278e6_0    conda-forge
make                      4.3                  hd18ef5c_1    conda-forge
markupsafe                2.1.2           py310h1fa729e_0    conda-forge
matplotlib                3.7.1           py310hff52083_0    conda-forge
matplotlib-base           3.7.1           py310he60537e_0    conda-forge
matplotlib-inline         0.1.6              pyhd8ed1ab_0    conda-forge
mistune                   2.0.5              pyhd8ed1ab_0    conda-forge
mkl                       2022.2.1         h84fe81f_16997    conda-forge
mpc                       1.3.1                hfe3b2da_0    conda-forge
mpfr                      4.2.0                hb012696_0    conda-forge
mpg123                    1.31.3               hcb278e6_0    conda-forge
mpmath                    1.3.0              pyhd8ed1ab_0    conda-forge
munkres                   1.1.4              pyh9f0ad1d_0    conda-forge
mysql-common              8.0.32               ha901b37_1    conda-forge
mysql-libs                8.0.32               hd7da12d_1    conda-forge
nbclassic                 1.0.0              pyhb4ecaf3_1    conda-forge
nbclient                  0.7.4              pyhd8ed1ab_0    conda-forge
nbconvert                 7.3.1              pyhd8ed1ab_0    conda-forge
nbconvert-core            7.3.1              pyhd8ed1ab_0    conda-forge
nbconvert-pandoc          7.3.1              pyhd8ed1ab_0    conda-forge
nbformat                  5.8.0              pyhd8ed1ab_0    conda-forge
ncurses                   6.3                  h27087fc_1    conda-forge
nest-asyncio              1.5.6              pyhd8ed1ab_0    conda-forge
nettle                    3.8.1                hc379101_1    conda-forge
networkx                  3.1                pyhd8ed1ab_0    conda-forge
notebook                  6.5.4              pyha770c72_0    conda-forge
notebook-shim             0.2.3              pyhd8ed1ab_0    conda-forge
nspr                      4.35                 h27087fc_0    conda-forge
nss                       3.89                 he45b914_0    conda-forge
numba                     0.56.4          py310h0e39c9b_1    conda-forge
numpy                     1.23.5          py310h53a5b5f_0    conda-forge
openh264                  2.3.1                hcb278e6_2    conda-forge
openjpeg                  2.5.0                hfec8fc6_2    conda-forge
openssl                   3.1.0                hd590300_3    conda-forge
p11-kit                   0.24.1               hc5aa10d_0    conda-forge
packaging                 23.1               pyhd8ed1ab_0    conda-forge
pandas                    2.0.1           py310h7cbd5c2_0    conda-forge
pandoc                    2.19.2               h32600fe_2    conda-forge
pandocfilters             1.5.0              pyhd8ed1ab_0    conda-forge
pango                     1.50.14              hd33c08f_0    conda-forge
parso                     0.8.3              pyhd8ed1ab_0    conda-forge
pcre2                     10.40                hc3806b6_0    conda-forge
perl                      5.32.1          2_h7f98852_perl5    conda-forge
pexpect                   4.8.0              pyh1a96a4e_2    conda-forge
pickleshare               0.7.5                   py_1003    conda-forge
pillow                    9.4.0           py310h023d228_1    conda-forge
pip                       23.1.2             pyhd8ed1ab_0    conda-forge
pixman                    0.40.0               h36c2ea0_0    conda-forge
pkg-config                0.29.2            h36c2ea0_1008    conda-forge
pkgutil-resolve-name      1.3.10             pyhd8ed1ab_0    conda-forge
platformdirs              3.5.0              pyhd8ed1ab_0    conda-forge
ply                       3.11                       py_1    conda-forge
pooch                     1.7.0              pyha770c72_3    conda-forge
prometheus_client         0.16.0             pyhd8ed1ab_0    conda-forge
prompt-toolkit            3.0.38             pyha770c72_0    conda-forge
prompt_toolkit            3.0.38               hd8ed1ab_0    conda-forge
psutil                    5.9.5           py310h1fa729e_0    conda-forge
pthread-stubs             0.4               h36c2ea0_1001    conda-forge
ptyprocess                0.7.0              pyhd3deb0d_0    conda-forge
pulseaudio                16.1                 hcb278e6_3    conda-forge
pulseaudio-client         16.1                 h5195f5e_3    conda-forge
pulseaudio-daemon         16.1                 ha8d29e2_3    conda-forge
pure_eval                 0.2.2              pyhd8ed1ab_0    conda-forge
pycparser                 2.21               pyhd8ed1ab_0    conda-forge
pygments                  2.15.1             pyhd8ed1ab_0    conda-forge
pyopenssl                 23.1.1             pyhd8ed1ab_0    conda-forge
pyparsing                 3.0.9              pyhd8ed1ab_0    conda-forge
pyqt                      5.15.7          py310hab646b1_3    conda-forge
pyqt5-sip                 12.11.0         py310heca2aa9_3    conda-forge
pyrsistent                0.19.3          py310h1fa729e_0    conda-forge
pysocks                   1.7.1              pyha2e5f31_6    conda-forge
python                    3.10.10         he550d4f_0_cpython    conda-forge
python-dateutil           2.8.2              pyhd8ed1ab_0    conda-forge
python-fastjsonschema     2.16.3             pyhd8ed1ab_0    conda-forge
python-json-logger        2.0.7              pyhd8ed1ab_0    conda-forge
python-tzdata             2023.3             pyhd8ed1ab_0    conda-forge
python_abi                3.10                    3_cp310    conda-forge
pytorch                   2.0.0           py3.10_cuda11.8_cudnn8.7.0_0    pytorch
pytorch-cuda              11.8                 h7e8668a_3    pytorch
pytorch-mutex             1.0                        cuda    pytorch
pytz                      2023.3             pyhd8ed1ab_0    conda-forge
pyyaml                    6.0             py310h5764c6d_5    conda-forge
pyzmq                     25.0.2          py310h059b190_0    conda-forge
qt-main                   5.15.8               h5d23da1_6    conda-forge
quarto                    1.2.475              ha770c72_0    conda-forge
r-askpass                 1.1               r42h06615bd_3    conda-forge
r-assertthat              0.2.1             r42hc72bb7e_3    conda-forge
r-backports               1.4.1             r42h06615bd_1    conda-forge
r-base                    4.2.3                ha7d60f8_0    conda-forge
r-base64enc               0.1_3           r42h06615bd_1005    conda-forge
r-bit                     4.0.5             r42h06615bd_0    conda-forge
r-bit64                   4.0.5             r42h06615bd_1    conda-forge
r-blob                    1.2.4             r42hc72bb7e_0    conda-forge
r-boot                    1.3_28.1          r42hc72bb7e_0    conda-forge
r-brew                    1.0_8             r42hc72bb7e_1    conda-forge
r-brio                    1.1.3             r42h06615bd_1    conda-forge
r-broom                   1.0.4             r42hc72bb7e_0    conda-forge
r-bslib                   0.4.2             r42hc72bb7e_0    conda-forge
r-cachem                  1.0.8             r42h57805ef_0    conda-forge
r-callr                   3.7.3             r42hc72bb7e_0    conda-forge
r-cellranger              1.1.0           r42hc72bb7e_1005    conda-forge
r-class                   7.3_22            r42h57805ef_0    conda-forge
r-cli                     3.6.1             r42h38f115c_0    conda-forge
r-clipr                   0.8.0             r42hc72bb7e_1    conda-forge
r-cluster                 2.1.4             r42h8da6f51_0    conda-forge
r-codetools               0.2_19            r42hc72bb7e_0    conda-forge
r-colorspace              2.1_0             r42h133d619_0    conda-forge
r-commonmark              1.9.0             r42h133d619_0    conda-forge
r-conflicted              1.2.0             r42h785f33e_0    conda-forge
r-cpp11                   0.4.3             r42hc72bb7e_0    conda-forge
r-crayon                  1.5.2             r42hc72bb7e_1    conda-forge
r-credentials             1.3.2             r42hc72bb7e_1    conda-forge
r-curl                    4.3.3             r42h06615bd_1    conda-forge
r-data.table              1.14.8            r42h133d619_0    conda-forge
r-dbi                     1.1.3             r42hc72bb7e_1    conda-forge
r-dbplyr                  2.3.2             r42hc72bb7e_0    conda-forge
r-desc                    1.4.2             r42hc72bb7e_1    conda-forge
r-devtools                2.4.5             r42hc72bb7e_1    conda-forge
r-diffobj                 0.3.5             r42h06615bd_1    conda-forge
r-digest                  0.6.31            r42h38f115c_0    conda-forge
r-downlit                 0.4.2             r42hc72bb7e_1    conda-forge
r-dplyr                   1.1.2             r42ha503ecb_0    conda-forge
r-dtplyr                  1.3.1             r42hc72bb7e_0    conda-forge
r-ellipsis                0.3.2             r42h06615bd_1    conda-forge
r-evaluate                0.20              r42hc72bb7e_0    conda-forge
r-fansi                   1.0.4             r42h133d619_0    conda-forge
r-farver                  2.1.1             r42h7525677_1    conda-forge
r-fastmap                 1.1.1             r42h38f115c_0    conda-forge
r-fontawesome             0.5.1             r42hc72bb7e_0    conda-forge
r-forcats                 1.0.0             r42hc72bb7e_0    conda-forge
r-foreign                 0.8_84            r42h133d619_0    conda-forge
r-fs                      1.6.2             r42ha503ecb_0    conda-forge
r-gargle                  1.4.0             r42h785f33e_0    conda-forge
r-generics                0.1.3             r42hc72bb7e_1    conda-forge
r-gert                    1.9.2             r42h492061e_1    conda-forge
r-ggplot2                 3.4.2             r42hc72bb7e_0    conda-forge
r-gh                      1.4.0             r42hc72bb7e_0    conda-forge
r-gitcreds                0.1.2             r42hc72bb7e_1    conda-forge
r-glue                    1.6.2             r42h06615bd_1    conda-forge
r-googledrive             2.1.0             r42hc72bb7e_0    conda-forge
r-googlesheets4           1.1.0             r42h785f33e_0    conda-forge
r-gtable                  0.3.3             r42hc72bb7e_0    conda-forge
r-haven                   2.5.2             r42h38f115c_0    conda-forge
r-here                    1.0.1             r42hc72bb7e_1    conda-forge
r-highr                   0.10              r42hc72bb7e_0    conda-forge
r-hms                     1.1.3             r42hc72bb7e_0    conda-forge
r-htmltools               0.5.5             r42h38f115c_0    conda-forge
r-htmlwidgets             1.6.2             r42hc72bb7e_0    conda-forge
r-httpuv                  1.6.9             r42h38f115c_0    conda-forge
r-httr                    1.4.5             r42hc72bb7e_0    conda-forge
r-httr2                   0.2.2             r42hc72bb7e_1    conda-forge
r-ids                     1.0.1             r42hc72bb7e_2    conda-forge
r-ini                     0.3.1           r42hc72bb7e_1004    conda-forge
r-irdisplay               1.1               r42hd8ed1ab_1    conda-forge
r-irkernel                1.3.2             r42h785f33e_0    conda-forge
r-isoband                 0.2.7             r42h38f115c_1    conda-forge
r-jquerylib               0.1.4             r42hc72bb7e_1    conda-forge
r-jsonlite                1.8.4             r42h133d619_0    conda-forge
r-kernsmooth              2.23_21           r42h13b3f57_0    conda-forge
r-knitr                   1.42              r42hc72bb7e_1    conda-forge
r-labeling                0.4.2             r42hc72bb7e_2    conda-forge
r-later                   1.3.1             r42ha503ecb_0    conda-forge
r-lattice                 0.21_8            r42h133d619_0    conda-forge
r-lifecycle               1.0.3             r42hc72bb7e_1    conda-forge
r-lubridate               1.9.2             r42h133d619_1    conda-forge
r-magrittr                2.0.3             r42h06615bd_1    conda-forge
r-mass                    7.3_60            r42h57805ef_0    conda-forge
r-matrix                  1.5_4             r42he1ae0d6_0    conda-forge
r-memoise                 2.0.1             r42hc72bb7e_1    conda-forge
r-mgcv                    1.8_42            r42he1ae0d6_0    conda-forge
r-mime                    0.12              r42h06615bd_1    conda-forge
r-miniui                  0.1.1.1         r42hc72bb7e_1003    conda-forge
r-modelr                  0.1.11            r42hc72bb7e_0    conda-forge
r-munsell                 0.5.0           r42hc72bb7e_1005    conda-forge
r-nlme                    3.1_162           r42hac0b197_0    conda-forge
r-nnet                    7.3_19            r42h57805ef_0    conda-forge
r-openssl                 2.0.6             r42habfbb5e_0    conda-forge
r-packrat                 0.9.1             r42hc72bb7e_0    conda-forge
r-pbdzmq                  0.3_9             r42hfae1697_0    conda-forge
r-pillar                  1.9.0             r42hc72bb7e_0    conda-forge
r-pkgbuild                1.4.0             r42hc72bb7e_0    conda-forge
r-pkgconfig               2.0.3             r42hc72bb7e_2    conda-forge
r-pkgdown                 2.0.7             r42hc72bb7e_0    conda-forge
r-pkgload                 1.3.2             r42hc72bb7e_0    conda-forge
r-png                     0.1_8             r42h10cf519_0    conda-forge
r-praise                  1.0.0           r42hc72bb7e_1006    conda-forge
r-prettyunits             1.1.1             r42hc72bb7e_2    conda-forge
r-processx                3.8.1             r42h133d619_0    conda-forge
r-profvis                 0.3.8             r42h57805ef_0    conda-forge
r-progress                1.2.2             r42hc72bb7e_3    conda-forge
r-promises                1.2.0.1           r42h7525677_1    conda-forge
r-ps                      1.7.5             r42h133d619_0    conda-forge
r-purrr                   1.0.1             r42h133d619_0    conda-forge
r-quarto                  1.2               r42hc72bb7e_2    conda-forge
r-r6                      2.5.1             r42hc72bb7e_1    conda-forge
r-ragg                    1.2.5             r42hd65d3ba_0    conda-forge
r-rappdirs                0.3.3             r42h06615bd_1    conda-forge
r-rcmdcheck               1.4.0             r42h785f33e_1    conda-forge
r-rcolorbrewer            1.1_3             r42h785f33e_1    conda-forge
r-rcpp                    1.0.10            r42h38f115c_0    conda-forge
r-rcpptoml                0.2.2             r42h38f115c_0    conda-forge
r-readr                   2.1.4             r42h38f115c_0    conda-forge
r-readxl                  1.4.2             r42h81ef4d7_0    conda-forge
r-recommended             4.2             r42hd8ed1ab_1005    conda-forge
r-rematch                 1.0.1           r42hc72bb7e_1005    conda-forge
r-rematch2                2.1.2             r42hc72bb7e_2    conda-forge
r-remotes                 2.4.2             r42hc72bb7e_1    conda-forge
r-repr                    1.1.6             r42h785f33e_0    conda-forge
r-reprex                  2.0.2             r42hc72bb7e_1    conda-forge
r-reticulate              1.26              r42h7525677_1    conda-forge
r-rlang                   1.1.1             r42ha503ecb_0    conda-forge
r-rmarkdown               2.21              r42hc72bb7e_0    conda-forge
r-roxygen2                7.2.3             r42h38f115c_0    conda-forge
r-rpart                   4.1.19            r42h06615bd_0    conda-forge
r-rprojroot               2.0.3             r42hc72bb7e_1    conda-forge
r-rsconnect               0.8.29            r42hc72bb7e_0    conda-forge
r-rstudioapi              0.14              r42hc72bb7e_1    conda-forge
r-rversions               2.1.2             r42hc72bb7e_1    conda-forge
r-rvest                   1.0.3             r42hc72bb7e_1    conda-forge
r-sass                    0.4.6             r42ha503ecb_0    conda-forge
r-scales                  1.2.1             r42hc72bb7e_1    conda-forge
r-selectr                 0.4_2             r42hc72bb7e_2    conda-forge
r-sessioninfo             1.2.2             r42hc72bb7e_1    conda-forge
r-shiny                   1.7.4             r42h785f33e_0    conda-forge
r-sourcetools             0.1.7_1           r42h38f115c_0    conda-forge
r-spatial                 7.3_16            r42h133d619_0    conda-forge
r-stringi                 1.7.12            r42h1ae9187_0    conda-forge
r-stringr                 1.5.0             r42h785f33e_0    conda-forge
r-survival                3.5_5             r42h133d619_0    conda-forge
r-sys                     3.4.1             r42h06615bd_0    conda-forge
r-systemfonts             1.0.4             r42h0ff29ef_1    conda-forge
r-testthat                3.1.8             r42ha503ecb_0    conda-forge
r-textshaping             0.3.6             r42hbb20487_4    conda-forge
r-tibble                  3.2.1             r42h133d619_1    conda-forge
r-tidyr                   1.3.0             r42h38f115c_0    conda-forge
r-tidyselect              1.2.0             r42hc72bb7e_0    conda-forge
r-tidyverse               2.0.0             r42h785f33e_0    conda-forge
r-timechange              0.2.0             r42h38f115c_0    conda-forge
r-tinytex                 0.45              r42hc72bb7e_0    conda-forge
r-tzdb                    0.3.0             r42h7525677_1    conda-forge
r-urlchecker              1.0.1             r42hc72bb7e_1    conda-forge
r-usethis                 2.1.6             r42hc72bb7e_1    conda-forge
r-utf8                    1.2.3             r42h133d619_0    conda-forge
r-uuid                    1.1_0             r42h06615bd_1    conda-forge
r-vctrs                   0.6.2             r42ha503ecb_0    conda-forge
r-viridislite             0.4.1             r42hc72bb7e_1    conda-forge
r-vroom                   1.6.3             r42ha503ecb_0    conda-forge
r-waldo                   0.5.0             r42hc72bb7e_0    conda-forge
r-whisker                 0.4.1             r42hc72bb7e_0    conda-forge
r-withr                   2.5.0             r42hc72bb7e_1    conda-forge
r-xfun                    0.39              r42ha503ecb_0    conda-forge
r-xml2                    1.3.3             r42h044e5c7_2    conda-forge
r-xopen                   1.0.0           r42hc72bb7e_1004    conda-forge
r-xtable                  1.8_4             r42hc72bb7e_4    conda-forge
r-yaml                    2.3.7             r42h133d619_0    conda-forge
r-zip                     2.3.0             r42h133d619_0    conda-forge
readline                  8.2                  h8228510_1    conda-forge
requests                  2.29.0             pyhd8ed1ab_0    conda-forge
rfc3339-validator         0.1.4              pyhd8ed1ab_0    conda-forge
rfc3986-validator         0.1.1              pyh9f0ad1d_0    conda-forge
rhash                     1.4.3                h166bdaf_0    conda-forge
scikit-learn              1.2.2           py310h41b6a48_1    conda-forge
scipy                     1.10.1          py310h8deb116_0    conda-forge
sed                       4.8                  he412f7d_0    conda-forge
send2trash                1.8.2              pyh41d4057_0    conda-forge
setuptools                67.7.2             pyhd8ed1ab_0    conda-forge
sip                       6.7.9           py310hc6cd4ac_0    conda-forge
six                       1.16.0             pyh6c4a22f_0    conda-forge
sniffio                   1.3.0              pyhd8ed1ab_0    conda-forge
soupsieve                 2.3.2.post1        pyhd8ed1ab_0    conda-forge
stack_data                0.6.2              pyhd8ed1ab_0    conda-forge
svt-av1                   1.4.1                hcb278e6_0    conda-forge
sympy                     1.11.1          pypyh9d50eac_103    conda-forge
sysroot_linux-64          2.12                he073ed8_15    conda-forge
tbb                       2021.9.0             hf52228f_0    conda-forge
terminado                 0.17.1             pyh41d4057_0    conda-forge
threadpoolctl             3.1.0              pyh8a188c0_0    conda-forge
tinycss2                  1.2.1              pyhd8ed1ab_0    conda-forge
tk                        8.6.12               h27826a3_0    conda-forge
tktable                   2.10                 hb7b940f_3    conda-forge
toml                      0.10.2             pyhd8ed1ab_0    conda-forge
tomli                     2.0.1              pyhd8ed1ab_0    conda-forge
torchaudio                2.0.0               py310_cu118    pytorch
torchtriton               2.0.0                     py310    pytorch
torchvision               0.15.0              py310_cu118    pytorch
tornado                   6.3             py310h1fa729e_0    conda-forge
traitlets                 5.9.0              pyhd8ed1ab_0    conda-forge
typing-extensions         4.5.0                hd8ed1ab_0    conda-forge
typing_extensions         4.5.0              pyha770c72_0    conda-forge
tzdata                    2023c                h71feb2d_0    conda-forge
unicodedata2              15.0.0          py310h5764c6d_0    conda-forge
urllib3                   1.26.15            pyhd8ed1ab_0    conda-forge
wcwidth                   0.2.6              pyhd8ed1ab_0    conda-forge
webencodings              0.5.1                      py_1    conda-forge
websocket-client          1.5.1              pyhd8ed1ab_0    conda-forge
wheel                     0.40.0             pyhd8ed1ab_0    conda-forge
x264                      1!164.3095           h166bdaf_2    conda-forge
x265                      3.5                  h924138e_3    conda-forge
xcb-util                  0.4.0                h516909a_0    conda-forge
xcb-util-image            0.4.0                h166bdaf_0    conda-forge
xcb-util-keysyms          0.4.0                h516909a_0    conda-forge
xcb-util-renderutil       0.3.9                h166bdaf_0    conda-forge
xcb-util-wm               0.4.1                h516909a_0    conda-forge
xkeyboard-config          2.38                 h0b41bf4_0    conda-forge
xorg-fixesproto           5.0               h7f98852_1002    conda-forge
xorg-kbproto              1.0.7             h7f98852_1002    conda-forge
xorg-libice               1.0.10               h7f98852_0    conda-forge
xorg-libsm                1.2.3             hd9c2040_1000    conda-forge
xorg-libx11               1.8.4                h0b41bf4_0    conda-forge
xorg-libxau               1.0.9                h7f98852_0    conda-forge
xorg-libxdmcp             1.1.3                h7f98852_0    conda-forge
xorg-libxext              1.3.4                h0b41bf4_2    conda-forge
xorg-libxfixes            5.0.3             h7f98852_1004    conda-forge
xorg-libxrender           0.9.10            h7f98852_1003    conda-forge
xorg-libxt                1.2.1                h7f98852_2    conda-forge
xorg-renderproto          0.11.1            h7f98852_1002    conda-forge
xorg-xextproto            7.3.0             h0b41bf4_1003    conda-forge
xorg-xproto               7.0.31            h7f98852_1007    conda-forge
xz                        5.2.6                h166bdaf_0    conda-forge
y-py                      0.5.9           py310h4426083_0    conda-forge
yaml                      0.2.5                h7f98852_2    conda-forge
ypy-websocket             0.8.2              pyhd8ed1ab_0    conda-forge
zeromq                    4.3.4                h9c3ff4c_1    conda-forge
zipp                      3.15.0             pyhd8ed1ab_0    conda-forge
zlib                      1.2.13               h166bdaf_4    conda-forge
zstd                      1.5.2                h3eb15da_6    conda-forge
Finished!
