Creating fresh r-reticulate virtual environment
conda-forge/linux-64                                        Using cache
conda-forge/noarch                                          Using cache
nvidia/linux-64                                             Using cache
nvidia/noarch                                               Using cache


Looking for: ['python=3.10', 'jupyterlab', 'jupyter_server', 'matplotlib', 'numba', 'numpy', 'pandas', 'scikit-learn', 'scipy', 'sympy', 'r-recommended', 'r-data.table', 'r-devtools', 'r-irkernel', 'r-quarto', 'r-reticulate', 'r-tidyverse', 'cmake', 'ffmpeg', 'fftw', 'imagemagick', 'libflac', 'pkg-config']


Transaction

  Prefix: /home/znmeb/mambaforge/envs/r-reticulate

  Updating specs:

   - python=3.10
   - jupyterlab
   - jupyter_server
   - matplotlib
   - numba
   - numpy
   - pandas
   - scikit-learn
   - scipy
   - sympy
   - r-recommended
   - r-data.table
   - r-devtools
   - r-irkernel
   - r-quarto
   - r-reticulate
   - r-tidyverse
   - cmake
   - ffmpeg
   - fftw
   - imagemagick
   - libflac
   - pkg-config


  Package                               Version  Build                Channel                    Size
───────────────────────────────────────────────────────────────────────────────────────────────────────
  Install:
───────────────────────────────────────────────────────────────────────────────────────────────────────

  + _libgcc_mutex                           0.1  conda_forge          conda-forge/linux-64     Cached
  + _openmp_mutex                           4.5  2_gnu                conda-forge/linux-64     Cached
  + _r-mutex                              1.0.1  anacondar_1          conda-forge/noarch       Cached
  + aiofiles                             22.1.0  pyhd8ed1ab_0         conda-forge/noarch       Cached
  + aiosqlite                            0.19.0  pyhd8ed1ab_0         conda-forge/noarch       Cached
  + alsa-lib                              1.2.8  h166bdaf_0           conda-forge/linux-64     Cached
  + anyio                                 3.6.2  pyhd8ed1ab_0         conda-forge/noarch       Cached
  + aom                                   3.5.0  h27087fc_0           conda-forge/linux-64     Cached
  + argon2-cffi                          21.3.0  pyhd8ed1ab_0         conda-forge/noarch       Cached
  + argon2-cffi-bindings                 21.2.0  py310h5764c6d_3      conda-forge/linux-64     Cached
  + asttokens                             2.2.1  pyhd8ed1ab_0         conda-forge/noarch       Cached
  + atk-1.0                              2.38.0  hd4edc92_1           conda-forge/linux-64     Cached
  + attr                                  2.5.1  h166bdaf_1           conda-forge/linux-64     Cached
  + attrs                                23.1.0  pyh71513ae_0         conda-forge/noarch       Cached
  + babel                                2.12.1  pyhd8ed1ab_1         conda-forge/noarch       Cached
  + backcall                              0.2.0  pyh9f0ad1d_0         conda-forge/noarch       Cached
  + backports                               1.0  pyhd8ed1ab_3         conda-forge/noarch       Cached
  + backports.functools_lru_cache         1.6.4  pyhd8ed1ab_0         conda-forge/noarch       Cached
  + beautifulsoup4                       4.12.2  pyha770c72_0         conda-forge/noarch       Cached
  + binutils_impl_linux-64                 2.40  hf600244_0           conda-forge/linux-64     Cached
  + bleach                                6.0.0  pyhd8ed1ab_0         conda-forge/noarch       Cached
  + brotli                                1.0.9  h166bdaf_8           conda-forge/linux-64     Cached
  + brotli-bin                            1.0.9  h166bdaf_8           conda-forge/linux-64     Cached
  + brotlipy                              0.7.0  py310h5764c6d_1005   conda-forge/linux-64     Cached
  + bwidget                              1.9.14  ha770c72_1           conda-forge/linux-64     Cached
  + bzip2                                 1.0.8  h7f98852_4           conda-forge/linux-64     Cached
  + c-ares                               1.18.1  h7f98852_0           conda-forge/linux-64     Cached
  + ca-certificates                   2022.12.7  ha878542_0           conda-forge/linux-64     Cached
  + cairo                                1.16.0  ha61ee94_1014        conda-forge/linux-64     Cached
  + certifi                           2022.12.7  pyhd8ed1ab_0         conda-forge/noarch       Cached
  + cffi                                 1.15.1  py310h255011f_3      conda-forge/linux-64     Cached
  + charset-normalizer                    3.1.0  pyhd8ed1ab_0         conda-forge/noarch       Cached
  + cmake                                3.26.3  h077f3f9_0           conda-forge/linux-64     Cached
  + comm                                  0.1.3  pyhd8ed1ab_0         conda-forge/noarch       Cached
  + contourpy                             1.0.7  py310hdf3cbec_0      conda-forge/linux-64     Cached
  + cryptography                         40.0.2  py310h34c0648_0      conda-forge/linux-64     Cached
  + curl                                  8.0.1  h588be90_0           conda-forge/linux-64     Cached
  + cycler                               0.11.0  pyhd8ed1ab_0         conda-forge/noarch       Cached
  + dart-sass                            1.58.3  ha770c72_0           conda-forge/linux-64     Cached
  + dbus                                 1.13.6  h5008d03_3           conda-forge/linux-64     Cached
  + debugpy                               1.6.7  py310heca2aa9_0      conda-forge/linux-64     Cached
  + decorator                             5.1.1  pyhd8ed1ab_0         conda-forge/noarch       Cached
  + defusedxml                            0.7.1  pyhd8ed1ab_0         conda-forge/noarch       Cached
  + deno                                 1.25.2  h2f28480_0           conda-forge/linux-64     Cached
  + deno-dom                             0.1.23  hd9586b0_0           conda-forge/linux-64     Cached
  + entrypoints                             0.4  pyhd8ed1ab_0         conda-forge/noarch       Cached
  + esbuild                              0.15.5  ha770c72_1           conda-forge/linux-64     Cached
  + executing                             1.2.0  pyhd8ed1ab_0         conda-forge/noarch       Cached
  + expat                                 2.5.0  hcb278e6_1           conda-forge/linux-64     Cached
  + ffmpeg                                5.1.2  gpl_h8dda1f0_106     conda-forge/linux-64     Cached
  + fftw                                 3.3.10  nompi_hc118613_107   conda-forge/linux-64     Cached
  + flit-core                             3.8.0  pyhd8ed1ab_0         conda-forge/noarch       Cached
  + font-ttf-dejavu-sans-mono              2.37  hab24e00_0           conda-forge/noarch       Cached
  + font-ttf-inconsolata                  3.000  h77eed37_0           conda-forge/noarch       Cached
  + font-ttf-source-code-pro              2.038  h77eed37_0           conda-forge/noarch       Cached
  + font-ttf-ubuntu                        0.83  hab24e00_0           conda-forge/noarch       Cached
  + fontconfig                           2.14.2  h14ed4e7_0           conda-forge/linux-64     Cached
  + fonts-conda-ecosystem                     1  0                    conda-forge/noarch       Cached
  + fonts-conda-forge                         1  0                    conda-forge/noarch       Cached
  + fonttools                            4.39.3  py310h1fa729e_0      conda-forge/linux-64     Cached
  + freetype                             2.12.1  hca18f0e_1           conda-forge/linux-64     Cached
  + fribidi                              1.0.10  h36c2ea0_0           conda-forge/linux-64     Cached
  + gcc_impl_linux-64                    12.2.0  hcc96c02_19          conda-forge/linux-64     Cached
  + gdk-pixbuf                          2.42.10  h05c8ddd_0           conda-forge/linux-64     Cached
  + gettext                              0.21.1  h27087fc_0           conda-forge/linux-64     Cached
  + gfortran_impl_linux-64               12.2.0  h55be85b_19          conda-forge/linux-64     Cached
  + ghostscript                          9.54.0  h27087fc_2           conda-forge/linux-64     Cached
  + giflib                                5.2.1  h0b41bf4_3           conda-forge/linux-64     Cached
  + glib                                 2.76.2  hfc55251_0           conda-forge/linux-64     Cached
  + glib-tools                           2.76.2  hfc55251_0           conda-forge/linux-64     Cached
  + gmp                                   6.2.1  h58526e2_0           conda-forge/linux-64     Cached
  + gmpy2                                 2.1.2  py310h3ec546c_1      conda-forge/linux-64     Cached
  + gnutls                                3.7.8  hf3e180e_0           conda-forge/linux-64     Cached
  + graphite2                            1.3.13  h58526e2_1001        conda-forge/linux-64     Cached
  + graphviz                              7.1.0  h2e5815a_0           conda-forge/linux-64     Cached
  + gsl                                     2.7  he838d99_0           conda-forge/linux-64     Cached
  + gst-plugins-base                     1.22.0  h4243ec0_2           conda-forge/linux-64     Cached
  + gstreamer                            1.22.0  h25f0c4b_2           conda-forge/linux-64     Cached
  + gstreamer-orc                        0.4.33  h166bdaf_0           conda-forge/linux-64     Cached
  + gtk2                                2.24.33  h90689f9_2           conda-forge/linux-64     Cached
  + gts                                   0.7.6  h64030ff_2           conda-forge/linux-64     Cached
  + gxx_impl_linux-64                    12.2.0  hcc96c02_19          conda-forge/linux-64     Cached
  + harfbuzz                              6.0.0  h8e241bc_0           conda-forge/linux-64     Cached
  + icu                                    70.1  h27087fc_0           conda-forge/linux-64     Cached
  + idna                                    3.4  pyhd8ed1ab_0         conda-forge/noarch       Cached
  + imagemagick                         7.1.1_5  pl5321h211c493_1     conda-forge/linux-64     Cached
  + importlib-metadata                    6.6.0  pyha770c72_0         conda-forge/noarch       Cached
  + importlib_metadata                    6.6.0  hd8ed1ab_0           conda-forge/noarch       Cached
  + importlib_resources                  5.12.0  pyhd8ed1ab_0         conda-forge/noarch       Cached
  + ipykernel                            6.22.0  pyh210e3f2_0         conda-forge/noarch       Cached
  + ipython                              8.13.2  pyh41d4057_0         conda-forge/noarch       Cached
  + ipython_genutils                      0.2.0  py_1                 conda-forge/noarch       Cached
  + jack                                 1.9.22  h11f4161_0           conda-forge/linux-64     Cached
  + jbig                                    2.1  h7f98852_2003        conda-forge/linux-64     Cached
  + jedi                                 0.18.2  pyhd8ed1ab_0         conda-forge/noarch       Cached
  + jinja2                                3.1.2  pyhd8ed1ab_1         conda-forge/noarch       Cached
  + joblib                                1.2.0  pyhd8ed1ab_0         conda-forge/noarch       Cached
  + jpeg                                     9e  h0b41bf4_3           conda-forge/linux-64     Cached
  + json5                                 0.9.5  pyh9f0ad1d_0         conda-forge/noarch       Cached
  + jsonschema                           4.17.3  pyhd8ed1ab_0         conda-forge/noarch       Cached
  + jupyter_client                        8.2.0  pyhd8ed1ab_0         conda-forge/noarch       Cached
  + jupyter_core                          5.3.0  py310hff52083_0      conda-forge/linux-64     Cached
  + jupyter_events                        0.6.3  pyhd8ed1ab_0         conda-forge/noarch       Cached
  + jupyter_server                        2.5.0  pyhd8ed1ab_0         conda-forge/noarch       Cached
  + jupyter_server_fileid                 0.9.0  pyhd8ed1ab_0         conda-forge/noarch       Cached
  + jupyter_server_terminals              0.4.4  pyhd8ed1ab_1         conda-forge/noarch       Cached
  + jupyter_server_ydoc                   0.8.0  pyhd8ed1ab_0         conda-forge/noarch       Cached
  + jupyter_ydoc                          0.2.3  pyhd8ed1ab_0         conda-forge/noarch       Cached
  + jupyterlab                            3.6.3  pyhd8ed1ab_0         conda-forge/noarch       Cached
  + jupyterlab_pygments                   0.2.2  pyhd8ed1ab_0         conda-forge/noarch       Cached
  + jupyterlab_server                    2.22.1  pyhd8ed1ab_0         conda-forge/noarch       Cached
  + kernel-headers_linux-64              2.6.32  he073ed8_15          conda-forge/noarch       Cached
  + keyutils                              1.6.1  h166bdaf_0           conda-forge/linux-64     Cached
  + kiwisolver                            1.4.4  py310hbf28c38_1      conda-forge/linux-64     Cached
  + krb5                                 1.20.1  h81ceb04_0           conda-forge/linux-64     Cached
  + lame                                  3.100  h166bdaf_1003        conda-forge/linux-64     Cached
  + lcms2                                  2.15  hfd0df8a_0           conda-forge/linux-64     Cached
  + ld_impl_linux-64                       2.40  h41732ed_0           conda-forge/linux-64     Cached
  + lerc                                  4.0.0  h27087fc_0           conda-forge/linux-64     Cached
  + libblas                               3.9.0  16_linux64_openblas  conda-forge/linux-64     Cached
  + libbrotlicommon                       1.0.9  h166bdaf_8           conda-forge/linux-64     Cached
  + libbrotlidec                          1.0.9  h166bdaf_8           conda-forge/linux-64     Cached
  + libbrotlienc                          1.0.9  h166bdaf_8           conda-forge/linux-64     Cached
  + libcap                                 2.67  he9d0100_0           conda-forge/linux-64     Cached
  + libcblas                              3.9.0  16_linux64_openblas  conda-forge/linux-64     Cached
  + libclang                             15.0.7  default_had23c3d_1   conda-forge/linux-64     Cached
  + libclang13                           15.0.7  default_h3e3d535_1   conda-forge/linux-64     Cached
  + libcups                               2.3.3  h36d4200_3           conda-forge/linux-64     Cached
  + libcurl                               8.0.1  h588be90_0           conda-forge/linux-64     Cached
  + libdb                                6.2.32  h9c3ff4c_0           conda-forge/linux-64     Cached
  + libdeflate                             1.17  h0b41bf4_0           conda-forge/linux-64     Cached
  + libdrm                              2.4.114  h166bdaf_0           conda-forge/linux-64     Cached
  + libedit                        3.1.20191231  he28a2e2_2           conda-forge/linux-64     Cached
  + libev                                  4.33  h516909a_1           conda-forge/linux-64     Cached
  + libevent                             2.1.10  h28343ad_4           conda-forge/linux-64     Cached
  + libexpat                              2.5.0  hcb278e6_1           conda-forge/linux-64     Cached
  + libffi                                3.4.2  h7f98852_5           conda-forge/linux-64     Cached
  + libflac                               1.4.2  h27087fc_0           conda-forge/linux-64     Cached
  + libgcc-devel_linux-64                12.2.0  h3b97bd3_19          conda-forge/linux-64     Cached
  + libgcc-ng                            12.2.0  h65d4601_19          conda-forge/linux-64     Cached
  + libgcrypt                            1.10.1  h166bdaf_0           conda-forge/linux-64     Cached
  + libgd                                 2.3.3  h5aea950_4           conda-forge/linux-64     Cached
  + libgfortran-ng                       12.2.0  h69a702a_19          conda-forge/linux-64     Cached
  + libgfortran5                         12.2.0  h337968e_19          conda-forge/linux-64     Cached
  + libgit2                               1.6.4  h747ad27_0           conda-forge/linux-64     Cached
  + libglib                              2.76.2  hebfc3b9_0           conda-forge/linux-64     Cached
  + libgomp                              12.2.0  h65d4601_19          conda-forge/linux-64     Cached
  + libgpg-error                           1.46  h620e276_0           conda-forge/linux-64     Cached
  + libiconv                               1.17  h166bdaf_0           conda-forge/linux-64     Cached
  + libidn2                               2.3.4  h166bdaf_0           conda-forge/linux-64     Cached
  + liblapack                             3.9.0  16_linux64_openblas  conda-forge/linux-64     Cached
  + libllvm11                            11.1.0  he0ac6c6_5           conda-forge/linux-64     Cached
  + libllvm15                            15.0.7  hadd5161_1           conda-forge/linux-64     Cached
  + libnghttp2                           1.52.0  h61bc06f_0           conda-forge/linux-64     Cached
  + libnsl                                2.0.0  h7f98852_0           conda-forge/linux-64     Cached
  + libogg                                1.3.4  h7f98852_1           conda-forge/linux-64     Cached
  + libopenblas                          0.3.21  pthreads_h78a6416_3  conda-forge/linux-64     Cached
  + libopus                               1.3.1  h7f98852_1           conda-forge/linux-64     Cached
  + libpciaccess                           0.17  h166bdaf_0           conda-forge/linux-64     Cached
  + libpng                               1.6.39  h753d276_0           conda-forge/linux-64     Cached
  + libpq                                  15.2  hb675445_0           conda-forge/linux-64     Cached
  + librsvg                              2.54.4  h7abd40a_0           conda-forge/linux-64     Cached
  + libsanitizer                         12.2.0  h46fd767_19          conda-forge/linux-64     Cached
  + libsndfile                            1.2.0  hb75c966_0           conda-forge/linux-64     Cached
  + libsodium                            1.0.18  h36c2ea0_1           conda-forge/linux-64     Cached
  + libsqlite                            3.40.0  h753d276_1           conda-forge/linux-64     Cached
  + libssh2                              1.10.0  hf14f497_3           conda-forge/linux-64     Cached
  + libstdcxx-devel_linux-64             12.2.0  h3b97bd3_19          conda-forge/linux-64     Cached
  + libstdcxx-ng                         12.2.0  h46fd767_19          conda-forge/linux-64     Cached
  + libsystemd0                             253  h8c4010b_1           conda-forge/linux-64     Cached
  + libtasn1                             4.19.0  h166bdaf_0           conda-forge/linux-64     Cached
  + libtiff                               4.5.0  h6adf6a1_2           conda-forge/linux-64     Cached
  + libtool                               2.4.7  h27087fc_0           conda-forge/linux-64     Cached
  + libudev1                                253  h0b41bf4_1           conda-forge/linux-64     Cached
  + libunistring                         0.9.10  h7f98852_0           conda-forge/linux-64     Cached
  + libuuid                              2.38.1  h0b41bf4_0           conda-forge/linux-64     Cached
  + libuv                                1.44.2  h166bdaf_0           conda-forge/linux-64     Cached
  + libva                                2.18.0  h0b41bf4_0           conda-forge/linux-64     Cached
  + libvorbis                             1.3.7  h9c3ff4c_0           conda-forge/linux-64     Cached
  + libvpx                               1.11.0  h9c3ff4c_3           conda-forge/linux-64     Cached
  + libwebp                               1.2.4  h1daa5a0_1           conda-forge/linux-64     Cached
  + libwebp-base                          1.2.4  h166bdaf_0           conda-forge/linux-64     Cached
  + libxcb                                 1.13  h7f98852_1004        conda-forge/linux-64     Cached
  + libxkbcommon                          1.5.0  h79f4944_1           conda-forge/linux-64     Cached
  + libxml2                              2.10.3  hca2bb57_4           conda-forge/linux-64     Cached
  + libzlib                              1.2.13  h166bdaf_4           conda-forge/linux-64     Cached
  + llvmlite                             0.39.1  py310h58363a5_1      conda-forge/linux-64     Cached
  + lz4-c                                 1.9.4  hcb278e6_0           conda-forge/linux-64     Cached
  + make                                    4.3  hd18ef5c_1           conda-forge/linux-64     Cached
  + markupsafe                            2.1.2  py310h1fa729e_0      conda-forge/linux-64     Cached
  + matplotlib                            3.7.1  py310hff52083_0      conda-forge/linux-64     Cached
  + matplotlib-base                       3.7.1  py310he60537e_0      conda-forge/linux-64     Cached
  + matplotlib-inline                     0.1.6  pyhd8ed1ab_0         conda-forge/noarch       Cached
  + mistune                               2.0.5  pyhd8ed1ab_0         conda-forge/noarch       Cached
  + mpc                                   1.3.1  hfe3b2da_0           conda-forge/linux-64     Cached
  + mpfr                                  4.2.0  hb012696_0           conda-forge/linux-64     Cached
  + mpg123                               1.31.3  hcb278e6_0           conda-forge/linux-64     Cached
  + mpmath                                1.3.0  pyhd8ed1ab_0         conda-forge/noarch       Cached
  + munkres                               1.1.4  pyh9f0ad1d_0         conda-forge/noarch       Cached
  + mysql-common                         8.0.32  ha901b37_1           conda-forge/linux-64     Cached
  + mysql-libs                           8.0.32  hd7da12d_1           conda-forge/linux-64     Cached
  + nbclassic                             1.0.0  pyhb4ecaf3_1         conda-forge/noarch       Cached
  + nbclient                              0.7.4  pyhd8ed1ab_0         conda-forge/noarch       Cached
  + nbconvert                             7.3.1  pyhd8ed1ab_0         conda-forge/noarch       Cached
  + nbconvert-core                        7.3.1  pyhd8ed1ab_0         conda-forge/noarch       Cached
  + nbconvert-pandoc                      7.3.1  pyhd8ed1ab_0         conda-forge/noarch       Cached
  + nbformat                              5.8.0  pyhd8ed1ab_0         conda-forge/noarch       Cached
  + ncurses                                 6.3  h27087fc_1           conda-forge/linux-64     Cached
  + nest-asyncio                          1.5.6  pyhd8ed1ab_0         conda-forge/noarch       Cached
  + nettle                                3.8.1  hc379101_1           conda-forge/linux-64     Cached
  + notebook                              6.5.4  pyha770c72_0         conda-forge/noarch       Cached
  + notebook-shim                         0.2.3  pyhd8ed1ab_0         conda-forge/noarch       Cached
  + nspr                                   4.35  h27087fc_0           conda-forge/linux-64     Cached
  + nss                                    3.89  he45b914_0           conda-forge/linux-64     Cached
  + numba                                0.56.4  py310h0e39c9b_1      conda-forge/linux-64     Cached
  + numpy                                1.23.5  py310h53a5b5f_0      conda-forge/linux-64     Cached
  + openh264                              2.3.1  hcb278e6_2           conda-forge/linux-64     Cached
  + openjpeg                              2.5.0  hfec8fc6_2           conda-forge/linux-64     Cached
  + openssl                               3.1.0  hd590300_3           conda-forge/linux-64     Cached
  + p11-kit                              0.24.1  hc5aa10d_0           conda-forge/linux-64     Cached
  + packaging                              23.1  pyhd8ed1ab_0         conda-forge/noarch       Cached
  + pandas                                2.0.1  py310h7cbd5c2_0      conda-forge/linux-64     Cached
  + pandoc                               2.19.2  h32600fe_2           conda-forge/linux-64     Cached
  + pandocfilters                         1.5.0  pyhd8ed1ab_0         conda-forge/noarch       Cached
  + pango                               1.50.14  hd33c08f_0           conda-forge/linux-64     Cached
  + parso                                 0.8.3  pyhd8ed1ab_0         conda-forge/noarch       Cached
  + pcre2                                 10.40  hc3806b6_0           conda-forge/linux-64     Cached
  + perl                                 5.32.1  2_h7f98852_perl5     conda-forge/linux-64     Cached
  + pexpect                               4.8.0  pyh1a96a4e_2         conda-forge/noarch       Cached
  + pickleshare                           0.7.5  py_1003              conda-forge/noarch       Cached
  + pillow                                9.4.0  py310h023d228_1      conda-forge/linux-64     Cached
  + pip                                  23.1.2  pyhd8ed1ab_0         conda-forge/noarch       Cached
  + pixman                               0.40.0  h36c2ea0_0           conda-forge/linux-64     Cached
  + pkg-config                           0.29.2  h36c2ea0_1008        conda-forge/linux-64     Cached
  + pkgutil-resolve-name                 1.3.10  pyhd8ed1ab_0         conda-forge/noarch       Cached
  + platformdirs                          3.5.0  pyhd8ed1ab_0         conda-forge/noarch       Cached
  + ply                                    3.11  py_1                 conda-forge/noarch       Cached
  + pooch                                 1.7.0  pyha770c72_3         conda-forge/noarch       Cached
  + prometheus_client                    0.16.0  pyhd8ed1ab_0         conda-forge/noarch       Cached
  + prompt-toolkit                       3.0.38  pyha770c72_0         conda-forge/noarch       Cached
  + prompt_toolkit                       3.0.38  hd8ed1ab_0           conda-forge/noarch       Cached
  + psutil                                5.9.5  py310h1fa729e_0      conda-forge/linux-64     Cached
  + pthread-stubs                           0.4  h36c2ea0_1001        conda-forge/linux-64     Cached
  + ptyprocess                            0.7.0  pyhd3deb0d_0         conda-forge/noarch       Cached
  + pulseaudio                             16.1  hcb278e6_3           conda-forge/linux-64     Cached
  + pulseaudio-client                      16.1  h5195f5e_3           conda-forge/linux-64     Cached
  + pulseaudio-daemon                      16.1  ha8d29e2_3           conda-forge/linux-64     Cached
  + pure_eval                             0.2.2  pyhd8ed1ab_0         conda-forge/noarch       Cached
  + pycparser                              2.21  pyhd8ed1ab_0         conda-forge/noarch       Cached
  + pygments                             2.15.1  pyhd8ed1ab_0         conda-forge/noarch       Cached
  + pyopenssl                            23.1.1  pyhd8ed1ab_0         conda-forge/noarch       Cached
  + pyparsing                             3.0.9  pyhd8ed1ab_0         conda-forge/noarch       Cached
  + pyqt                                 5.15.7  py310hab646b1_3      conda-forge/linux-64     Cached
  + pyqt5-sip                           12.11.0  py310heca2aa9_3      conda-forge/linux-64     Cached
  + pyrsistent                           0.19.3  py310h1fa729e_0      conda-forge/linux-64     Cached
  + pysocks                               1.7.1  pyha2e5f31_6         conda-forge/noarch       Cached
  + python                              3.10.10  he550d4f_0_cpython   conda-forge/linux-64     Cached
  + python-dateutil                       2.8.2  pyhd8ed1ab_0         conda-forge/noarch       Cached
  + python-fastjsonschema                2.16.3  pyhd8ed1ab_0         conda-forge/noarch       Cached
  + python-json-logger                    2.0.7  pyhd8ed1ab_0         conda-forge/noarch       Cached
  + python-tzdata                        2023.3  pyhd8ed1ab_0         conda-forge/noarch       Cached
  + python_abi                             3.10  3_cp310              conda-forge/linux-64     Cached
  + pytz                                 2023.3  pyhd8ed1ab_0         conda-forge/noarch       Cached
  + pyyaml                                  6.0  py310h5764c6d_5      conda-forge/linux-64     Cached
  + pyzmq                                25.0.2  py310h059b190_0      conda-forge/linux-64     Cached
  + qt-main                              5.15.8  h5d23da1_6           conda-forge/linux-64     Cached
  + quarto                              1.2.475  ha770c72_0           conda-forge/linux-64     Cached
  + r-askpass                               1.1  r42h06615bd_3        conda-forge/linux-64     Cached
  + r-assertthat                          0.2.1  r42hc72bb7e_3        conda-forge/noarch       Cached
  + r-backports                           1.4.1  r42h06615bd_1        conda-forge/linux-64     Cached
  + r-base                                4.2.3  ha7d60f8_0           conda-forge/linux-64     Cached
  + r-base64enc                           0.1_3  r42h06615bd_1005     conda-forge/linux-64     Cached
  + r-bit                                 4.0.5  r42h06615bd_0        conda-forge/linux-64     Cached
  + r-bit64                               4.0.5  r42h06615bd_1        conda-forge/linux-64     Cached
  + r-blob                                1.2.4  r42hc72bb7e_0        conda-forge/noarch       Cached
  + r-boot                             1.3_28.1  r42hc72bb7e_0        conda-forge/noarch       Cached
  + r-brew                                1.0_8  r42hc72bb7e_1        conda-forge/noarch       Cached
  + r-brio                                1.1.3  r42h06615bd_1        conda-forge/linux-64     Cached
  + r-broom                               1.0.4  r42hc72bb7e_0        conda-forge/noarch       Cached
  + r-bslib                               0.4.2  r42hc72bb7e_0        conda-forge/noarch       Cached
  + r-cachem                              1.0.8  r42h57805ef_0        conda-forge/linux-64     Cached
  + r-callr                               3.7.3  r42hc72bb7e_0        conda-forge/noarch       Cached
  + r-cellranger                          1.1.0  r42hc72bb7e_1005     conda-forge/noarch       Cached
  + r-class                              7.3_22  r42h57805ef_0        conda-forge/linux-64     Cached
  + r-cli                                 3.6.1  r42h38f115c_0        conda-forge/linux-64     Cached
  + r-clipr                               0.8.0  r42hc72bb7e_1        conda-forge/noarch       Cached
  + r-cluster                             2.1.4  r42h8da6f51_0        conda-forge/linux-64     Cached
  + r-codetools                          0.2_19  r42hc72bb7e_0        conda-forge/noarch       Cached
  + r-colorspace                          2.1_0  r42h133d619_0        conda-forge/linux-64     Cached
  + r-commonmark                          1.9.0  r42h133d619_0        conda-forge/linux-64     Cached
  + r-conflicted                          1.2.0  r42h785f33e_0        conda-forge/noarch       Cached
  + r-cpp11                               0.4.3  r42hc72bb7e_0        conda-forge/noarch       Cached
  + r-crayon                              1.5.2  r42hc72bb7e_1        conda-forge/noarch       Cached
  + r-credentials                         1.3.2  r42hc72bb7e_1        conda-forge/noarch       Cached
  + r-curl                                4.3.3  r42h06615bd_1        conda-forge/linux-64     Cached
  + r-data.table                         1.14.8  r42h133d619_0        conda-forge/linux-64     Cached
  + r-dbi                                 1.1.3  r42hc72bb7e_1        conda-forge/noarch       Cached
  + r-dbplyr                              2.3.2  r42hc72bb7e_0        conda-forge/noarch       Cached
  + r-desc                                1.4.2  r42hc72bb7e_1        conda-forge/noarch       Cached
  + r-devtools                            2.4.5  r42hc72bb7e_1        conda-forge/noarch       Cached
  + r-diffobj                             0.3.5  r42h06615bd_1        conda-forge/linux-64     Cached
  + r-digest                             0.6.31  r42h38f115c_0        conda-forge/linux-64     Cached
  + r-downlit                             0.4.2  r42hc72bb7e_1        conda-forge/noarch       Cached
  + r-dplyr                               1.1.2  r42ha503ecb_0        conda-forge/linux-64     Cached
  + r-dtplyr                              1.3.1  r42hc72bb7e_0        conda-forge/noarch       Cached
  + r-ellipsis                            0.3.2  r42h06615bd_1        conda-forge/linux-64     Cached
  + r-evaluate                             0.20  r42hc72bb7e_0        conda-forge/noarch       Cached
  + r-fansi                               1.0.4  r42h133d619_0        conda-forge/linux-64     Cached
  + r-farver                              2.1.1  r42h7525677_1        conda-forge/linux-64     Cached
  + r-fastmap                             1.1.1  r42h38f115c_0        conda-forge/linux-64     Cached
  + r-fontawesome                         0.5.1  r42hc72bb7e_0        conda-forge/noarch       Cached
  + r-forcats                             1.0.0  r42hc72bb7e_0        conda-forge/noarch       Cached
  + r-foreign                            0.8_84  r42h133d619_0        conda-forge/linux-64     Cached
  + r-fs                                  1.6.2  r42ha503ecb_0        conda-forge/linux-64     Cached
  + r-gargle                              1.4.0  r42h785f33e_0        conda-forge/noarch       Cached
  + r-generics                            0.1.3  r42hc72bb7e_1        conda-forge/noarch       Cached
  + r-gert                                1.9.2  r42h492061e_1        conda-forge/linux-64     Cached
  + r-ggplot2                             3.4.2  r42hc72bb7e_0        conda-forge/noarch       Cached
  + r-gh                                  1.4.0  r42hc72bb7e_0        conda-forge/noarch       Cached
  + r-gitcreds                            0.1.2  r42hc72bb7e_1        conda-forge/noarch       Cached
  + r-glue                                1.6.2  r42h06615bd_1        conda-forge/linux-64     Cached
  + r-googledrive                         2.1.0  r42hc72bb7e_0        conda-forge/noarch       Cached
  + r-googlesheets4                       1.1.0  r42h785f33e_0        conda-forge/noarch       Cached
  + r-gtable                              0.3.3  r42hc72bb7e_0        conda-forge/noarch       Cached
  + r-haven                               2.5.2  r42h38f115c_0        conda-forge/linux-64     Cached
  + r-here                                1.0.1  r42hc72bb7e_1        conda-forge/noarch       Cached
  + r-highr                                0.10  r42hc72bb7e_0        conda-forge/noarch       Cached
  + r-hms                                 1.1.3  r42hc72bb7e_0        conda-forge/noarch       Cached
  + r-htmltools                           0.5.5  r42h38f115c_0        conda-forge/linux-64     Cached
  + r-htmlwidgets                         1.6.2  r42hc72bb7e_0        conda-forge/noarch       Cached
  + r-httpuv                              1.6.9  r42h38f115c_0        conda-forge/linux-64     Cached
  + r-httr                                1.4.5  r42hc72bb7e_0        conda-forge/noarch       Cached
  + r-httr2                               0.2.2  r42hc72bb7e_1        conda-forge/noarch       Cached
  + r-ids                                 1.0.1  r42hc72bb7e_2        conda-forge/noarch       Cached
  + r-ini                                 0.3.1  r42hc72bb7e_1004     conda-forge/noarch       Cached
  + r-irdisplay                             1.1  r42hd8ed1ab_1        conda-forge/noarch       Cached
  + r-irkernel                            1.3.2  r42h785f33e_0        conda-forge/noarch       Cached
  + r-isoband                             0.2.7  r42h38f115c_1        conda-forge/linux-64     Cached
  + r-jquerylib                           0.1.4  r42hc72bb7e_1        conda-forge/noarch       Cached
  + r-jsonlite                            1.8.4  r42h133d619_0        conda-forge/linux-64     Cached
  + r-kernsmooth                        2.23_21  r42h13b3f57_0        conda-forge/linux-64     Cached
  + r-knitr                                1.42  r42hc72bb7e_1        conda-forge/noarch       Cached
  + r-labeling                            0.4.2  r42hc72bb7e_2        conda-forge/noarch       Cached
  + r-later                               1.3.1  r42ha503ecb_0        conda-forge/linux-64     Cached
  + r-lattice                            0.21_8  r42h133d619_0        conda-forge/linux-64     Cached
  + r-lifecycle                           1.0.3  r42hc72bb7e_1        conda-forge/noarch       Cached
  + r-lubridate                           1.9.2  r42h133d619_1        conda-forge/linux-64     Cached
  + r-magrittr                            2.0.3  r42h06615bd_1        conda-forge/linux-64     Cached
  + r-mass                               7.3_60  r42h57805ef_0        conda-forge/linux-64     Cached
  + r-matrix                              1.5_4  r42he1ae0d6_0        conda-forge/linux-64     Cached
  + r-memoise                             2.0.1  r42hc72bb7e_1        conda-forge/noarch       Cached
  + r-mgcv                               1.8_42  r42he1ae0d6_0        conda-forge/linux-64     Cached
  + r-mime                                 0.12  r42h06615bd_1        conda-forge/linux-64     Cached
  + r-miniui                            0.1.1.1  r42hc72bb7e_1003     conda-forge/noarch       Cached
  + r-modelr                             0.1.11  r42hc72bb7e_0        conda-forge/noarch       Cached
  + r-munsell                             0.5.0  r42hc72bb7e_1005     conda-forge/noarch       Cached
  + r-nlme                              3.1_162  r42hac0b197_0        conda-forge/linux-64     Cached
  + r-nnet                               7.3_19  r42h57805ef_0        conda-forge/linux-64     Cached
  + r-openssl                             2.0.6  r42habfbb5e_0        conda-forge/linux-64     Cached
  + r-packrat                             0.9.1  r42hc72bb7e_0        conda-forge/noarch       Cached
  + r-pbdzmq                              0.3_9  r42hfae1697_0        conda-forge/linux-64     Cached
  + r-pillar                              1.9.0  r42hc72bb7e_0        conda-forge/noarch       Cached
  + r-pkgbuild                            1.4.0  r42hc72bb7e_0        conda-forge/noarch       Cached
  + r-pkgconfig                           2.0.3  r42hc72bb7e_2        conda-forge/noarch       Cached
  + r-pkgdown                             2.0.7  r42hc72bb7e_0        conda-forge/noarch       Cached
  + r-pkgload                             1.3.2  r42hc72bb7e_0        conda-forge/noarch       Cached
  + r-png                                 0.1_8  r42h10cf519_0        conda-forge/linux-64     Cached
  + r-praise                              1.0.0  r42hc72bb7e_1006     conda-forge/noarch       Cached
  + r-prettyunits                         1.1.1  r42hc72bb7e_2        conda-forge/noarch       Cached
  + r-processx                            3.8.1  r42h133d619_0        conda-forge/linux-64     Cached
  + r-profvis                             0.3.8  r42h57805ef_0        conda-forge/linux-64     Cached
  + r-progress                            1.2.2  r42hc72bb7e_3        conda-forge/noarch       Cached
  + r-promises                          1.2.0.1  r42h7525677_1        conda-forge/linux-64     Cached
  + r-ps                                  1.7.5  r42h133d619_0        conda-forge/linux-64     Cached
  + r-purrr                               1.0.1  r42h133d619_0        conda-forge/linux-64     Cached
  + r-quarto                                1.2  r42hc72bb7e_2        conda-forge/noarch       Cached
  + r-r6                                  2.5.1  r42hc72bb7e_1        conda-forge/noarch       Cached
  + r-ragg                                1.2.5  r42hd65d3ba_0        conda-forge/linux-64     Cached
  + r-rappdirs                            0.3.3  r42h06615bd_1        conda-forge/linux-64     Cached
  + r-rcmdcheck                           1.4.0  r42h785f33e_1        conda-forge/noarch       Cached
  + r-rcolorbrewer                        1.1_3  r42h785f33e_1        conda-forge/noarch       Cached
  + r-rcpp                               1.0.10  r42h38f115c_0        conda-forge/linux-64     Cached
  + r-rcpptoml                            0.2.2  r42h38f115c_0        conda-forge/linux-64     Cached
  + r-readr                               2.1.4  r42h38f115c_0        conda-forge/linux-64     Cached
  + r-readxl                              1.4.2  r42h81ef4d7_0        conda-forge/linux-64     Cached
  + r-recommended                           4.2  r42hd8ed1ab_1005     conda-forge/noarch       Cached
  + r-rematch                             1.0.1  r42hc72bb7e_1005     conda-forge/noarch       Cached
  + r-rematch2                            2.1.2  r42hc72bb7e_2        conda-forge/noarch       Cached
  + r-remotes                             2.4.2  r42hc72bb7e_1        conda-forge/noarch       Cached
  + r-repr                                1.1.6  r42h785f33e_0        conda-forge/noarch       Cached
  + r-reprex                              2.0.2  r42hc72bb7e_1        conda-forge/noarch       Cached
  + r-reticulate                           1.26  r42h7525677_1        conda-forge/linux-64     Cached
  + r-rlang                               1.1.1  r42ha503ecb_0        conda-forge/linux-64     Cached
  + r-rmarkdown                            2.21  r42hc72bb7e_0        conda-forge/noarch       Cached
  + r-roxygen2                            7.2.3  r42h38f115c_0        conda-forge/linux-64     Cached
  + r-rpart                              4.1.19  r42h06615bd_0        conda-forge/linux-64     Cached
  + r-rprojroot                           2.0.3  r42hc72bb7e_1        conda-forge/noarch       Cached
  + r-rsconnect                          0.8.29  r42hc72bb7e_0        conda-forge/noarch       Cached
  + r-rstudioapi                           0.14  r42hc72bb7e_1        conda-forge/noarch       Cached
  + r-rversions                           2.1.2  r42hc72bb7e_1        conda-forge/noarch       Cached
  + r-rvest                               1.0.3  r42hc72bb7e_1        conda-forge/noarch       Cached
  + r-sass                                0.4.6  r42ha503ecb_0        conda-forge/linux-64     Cached
  + r-scales                              1.2.1  r42hc72bb7e_1        conda-forge/noarch       Cached
  + r-selectr                             0.4_2  r42hc72bb7e_2        conda-forge/noarch       Cached
  + r-sessioninfo                         1.2.2  r42hc72bb7e_1        conda-forge/noarch       Cached
  + r-shiny                               1.7.4  r42h785f33e_0        conda-forge/noarch       Cached
  + r-sourcetools                       0.1.7_1  r42h38f115c_0        conda-forge/linux-64     Cached
  + r-spatial                            7.3_16  r42h133d619_0        conda-forge/linux-64     Cached
  + r-stringi                            1.7.12  r42h1ae9187_0        conda-forge/linux-64     Cached
  + r-stringr                             1.5.0  r42h785f33e_0        conda-forge/noarch       Cached
  + r-survival                            3.5_5  r42h133d619_0        conda-forge/linux-64     Cached
  + r-sys                                 3.4.1  r42h06615bd_0        conda-forge/linux-64     Cached
  + r-systemfonts                         1.0.4  r42h0ff29ef_1        conda-forge/linux-64     Cached
  + r-testthat                            3.1.8  r42ha503ecb_0        conda-forge/linux-64     Cached
  + r-textshaping                         0.3.6  r42hbb20487_4        conda-forge/linux-64     Cached
  + r-tibble                              3.2.1  r42h133d619_1        conda-forge/linux-64     Cached
  + r-tidyr                               1.3.0  r42h38f115c_0        conda-forge/linux-64     Cached
  + r-tidyselect                          1.2.0  r42hc72bb7e_0        conda-forge/linux-64     Cached
  + r-tidyverse                           2.0.0  r42h785f33e_0        conda-forge/noarch       Cached
  + r-timechange                          0.2.0  r42h38f115c_0        conda-forge/linux-64     Cached
  + r-tinytex                              0.45  r42hc72bb7e_0        conda-forge/noarch       Cached
  + r-tzdb                                0.3.0  r42h7525677_1        conda-forge/linux-64     Cached
  + r-urlchecker                          1.0.1  r42hc72bb7e_1        conda-forge/noarch       Cached
  + r-usethis                             2.1.6  r42hc72bb7e_1        conda-forge/noarch       Cached
  + r-utf8                                1.2.3  r42h133d619_0        conda-forge/linux-64     Cached
  + r-uuid                                1.1_0  r42h06615bd_1        conda-forge/linux-64     Cached
  + r-vctrs                               0.6.2  r42ha503ecb_0        conda-forge/linux-64     Cached
  + r-viridislite                         0.4.1  r42hc72bb7e_1        conda-forge/noarch       Cached
  + r-vroom                               1.6.3  r42ha503ecb_0        conda-forge/linux-64     Cached
  + r-waldo                               0.5.0  r42hc72bb7e_0        conda-forge/noarch       Cached
  + r-whisker                             0.4.1  r42hc72bb7e_0        conda-forge/noarch       Cached
  + r-withr                               2.5.0  r42hc72bb7e_1        conda-forge/noarch       Cached
  + r-xfun                                 0.39  r42ha503ecb_0        conda-forge/linux-64     Cached
  + r-xml2                                1.3.3  r42h044e5c7_2        conda-forge/linux-64     Cached
  + r-xopen                               1.0.0  r42hc72bb7e_1004     conda-forge/noarch       Cached
  + r-xtable                              1.8_4  r42hc72bb7e_4        conda-forge/noarch       Cached
  + r-yaml                                2.3.7  r42h133d619_0        conda-forge/linux-64     Cached
  + r-zip                                 2.3.0  r42h133d619_0        conda-forge/linux-64     Cached
  + readline                                8.2  h8228510_1           conda-forge/linux-64     Cached
  + requests                             2.29.0  pyhd8ed1ab_0         conda-forge/noarch       Cached
  + rfc3339-validator                     0.1.4  pyhd8ed1ab_0         conda-forge/noarch       Cached
  + rfc3986-validator                     0.1.1  pyh9f0ad1d_0         conda-forge/noarch       Cached
  + rhash                                 1.4.3  h166bdaf_0           conda-forge/linux-64     Cached
  + scikit-learn                          1.2.2  py310h41b6a48_1      conda-forge/linux-64     Cached
  + scipy                                1.10.1  py310h8deb116_0      conda-forge/linux-64     Cached
  + sed                                     4.8  he412f7d_0           conda-forge/linux-64     Cached
  + send2trash                            1.8.2  pyh41d4057_0         conda-forge/noarch       Cached
  + setuptools                           67.7.2  pyhd8ed1ab_0         conda-forge/noarch       Cached
  + sip                                   6.7.9  py310hc6cd4ac_0      conda-forge/linux-64     Cached
  + six                                  1.16.0  pyh6c4a22f_0         conda-forge/noarch       Cached
  + sniffio                               1.3.0  pyhd8ed1ab_0         conda-forge/noarch       Cached
  + soupsieve                       2.3.2.post1  pyhd8ed1ab_0         conda-forge/noarch       Cached
  + stack_data                            0.6.2  pyhd8ed1ab_0         conda-forge/noarch       Cached
  + svt-av1                               1.4.1  hcb278e6_0           conda-forge/linux-64     Cached
  + sympy                                1.11.1  pypyh9d50eac_103     conda-forge/noarch       Cached
  + sysroot_linux-64                       2.12  he073ed8_15          conda-forge/noarch       Cached
  + terminado                            0.17.1  pyh41d4057_0         conda-forge/noarch       Cached
  + threadpoolctl                         3.1.0  pyh8a188c0_0         conda-forge/noarch       Cached
  + tinycss2                              1.2.1  pyhd8ed1ab_0         conda-forge/noarch       Cached
  + tk                                   8.6.12  h27826a3_0           conda-forge/linux-64     Cached
  + tktable                                2.10  hb7b940f_3           conda-forge/linux-64     Cached
  + toml                                 0.10.2  pyhd8ed1ab_0         conda-forge/noarch       Cached
  + tomli                                 2.0.1  pyhd8ed1ab_0         conda-forge/noarch       Cached
  + tornado                                 6.3  py310h1fa729e_0      conda-forge/linux-64     Cached
  + traitlets                             5.9.0  pyhd8ed1ab_0         conda-forge/noarch       Cached
  + typing-extensions                     4.5.0  hd8ed1ab_0           conda-forge/noarch       Cached
  + typing_extensions                     4.5.0  pyha770c72_0         conda-forge/noarch       Cached
  + tzdata                                2023c  h71feb2d_0           conda-forge/noarch       Cached
  + unicodedata2                         15.0.0  py310h5764c6d_0      conda-forge/linux-64     Cached
  + urllib3                             1.26.15  pyhd8ed1ab_0         conda-forge/noarch       Cached
  + wcwidth                               0.2.6  pyhd8ed1ab_0         conda-forge/noarch       Cached
  + webencodings                          0.5.1  py_1                 conda-forge/noarch       Cached
  + websocket-client                      1.5.1  pyhd8ed1ab_0         conda-forge/noarch       Cached
  + wheel                                0.40.0  pyhd8ed1ab_0         conda-forge/noarch       Cached
  + x264                             1!164.3095  h166bdaf_2           conda-forge/linux-64     Cached
  + x265                                    3.5  h924138e_3           conda-forge/linux-64     Cached
  + xcb-util                              0.4.0  h516909a_0           conda-forge/linux-64     Cached
  + xcb-util-image                        0.4.0  h166bdaf_0           conda-forge/linux-64     Cached
  + xcb-util-keysyms                      0.4.0  h516909a_0           conda-forge/linux-64     Cached
  + xcb-util-renderutil                   0.3.9  h166bdaf_0           conda-forge/linux-64     Cached
  + xcb-util-wm                           0.4.1  h516909a_0           conda-forge/linux-64     Cached
  + xkeyboard-config                       2.38  h0b41bf4_0           conda-forge/linux-64     Cached
  + xorg-fixesproto                         5.0  h7f98852_1002        conda-forge/linux-64     Cached
  + xorg-kbproto                          1.0.7  h7f98852_1002        conda-forge/linux-64     Cached
  + xorg-libice                          1.0.10  h7f98852_0           conda-forge/linux-64     Cached
  + xorg-libsm                            1.2.3  hd9c2040_1000        conda-forge/linux-64     Cached
  + xorg-libx11                           1.8.4  h0b41bf4_0           conda-forge/linux-64     Cached
  + xorg-libxau                           1.0.9  h7f98852_0           conda-forge/linux-64     Cached
  + xorg-libxdmcp                         1.1.3  h7f98852_0           conda-forge/linux-64     Cached
  + xorg-libxext                          1.3.4  h0b41bf4_2           conda-forge/linux-64     Cached
  + xorg-libxfixes                        5.0.3  h7f98852_1004        conda-forge/linux-64     Cached
  + xorg-libxrender                      0.9.10  h7f98852_1003        conda-forge/linux-64     Cached
  + xorg-libxt                            1.2.1  h7f98852_2           conda-forge/linux-64     Cached
  + xorg-renderproto                     0.11.1  h7f98852_1002        conda-forge/linux-64     Cached
  + xorg-xextproto                        7.3.0  h0b41bf4_1003        conda-forge/linux-64     Cached
  + xorg-xproto                          7.0.31  h7f98852_1007        conda-forge/linux-64     Cached
  + xz                                    5.2.6  h166bdaf_0           conda-forge/linux-64     Cached
  + y-py                                  0.5.9  py310h4426083_0      conda-forge/linux-64     Cached
  + yaml                                  0.2.5  h7f98852_2           conda-forge/linux-64     Cached
  + ypy-websocket                         0.8.2  pyhd8ed1ab_0         conda-forge/noarch       Cached
  + zeromq                                4.3.4  h9c3ff4c_1           conda-forge/linux-64     Cached
  + zipp                                 3.15.0  pyhd8ed1ab_0         conda-forge/noarch       Cached
  + zlib                                 1.2.13  h166bdaf_4           conda-forge/linux-64     Cached
  + zstd                                  1.5.2  h3eb15da_6           conda-forge/linux-64     Cached

  Summary:

  Install: 504 packages

  Total download: 0 B

───────────────────────────────────────────────────────────────────────────────────────────────────────



Downloading and Extracting Packages

Preparing transaction: ...working... done
Verifying transaction: ...working... done
Executing transaction: ...working... 

done
#
# To activate this environment, use
#
#     $ conda activate r-reticulate
#
# To deactivate an active environment, use
#
#     $ conda deactivate

31.78user 19.62system 0:42.16elapsed 121%CPU (0avgtext+0avgdata 542752maxresident)k
10600inputs+767400outputs (216major+541249minor)pagefaults 0swaps
Activating r-reticulate
Installing 'caracas'
5.84user 6.91system 0:04.95elapsed 257%CPU (0avgtext+0avgdata 246284maxresident)k
0inputs+13960outputs (0major+223768minor)pagefaults 0swaps
Installing 'tinytex'
trying URL 'https://yihui.org/tinytex/TinyTeX-1.tar.gz'
Content type 'application/octet-stream' length 91278873 bytes (87.1 MB)
==================================================
downloaded 87.1 MB

tlmgr option sys_bin ~/bin
tlmgr: setting option sys_bin to /home/znmeb/bin.
tlmgr: updating /home/znmeb/.TinyTeX/tlpkg/texlive.tlpdb
tlmgr install beamer fp ms pgf translator
tlmgr: package repository https://mirrors.rit.edu/CTAN/systems/texlive/tlnet (verified)
[1/5, ??:??/??:??] install: beamer [164k]
[2/5, 00:00/00:00] install: fp [19k]
[3/5, 00:00/00:00] install: ms [3k]
[4/5, 00:01/00:04] install: pgf [701k]
[5/5, 00:01/00:01] install: translator [28k]
running mktexlsr ...
done running mktexlsr.
tlmgr: package log updated: /home/znmeb/.TinyTeX/texmf-var/web2c/tlmgr.log
tlmgr: command log updated: /home/znmeb/.TinyTeX/texmf-var/web2c/tlmgr-commands.log
tlmgr option repository 'https://mirrors.rit.edu/CTAN/systems/texlive/tlnet'
tlmgr: setting default package repository to https://mirrors.rit.edu/CTAN/systems/texlive/tlnet
tlmgr: updating /home/znmeb/.TinyTeX/tlpkg/texlive.tlpdb
tlmgr update --list
tlmgr: package repository https://mirrors.rit.edu/CTAN/systems/texlive/tlnet (verified)
update:   texlive-scripts    [112k]: local:    66983, source:    66996
4.63user 2.13system 0:13.36elapsed 50%CPU (0avgtext+0avgdata 98228maxresident)k
360inputs+711064outputs (5major+369200minor)pagefaults 0swaps
Installing R sound packages
  [1] "audio"          "bioacoustics"   "bitops"         "caracas"        "Deriv"          "doBy"          
  [7] "doParallel"     "dtw"            "fftw"           "foreach"        "gm"             "gsw"           
 [13] "ineq"           "iterators"      "lme4"           "magick"         "microbenchmark" "minqa"         
 [19] "moments"        "monitoR"        "music"          "mvtnorm"        "NatureSounds"   "nloptr"        
 [25] "numDeriv"       "oce"            "pbapply"        "pbkrtest"       "permute"        "phonTools"     
 [31] "pracma"         "proxy"          "RcppEigen"      "RCurl"          "rjson"          "rTorch"        
 [37] "seewave"        "shinyBS"        "shinyjs"        "signal"         "soundecology"   "soundgen"      
 [43] "tabr"           "tuneR"          "vegan"          "warbleR"        "zoo"            "askpass"       
 [49] "assertthat"     "backports"      "base"           "base64enc"      "bit"            "bit64"         
 [55] "blob"           "boot"           "brew"           "brio"           "broom"          "bslib"         
 [61] "cachem"         "callr"          "cellranger"     "class"          "cli"            "clipr"         
 [67] "cluster"        "codetools"      "colorspace"     "commonmark"     "compiler"       "conflicted"    
 [73] "cpp11"          "crayon"         "credentials"    "curl"           "data.table"     "datasets"      
 [79] "DBI"            "dbplyr"         "desc"           "devtools"       "diffobj"        "digest"        
 [85] "downlit"        "dplyr"          "dtplyr"         "ellipsis"       "evaluate"       "fansi"         
 [91] "farver"         "fastmap"        "fontawesome"    "forcats"        "foreign"        "fs"            
 [97] "gargle"         "generics"       "gert"           "ggplot2"        "gh"             "gitcreds"      
[103] "glue"           "googledrive"    "googlesheets4"  "graphics"       "grDevices"      "grid"          
[109] "gtable"         "haven"          "here"           "highr"          "hms"            "htmltools"     
[115] "htmlwidgets"    "httpuv"         "httr"           "httr2"          "ids"            "ini"           
[121] "IRdisplay"      "IRkernel"       "isoband"        "jquerylib"      "jsonlite"       "KernSmooth"    
[127] "knitr"          "labeling"       "later"          "lattice"        "lifecycle"      "lubridate"     
[133] "magrittr"       "MASS"           "Matrix"         "memoise"        "methods"        "mgcv"          
[139] "mime"           "miniUI"         "modelr"         "munsell"        "nlme"           "nnet"          
[145] "openssl"        "packrat"        "parallel"       "pbdZMQ"         "pillar"         "pkgbuild"      
[151] "pkgconfig"      "pkgdown"        "pkgload"        "png"            "praise"         "prettyunits"   
[157] "processx"       "profvis"        "progress"       "promises"       "ps"             "purrr"         
[163] "quarto"         "R6"             "ragg"           "rappdirs"       "rcmdcheck"      "RColorBrewer"  
[169] "Rcpp"           "RcppTOML"       "readr"          "readxl"         "rematch"        "rematch2"      
[175] "remotes"        "repr"           "reprex"         "reticulate"     "rlang"          "rmarkdown"     
[181] "roxygen2"       "rpart"          "rprojroot"      "rsconnect"      "rstudioapi"     "rversions"     
[187] "rvest"          "sass"           "scales"         "selectr"        "sessioninfo"    "shiny"         
[193] "sourcetools"    "spatial"        "splines"        "stats"          "stats4"         "stringi"       
[199] "stringr"        "survival"       "sys"            "systemfonts"    "tcltk"          "testthat"      
[205] "textshaping"    "tibble"         "tidyr"          "tidyselect"     "tidyverse"      "timechange"    
[211] "tinytex"        "tools"          "tzdb"           "urlchecker"     "usethis"        "utf8"          
[217] "utils"          "uuid"           "vctrs"          "viridisLite"    "vroom"          "waldo"         
[223] "whisker"        "withr"          "xfun"           "xml2"           "xopen"          "xtable"        
[229] "yaml"           "zip"           
73.26user 76.86system 1:01.70elapsed 243%CPU (0avgtext+0avgdata 329848maxresident)k
112inputs+246744outputs (16major+1742049minor)pagefaults 0swaps
Activating R Jupyter kernel
Installed R packages
  [1] "audio"          "bioacoustics"   "bitops"         "caracas"        "Deriv"          "doBy"          
  [7] "doParallel"     "dtw"            "fftw"           "foreach"        "gm"             "gsw"           
 [13] "ineq"           "iterators"      "lme4"           "magick"         "microbenchmark" "minqa"         
 [19] "moments"        "monitoR"        "music"          "mvtnorm"        "NatureSounds"   "nloptr"        
 [25] "numDeriv"       "oce"            "pbapply"        "pbkrtest"       "permute"        "phonTools"     
 [31] "pracma"         "proxy"          "RcppEigen"      "RCurl"          "rjson"          "rTorch"        
 [37] "seewave"        "shinyBS"        "shinyjs"        "signal"         "soundecology"   "soundgen"      
 [43] "tabr"           "tuneR"          "vegan"          "warbleR"        "zoo"            "askpass"       
 [49] "assertthat"     "backports"      "base"           "base64enc"      "bit"            "bit64"         
 [55] "blob"           "boot"           "brew"           "brio"           "broom"          "bslib"         
 [61] "cachem"         "callr"          "cellranger"     "class"          "cli"            "clipr"         
 [67] "cluster"        "codetools"      "colorspace"     "commonmark"     "compiler"       "conflicted"    
 [73] "cpp11"          "crayon"         "credentials"    "curl"           "data.table"     "datasets"      
 [79] "DBI"            "dbplyr"         "desc"           "devtools"       "diffobj"        "digest"        
 [85] "downlit"        "dplyr"          "dtplyr"         "ellipsis"       "evaluate"       "fansi"         
 [91] "farver"         "fastmap"        "fontawesome"    "forcats"        "foreign"        "fs"            
 [97] "gargle"         "generics"       "gert"           "ggplot2"        "gh"             "gitcreds"      
[103] "glue"           "googledrive"    "googlesheets4"  "graphics"       "grDevices"      "grid"          
[109] "gtable"         "haven"          "here"           "highr"          "hms"            "htmltools"     
[115] "htmlwidgets"    "httpuv"         "httr"           "httr2"          "ids"            "ini"           
[121] "IRdisplay"      "IRkernel"       "isoband"        "jquerylib"      "jsonlite"       "KernSmooth"    
[127] "knitr"          "labeling"       "later"          "lattice"        "lifecycle"      "lubridate"     
[133] "magrittr"       "MASS"           "Matrix"         "memoise"        "methods"        "mgcv"          
[139] "mime"           "miniUI"         "modelr"         "munsell"        "nlme"           "nnet"          
[145] "openssl"        "packrat"        "parallel"       "pbdZMQ"         "pillar"         "pkgbuild"      
[151] "pkgconfig"      "pkgdown"        "pkgload"        "png"            "praise"         "prettyunits"   
[157] "processx"       "profvis"        "progress"       "promises"       "ps"             "purrr"         
[163] "quarto"         "R6"             "ragg"           "rappdirs"       "rcmdcheck"      "RColorBrewer"  
[169] "Rcpp"           "RcppTOML"       "readr"          "readxl"         "rematch"        "rematch2"      
[175] "remotes"        "repr"           "reprex"         "reticulate"     "rlang"          "rmarkdown"     
[181] "roxygen2"       "rpart"          "rprojroot"      "rsconnect"      "rstudioapi"     "rversions"     
[187] "rvest"          "sass"           "scales"         "selectr"        "sessioninfo"    "shiny"         
[193] "sourcetools"    "spatial"        "splines"        "stats"          "stats4"         "stringi"       
[199] "stringr"        "survival"       "sys"            "systemfonts"    "tcltk"          "testthat"      
[205] "textshaping"    "tibble"         "tidyr"          "tidyselect"     "tidyverse"      "timechange"    
[211] "tinytex"        "tools"          "tzdb"           "urlchecker"     "usethis"        "utf8"          
[217] "utils"          "uuid"           "vctrs"          "viridisLite"    "vroom"          "waldo"         
[223] "whisker"        "withr"          "xfun"           "xml2"           "xopen"          "xtable"        
[229] "yaml"           "zip"           
Cleanup
Will remove 35 (2.94 GB) tarball(s).
Defining r-reticulate and deac aliases
Finished
117.57user 109.04system 2:04.38elapsed 182%CPU (0avgtext+0avgdata 542752maxresident)k
11648inputs+1739768outputs (289major+2978893minor)pagefaults 0swaps
