
Setting environment variables

Detecting JetPack version
JETPACK_VERSION: 5.0

Setting versions to install
PYTHON_VERSION: 3.8
PYTORCH_WHEEL_URL: https://nvidia.box.com/shared/static/ssf2v7pf5i245fk4i0q926hy4imzs2ph.whl
PYTORCH_WHEEL_FILE: torch-1.11.0-cp38-cp38-linux_aarch64.whl
TORCHAUDIO_VERSION: 0.11.0
CUSIGNAL_VERSION: 22.04.00

Building and running deviceQuery
/usr/local/cuda/samples/1_Utilities/deviceQuery ~/Projects/AlgoCompSynth-One/JetPack
make: Nothing to be done for 'all'.
~/Projects/AlgoCompSynth-One/JetPack

Defining CUPY_NVCC_GENERATE_CODE
CUPY_NVCC_GENERATE_CODE: arch=compute_72,code=sm_72

Defining CMAKE_BUILD_PARALLEL_LEVEL and MAKEFLAGS
CMAKE_BUILD_PARALLEL_LEVEL: 6
MAKEFLAGS: -j6

Defining virtual desktop
SYNTH_SCRIPTS: /home/znmeb/Projects/AlgoCompSynth-One/JetPack/Scripts
SYNTH_LOGS: /home/znmeb/Projects/AlgoCompSynth-One/JetPack/Logs
SYNTH_PROJECTS: /home/znmeb/Projects/AlgoCompSynth-One/JetPack/Projects
SYNTH_NOTEBOOKS: /home/znmeb/Projects/AlgoCompSynth-One/JetPack/Notebooks
SYNTH_WHEELS: /home/znmeb/Projects/AlgoCompSynth-One/JetPack/Wheels
Activating r-reticulate
Installing Linux dependencies
Installing mamba dependencies
  Package    Version  Build               Channel                        Size
───────────────────────────────────────────────────────────────────────────────
  Install:
───────────────────────────────────────────────────────────────────────────────

  + fftw      3.3.10  nompi_h92e7866_102  conda-forge/linux-aarch64       6MB
  + libflac    1.3.4  h4de3ea5_0          conda-forge/linux-aarch64     481kB
  + libogg     1.3.4  h3557bc0_1          conda-forge/linux-aarch64     214kB

  Summary:

  Install: 3 packages

  Total download: 7MB

───────────────────────────────────────────────────────────────────────────────

Preparing transaction: ...working... done
Verifying transaction: ...working... done
Executing transaction: ...working... done
Installing R packages
Installed R packages
  [1] "askpass"      "audio"        "base"         "base64enc"    "bioacoustics"
  [6] "bitops"       "boot"         "brew"         "brio"         "bslib"       
 [11] "cachem"       "callr"        "caracas"      "class"        "cli"         
 [16] "clipr"        "cluster"      "codetools"    "colorspace"   "commonmark"  
 [21] "compiler"     "cpp11"        "crayon"       "credentials"  "curl"        
 [26] "datasets"     "data.table"   "desc"         "devtools"     "diffobj"     
 [31] "digest"       "doParallel"   "dplyr"        "dtw"          "ellipsis"    
 [36] "evaluate"     "fansi"        "farver"       "fastmap"      "fftw"        
 [41] "fontawesome"  "foreach"      "foreign"      "fs"           "generics"    
 [46] "gert"         "ggplot2"      "gh"           "gitcreds"     "glue"        
 [51] "graphics"     "grDevices"    "grid"         "gsw"          "gtable"      
 [56] "here"         "highr"        "htmltools"    "httpuv"       "httr"        
 [61] "ineq"         "ini"          "IRdisplay"    "IRkernel"     "isoband"     
 [66] "iterators"    "jquerylib"    "jsonlite"     "KernSmooth"   "knitr"       
 [71] "labeling"     "later"        "lattice"      "lifecycle"    "magrittr"    
 [76] "MASS"         "Matrix"       "memoise"      "methods"      "mgcv"        
 [81] "mime"         "moments"      "monitoR"      "munsell"      "music"       
 [86] "mvtnorm"      "NatureSounds" "nlme"         "nnet"         "oce"         
 [91] "openssl"      "parallel"     "pbapply"      "pbdZMQ"       "permute"     
 [96] "phonTools"    "pillar"       "pkgbuild"     "pkgconfig"    "pkgload"     
[101] "plyr"         "png"          "pracma"       "praise"       "prettyunits" 
[106] "processx"     "promises"     "proxy"        "ps"           "purrr"       
[111] "R6"           "rappdirs"     "rcmdcheck"    "RColorBrewer" "Rcpp"        
[116] "RcppTOML"     "RCurl"        "rematch2"     "remotes"      "renv"        
[121] "repr"         "reshape2"     "reticulate"   "rjson"        "rlang"       
[126] "rmarkdown"    "roxygen2"     "rpart"        "rprojroot"    "rstudioapi"  
[131] "rversions"    "sass"         "scales"       "seewave"      "sessioninfo" 
[136] "shiny"        "shinyBS"      "shinyjs"      "signal"       "soundecology"
[141] "soundgen"     "sourcetools"  "spatial"      "splines"      "stats"       
[146] "stats4"       "stringi"      "stringr"      "survival"     "sys"         
[151] "tabr"         "tcltk"        "testthat"     "tibble"       "tidyr"       
[156] "tidyselect"   "tinytex"      "tools"        "tuneR"        "usethis"     
[161] "utf8"         "utils"        "uuid"         "vctrs"        "vegan"       
[166] "viridisLite"  "waldo"        "warbleR"      "whisker"      "withr"       
[171] "xfun"         "xml2"         "xopen"        "xtable"       "yaml"        
[176] "zip"          "zoo"         
Cleanup
# packages in environment at /home/znmeb/mambaforge/envs/r-reticulate:
#
# Name                    Version                   Build  Channel
_openmp_mutex             4.5                       2_gnu    conda-forge
_r-mutex                  1.0.1               anacondar_1    conda-forge
anyio                     3.5.0            py38h2063c64_0    conda-forge
argon2-cffi               21.3.0             pyhd8ed1ab_0    conda-forge
argon2-cffi-bindings      21.2.0           py38hdacc76a_2    conda-forge
asttokens                 2.0.5              pyhd8ed1ab_0    conda-forge
attrs                     21.4.0             pyhd8ed1ab_0    conda-forge
babel                     2.10.1             pyhd8ed1ab_0    conda-forge
backcall                  0.2.0              pyh9f0ad1d_0    conda-forge
backports                 1.0                        py_2    conda-forge
backports.functools_lru_cache 1.6.4              pyhd8ed1ab_0    conda-forge
beautifulsoup4            4.11.1             pyha770c72_0    conda-forge
binutils_impl_linux-aarch64 2.36.1               h026399b_2    conda-forge
binutils_linux-aarch64    2.36                 h7854541_9    conda-forge
bleach                    5.0.0              pyhd8ed1ab_0    conda-forge
brotli                    1.0.9                h4e544f5_7    conda-forge
brotli-bin                1.0.9                h4e544f5_7    conda-forge
brotlipy                  0.7.0           py38hdacc76a_1004    conda-forge
bwidget                   1.9.14               h8af1aa0_1    conda-forge
bzip2                     1.0.8                hf897c2e_4    conda-forge
c-ares                    1.18.1               hf897c2e_0    conda-forge
ca-certificates           2021.10.8            h4fd8a4c_0    conda-forge
cairo                     1.16.0            hd19fb6e_1011    conda-forge
certifi                   2021.10.8        py38he3eb160_2    conda-forge
cffi                      1.15.0           py38hc42474b_0    conda-forge
charset-normalizer        2.0.12             pyhd8ed1ab_0    conda-forge
cmake                     3.23.1               hcad14f8_0    conda-forge
cryptography              36.0.2           py38h4672ff4_1    conda-forge
cupy                      10.4.0                   pypi_0    pypi
curl                      7.83.0               h8fd98b7_0    conda-forge
cusignal                  22.4.0+0.g06f58b4.dirty          pypi_0    pypi
cycler                    0.11.0             pyhd8ed1ab_0    conda-forge
cython                    0.29.28          py38h5f8a8d0_2    conda-forge
debugpy                   1.6.0            py38h5f8a8d0_0    conda-forge
decorator                 5.1.1              pyhd8ed1ab_0    conda-forge
defusedxml                0.7.1              pyhd8ed1ab_0    conda-forge
entrypoints               0.4                pyhd8ed1ab_0    conda-forge
executing                 0.8.3              pyhd8ed1ab_0    conda-forge
expat                     2.4.8                ha18d298_0    conda-forge
fastrlock                 0.8                      pypi_0    pypi
fftw                      3.3.10          nompi_h92e7866_102    conda-forge
flit-core                 3.7.1              pyhd8ed1ab_0    conda-forge
font-ttf-dejavu-sans-mono 2.37                 hab24e00_0    conda-forge
font-ttf-inconsolata      3.000                h77eed37_0    conda-forge
font-ttf-source-code-pro  2.038                h77eed37_0    conda-forge
font-ttf-ubuntu           0.83                 hab24e00_0    conda-forge
fontconfig                2.14.0               h856ede2_0    conda-forge
fonts-conda-ecosystem     1                             0    conda-forge
fonts-conda-forge         1                             0    conda-forge
fonttools                 4.33.3           py38hdacc76a_0    conda-forge
freetype                  2.10.4               hdf53a3c_1    conda-forge
fribidi                   1.0.10               hb9de7d4_0    conda-forge
gcc_impl_linux-aarch64    10.3.0              ha07e0e6_16    conda-forge
gcc_linux-aarch64         10.3.0               h4e3e293_9    conda-forge
gettext                   0.19.8.1          h6edf1e2_1008    conda-forge
gfortran_impl_linux-aarch64 10.3.0              h209a052_16    conda-forge
gfortran_linux-aarch64    10.3.0               he65f139_9    conda-forge
giflib                    5.2.1                hb9de7d4_2    conda-forge
gmp                       6.2.1                h7fd3ca4_0    conda-forge
gmpy2                     2.1.2            py38h80d68c0_0    conda-forge
graphite2                 1.3.13            h7fd3ca4_1001    conda-forge
gsl                       2.7                  h294027d_0    conda-forge
gxx_impl_linux-aarch64    10.3.0              ha07e0e6_16    conda-forge
gxx_linux-aarch64         10.3.0               h72ff769_9    conda-forge
harfbuzz                  4.2.1                hbf849d3_0    conda-forge
icu                       70.1                 ha18d298_0    conda-forge
idna                      3.3                pyhd8ed1ab_0    conda-forge
importlib-metadata        4.11.3           py38h2063c64_1    conda-forge
importlib_metadata        4.11.3               hd8ed1ab_1    conda-forge
importlib_resources       5.7.1              pyhd8ed1ab_0    conda-forge
ipykernel                 6.13.0           py38hd6ddd68_0    conda-forge
ipython                   8.3.0            py38he3eb160_0    conda-forge
ipython_genutils          0.2.0                      py_1    conda-forge
jbig                      2.1               hf897c2e_2003    conda-forge
jedi                      0.18.1           py38h2063c64_1    conda-forge
jinja2                    3.1.2              pyhd8ed1ab_0    conda-forge
joblib                    1.1.0              pyhd8ed1ab_0    conda-forge
jpeg                      9e                   h9cdd2b7_1    conda-forge
json5                     0.9.5              pyh9f0ad1d_0    conda-forge
jsonschema                4.5.1              pyhd8ed1ab_0    conda-forge
jupyter_client            7.3.0              pyhd8ed1ab_0    conda-forge
jupyter_core              4.9.2            py38he3eb160_0    conda-forge
jupyter_server            1.13.1             pyhd8ed1ab_0    conda-forge
jupyterlab                3.3.4              pyhd8ed1ab_0    conda-forge
jupyterlab_pygments       0.2.2              pyhd8ed1ab_0    conda-forge
jupyterlab_server         2.13.0             pyhd8ed1ab_1    conda-forge
kernel-headers_linux-aarch64 4.18.0              h5b4a56d_13    conda-forge
keyutils                  1.6.1                h4e544f5_0    conda-forge
kiwisolver                1.4.2            py38hbcd4e1f_0    conda-forge
krb5                      1.19.3               h7c456eb_0    conda-forge
lcms2                     2.12                 h012adcb_0    conda-forge
ld_impl_linux-aarch64     2.36.1               h02ad14f_2    conda-forge
lerc                      3.0                  h01db608_0    conda-forge
libblas                   3.9.0           14_linuxaarch64_openblas    conda-forge
libbrotlicommon           1.0.9                h4e544f5_7    conda-forge
libbrotlidec              1.0.9                h4e544f5_7    conda-forge
libbrotlienc              1.0.9                h4e544f5_7    conda-forge
libcblas                  3.9.0           14_linuxaarch64_openblas    conda-forge
libcurl                   7.83.0               h8fd98b7_0    conda-forge
libdeflate                1.10                 hf897c2e_0    conda-forge
libedit                   3.1.20191231         he28a2e2_2    conda-forge
libev                     4.33                 h516909a_1    conda-forge
libffi                    3.4.2                h3557bc0_5    conda-forge
libflac                   1.3.4                h4de3ea5_0    conda-forge
libgcc-devel_linux-aarch64 10.3.0              h8e480ec_16    conda-forge
libgcc-ng                 11.2.0              hf1cc4e7_16    conda-forge
libgfortran-ng            11.2.0              he9431aa_16    conda-forge
libgfortran5              11.2.0              h440fb59_16    conda-forge
libgit2                   1.4.3                he9ce915_0    conda-forge
libglib                   2.70.2               hde3fb6c_4    conda-forge
libgomp                   11.2.0              hf1cc4e7_16    conda-forge
libiconv                  1.16                 h6dd45c4_0    conda-forge
liblapack                 3.9.0           14_linuxaarch64_openblas    conda-forge
libllvm10                 10.0.1               he513fc3_3    conda-forge
libnghttp2                1.47.0               h75cb1c7_0    conda-forge
libnsl                    2.0.0                hf897c2e_0    conda-forge
libogg                    1.3.4                h3557bc0_1    conda-forge
libopenblas               0.3.20          pthreads_h6cb6f83_0    conda-forge
libpng                    1.6.37               hbd635b3_2    conda-forge
libsanitizer              10.3.0              h971684a_16    conda-forge
libsodium                 1.0.18               hb9de7d4_1    conda-forge
libssh2                   1.10.0               h1ab2c7b_2    conda-forge
libstdcxx-devel_linux-aarch64 10.3.0              h8e480ec_16    conda-forge
libstdcxx-ng              11.2.0              h0d0a5bb_16    conda-forge
libtiff                   4.3.0                hdea21e4_3    conda-forge
libuuid                   2.32.1            hf897c2e_1000    conda-forge
libuv                     1.43.0               hf897c2e_0    conda-forge
libwebp                   1.2.2                h21830e5_0    conda-forge
libwebp-base              1.2.2                hf897c2e_1    conda-forge
libxcb                    1.13              h3557bc0_1004    conda-forge
libxml2                   2.9.14               h370961a_0    conda-forge
libzlib                   1.2.11            h4e544f5_1014    conda-forge
llvmlite                  0.36.0           py38h68ca503_0    conda-forge
lz4-c                     1.9.3                h01db608_1    conda-forge
make                      4.3                  h309ac5b_1    conda-forge
markupsafe                2.1.1            py38h81aae68_1    conda-forge
matplotlib                3.5.2            py38h2063c64_0    conda-forge
matplotlib-base           3.5.2            py38h7bc7617_0    conda-forge
matplotlib-inline         0.1.3              pyhd8ed1ab_0    conda-forge
mistune                   0.8.4           py38h9544abe_1005    conda-forge
mpc                       1.2.1                h846f343_0    conda-forge
mpfr                      4.1.0                h719063d_1    conda-forge
mpmath                    1.2.1              pyhd8ed1ab_0    conda-forge
munkres                   1.1.4              pyh9f0ad1d_0    conda-forge
nbclassic                 0.3.7              pyhd8ed1ab_0    conda-forge
nbclient                  0.6.2              pyhd8ed1ab_0    conda-forge
nbconvert                 6.5.0              pyhd8ed1ab_0    conda-forge
nbconvert-core            6.5.0              pyhd8ed1ab_0    conda-forge
nbconvert-pandoc          6.5.0              pyhd8ed1ab_0    conda-forge
nbformat                  5.4.0              pyhd8ed1ab_0    conda-forge
ncurses                   6.3                  headf329_1    conda-forge
nest-asyncio              1.5.5              pyhd8ed1ab_0    conda-forge
ninja                     1.10.2               hd62202e_1    conda-forge
notebook                  6.4.11             pyha770c72_0    conda-forge
notebook-shim             0.1.0              pyhd8ed1ab_0    conda-forge
numba                     0.53.1           py38h887e8e3_1    conda-forge
numpy                     1.22.3           py38h9138613_2    conda-forge
openjpeg                  2.4.0                h45037e0_1    conda-forge
openssl                   1.1.1o               h4e544f5_0    conda-forge
packaging                 21.3               pyhd8ed1ab_0    conda-forge
pandas                    1.4.2            py38h2fe58aa_1    conda-forge
pandoc                    2.18                 h8af1aa0_0    conda-forge
pandocfilters             1.5.0              pyhd8ed1ab_0    conda-forge
pango                     1.50.7               h6d71842_0    conda-forge
parso                     0.8.3              pyhd8ed1ab_0    conda-forge
pcre                      8.45                 h01db608_0    conda-forge
pcre2                     10.37                h73360fb_0    conda-forge
pexpect                   4.8.0              pyh9f0ad1d_2    conda-forge
pickleshare               0.7.5                   py_1003    conda-forge
pillow                    9.1.0            py38h3870bda_2    conda-forge
pip                       22.0.4             pyhd8ed1ab_0    conda-forge
pixman                    0.40.0               hb9de7d4_0    conda-forge
pkg-config                0.29.2            hb9de7d4_1008    conda-forge
prometheus_client         0.14.1             pyhd8ed1ab_0    conda-forge
prompt-toolkit            3.0.29             pyha770c72_0    conda-forge
psutil                    5.9.0            py38hdacc76a_1    conda-forge
pthread-stubs             0.4               hb9de7d4_1001    conda-forge
ptyprocess                0.7.0              pyhd3deb0d_0    conda-forge
pure_eval                 0.2.2              pyhd8ed1ab_0    conda-forge
pycparser                 2.21               pyhd8ed1ab_0    conda-forge
pygments                  2.12.0             pyhd8ed1ab_0    conda-forge
pyopenssl                 22.0.0             pyhd8ed1ab_0    conda-forge
pyparsing                 3.0.8              pyhd8ed1ab_0    conda-forge
pyrsistent                0.18.1           py38h81aae68_1    conda-forge
pysocks                   1.7.1            py38h2063c64_5    conda-forge
python                    3.8.13          h023d47c_0_cpython    conda-forge
python-dateutil           2.8.2              pyhd8ed1ab_0    conda-forge
python-fastjsonschema     2.15.3             pyhd8ed1ab_0    conda-forge
python_abi                3.8                      2_cp38    conda-forge
pytz                      2022.1             pyhd8ed1ab_0    conda-forge
pyzmq                     22.3.0           py38h891b4b0_2    conda-forge
r-base                    4.1.3                hd6ebe66_1    conda-forge
readline                  8.1                  h1a49cc3_0    conda-forge
requests                  2.27.1             pyhd8ed1ab_0    conda-forge
rhash                     1.4.1                hf897c2e_0    conda-forge
scikit-learn              1.0.2            py38h976db20_0    conda-forge
scipy                     1.8.0            py38h79f4abc_1    conda-forge
sed                       4.8                  ha0d5d3d_0    conda-forge
send2trash                1.8.0              pyhd8ed1ab_0    conda-forge
setuptools                62.1.0           py38h2063c64_0    conda-forge
six                       1.16.0             pyh6c4a22f_0    conda-forge
sniffio                   1.2.0            py38he3eb160_3    conda-forge
soupsieve                 2.3.1              pyhd8ed1ab_0    conda-forge
sqlite                    3.38.5               hc74f5b8_0    conda-forge
stack_data                0.2.0              pyhd8ed1ab_0    conda-forge
sympy                     1.10.1           py38he3eb160_0    conda-forge
sysroot_linux-aarch64     2.17                h43d7e78_13    conda-forge
terminado                 0.13.3           py38h2063c64_1    conda-forge
threadpoolctl             3.1.0              pyh8a188c0_0    conda-forge
tinycss2                  1.1.1              pyhd8ed1ab_0    conda-forge
tk                        8.6.12               hd8af866_0    conda-forge
tktable                   2.10                 hcd05d48_3    conda-forge
torch                     1.11.0                   pypi_0    pypi
torchaudio                0.11.0+820b383           pypi_0    pypi
tornado                   6.1              py38h81aae68_3    conda-forge
traitlets                 5.1.1              pyhd8ed1ab_0    conda-forge
typing-extensions         4.2.0                    pypi_0    pypi
unicodedata2              14.0.0           py38hdacc76a_1    conda-forge
urllib3                   1.26.9             pyhd8ed1ab_0    conda-forge
wcwidth                   0.2.5              pyh9f0ad1d_2    conda-forge
webencodings              0.5.1                      py_1    conda-forge
websocket-client          1.3.2              pyhd8ed1ab_0    conda-forge
wheel                     0.37.1             pyhd8ed1ab_0    conda-forge
xorg-kbproto              1.0.7             h3557bc0_1002    conda-forge
xorg-libice               1.0.10               h3557bc0_0    conda-forge
xorg-libsm                1.2.3             h965e137_1000    conda-forge
xorg-libx11               1.7.2                h3557bc0_0    conda-forge
xorg-libxau               1.0.9                h3557bc0_0    conda-forge
xorg-libxdmcp             1.1.3                h3557bc0_0    conda-forge
xorg-libxext              1.3.4                h3557bc0_1    conda-forge
xorg-libxrender           0.9.10            h3557bc0_1003    conda-forge
xorg-libxt                1.2.1                h3557bc0_2    conda-forge
xorg-renderproto          0.11.1            h3557bc0_1002    conda-forge
xorg-xextproto            7.3.0             h3557bc0_1002    conda-forge
xorg-xproto               7.0.31            h3557bc0_1007    conda-forge
xz                        5.2.5                h6dd45c4_1    conda-forge
zeromq                    4.3.4                h01db608_1    conda-forge
zipp                      3.8.0              pyhd8ed1ab_0    conda-forge
zlib                      1.2.11            h4e544f5_1014    conda-forge
zstd                      1.5.2                h41fb7a4_0    conda-forge

                  __    __    __    __
                 /  \  /  \  /  \  /  \
                /    \/    \/    \/    \
███████████████/  /██/  /██/  /██/  /████████████████████████
              /  / \   / \   / \   / \  \____
             /  /   \_/   \_/   \_/   \    o \__,
            / _/                       \_____/  `
            |/
        ███╗   ███╗ █████╗ ███╗   ███╗██████╗  █████╗
        ████╗ ████║██╔══██╗████╗ ████║██╔══██╗██╔══██╗
        ██╔████╔██║███████║██╔████╔██║██████╔╝███████║
        ██║╚██╔╝██║██╔══██║██║╚██╔╝██║██╔══██╗██╔══██║
        ██║ ╚═╝ ██║██║  ██║██║ ╚═╝ ██║██████╔╝██║  ██║
        ╚═╝     ╚═╝╚═╝  ╚═╝╚═╝     ╚═╝╚═════╝ ╚═╝  ╚═╝

        mamba (0.23.0) supported by @QuantStack

        GitHub:  https://github.com/mamba-org/mamba
        Twitter: https://twitter.com/QuantStack

█████████████████████████████████████████████████████████████

Cache location: /home/znmeb/mambaforge/pkgs
Will remove the following tarballs:

/home/znmeb/mambaforge/pkgs
---------------------------
libflac-1.3.4-h4de3ea5_0.tar.bz2             470 KB
libgit2-1.4.3-he9ce915_0.tar.bz2             770 KB
libogg-1.3.4-h3557bc0_1.tar.bz2              209 KB
fftw-3.3.10-nompi_h92e7866_102.tar.bz2       6.0 MB

---------------------------------------------------
Total:                                       7.4 MB

Removed libflac-1.3.4-h4de3ea5_0.tar.bz2
Removed libgit2-1.4.3-he9ce915_0.tar.bz2
Removed libogg-1.3.4-h3557bc0_1.tar.bz2
Removed fftw-3.3.10-nompi_h92e7866_102.tar.bz2
Finished
