Activating r-reticulate
cusignal build required - deactivating r-reticulate
Removing previous 'cusignal'
Cloning cuSignal source
Cloning into '/home/znmeb/Projects/AlgoCompSynth-One/JetPack5/Projects/cusignal'...
Checking out version v23.08.00
Note: switching to 'v23.08.00'.

You are in 'detached HEAD' state. You can look around, make experimental
changes and commit them, and you can discard any commits you make in this
state without impacting any branches by switching back to a branch.

If you want to create a new branch to retain commits you create, you may
do so (now or later) by using -c with the switch command. Example:

  git switch -c <new-branch-name>

Or undo this operation with:

  git switch -

Turn off this advice by setting config variable advice.detachedHead to false

HEAD is now at 42d12fd REL v23.08.00 release
Patching environment file for Python version 3.8
Creating fresh cusignal-dev environment
Preparing transaction: ...working... done
Verifying transaction: ...working... done
Executing transaction: ...working... done
Installing pip dependencies: ...working... done
45.74user 13.01system 0:55.15elapsed 106%CPU (0avgtext+0avgdata 320360maxresident)k
64312inputs+971120outputs (17major+255475minor)pagefaults 0swaps
Activating cusignal-dev
Building cuSignal wheel
Building for the architecture of the GPU in the system...
Unable to determine GPU(s) installed...
Building for *ALL* supported GPU architectures...
	 including: CUDA 11.1+ - {50,52,53,60,61,62,70,72,75,80,86}
Building Convolution kernels...
nvcc --fatbin -t 0 -std=c++17 --generate-code arch=compute_50,code=sm_50         --generate-code arch=compute_50,code=sm_52         --generate-code arch=compute_53,code=sm_53         --generate-code arch=compute_60,code=sm_60         --generate-code arch=compute_61,code=sm_61         --generate-code arch=compute_62,code=sm_62         --generate-code arch=compute_70,code=sm_70         --generate-code arch=compute_72,code=sm_72 --generate-code arch=compute_75,code=sm_75 --generate-code arch=compute_80,code=sm_80                 --generate-code arch=compute_86,code=[sm_86,compute_86] cpp/src/convolution/_convolution.cu -odir python/cusignal/convolution/
Building Filtering kernels...
nvcc --fatbin -t 0 -std=c++17 --generate-code arch=compute_50,code=sm_50         --generate-code arch=compute_50,code=sm_52         --generate-code arch=compute_53,code=sm_53         --generate-code arch=compute_60,code=sm_60         --generate-code arch=compute_61,code=sm_61         --generate-code arch=compute_62,code=sm_62         --generate-code arch=compute_70,code=sm_70         --generate-code arch=compute_72,code=sm_72 --generate-code arch=compute_75,code=sm_75 --generate-code arch=compute_80,code=sm_80                 --generate-code arch=compute_86,code=[sm_86,compute_86] cpp/src/filtering/_upfirdn.cu -odir python/cusignal/filtering/
nvcc --fatbin -t 0 -std=c++17 --generate-code arch=compute_50,code=sm_50         --generate-code arch=compute_50,code=sm_52         --generate-code arch=compute_53,code=sm_53         --generate-code arch=compute_60,code=sm_60         --generate-code arch=compute_61,code=sm_61         --generate-code arch=compute_62,code=sm_62         --generate-code arch=compute_70,code=sm_70         --generate-code arch=compute_72,code=sm_72 --generate-code arch=compute_75,code=sm_75 --generate-code arch=compute_80,code=sm_80                 --generate-code arch=compute_86,code=[sm_86,compute_86] cpp/src/filtering/_sosfilt.cu -odir python/cusignal/filtering/
nvcc --fatbin -t 0 -std=c++17 --generate-code arch=compute_50,code=sm_50         --generate-code arch=compute_50,code=sm_52         --generate-code arch=compute_53,code=sm_53         --generate-code arch=compute_60,code=sm_60         --generate-code arch=compute_61,code=sm_61         --generate-code arch=compute_62,code=sm_62         --generate-code arch=compute_70,code=sm_70         --generate-code arch=compute_72,code=sm_72 --generate-code arch=compute_75,code=sm_75 --generate-code arch=compute_80,code=sm_80                 --generate-code arch=compute_86,code=[sm_86,compute_86] cpp/src/filtering/_channelizer.cu -odir python/cusignal/filtering/
nvcc warning : The 'compute_35', 'compute_37', 'compute_50', 'sm_35', 'sm_37' and 'sm_50' architectures are deprecated, and may be removed in a future release (Use -Wno-deprecated-gpu-targets to suppress warning).
Building IO kernels...
nvcc --fatbin -t 0 -std=c++17 --generate-code arch=compute_50,code=sm_50         --generate-code arch=compute_50,code=sm_52         --generate-code arch=compute_53,code=sm_53         --generate-code arch=compute_60,code=sm_60         --generate-code arch=compute_61,code=sm_61         --generate-code arch=compute_62,code=sm_62         --generate-code arch=compute_70,code=sm_70         --generate-code arch=compute_72,code=sm_72 --generate-code arch=compute_75,code=sm_75 --generate-code arch=compute_80,code=sm_80                 --generate-code arch=compute_86,code=[sm_86,compute_86] cpp/src/io/_reader.cu -odir python/cusignal/io/
nvcc warning : The 'compute_35', 'compute_37', 'compute_50', 'sm_35', 'sm_37' and 'sm_50' architectures are deprecated, and may be removed in a future release (Use -Wno-deprecated-gpu-targets to suppress warning).
nvcc --fatbin -t 0 -std=c++17 --generate-code arch=compute_50,code=sm_50         --generate-code arch=compute_50,code=sm_52         --generate-code arch=compute_53,code=sm_53         --generate-code arch=compute_60,code=sm_60         --generate-code arch=compute_61,code=sm_61         --generate-code arch=compute_62,code=sm_62         --generate-code arch=compute_70,code=sm_70         --generate-code arch=compute_72,code=sm_72 --generate-code arch=compute_75,code=sm_75 --generate-code arch=compute_80,code=sm_80                 --generate-code arch=compute_86,code=[sm_86,compute_86] cpp/src/io/_writer.cu -odir python/cusignal/io/
nvcc warning : The 'compute_35', 'compute_37', 'compute_50', 'sm_35', 'sm_37' and 'sm_50' architectures are deprecated, and may be removed in a future release (Use -Wno-deprecated-gpu-targets to suppress warning).
Building Peak Finding kernels...
nvcc warning : The 'compute_35', 'compute_37', 'compute_50', 'sm_35', 'sm_37' and 'sm_50' architectures are deprecated, and may be removed in a future release (Use -Wno-deprecated-gpu-targets to suppress warning).
nvcc --fatbin -t 0 -std=c++17 --generate-code arch=compute_50,code=sm_50         --generate-code arch=compute_50,code=sm_52         --generate-code arch=compute_53,code=sm_53         --generate-code arch=compute_60,code=sm_60         --generate-code arch=compute_61,code=sm_61         --generate-code arch=compute_62,code=sm_62         --generate-code arch=compute_70,code=sm_70         --generate-code arch=compute_72,code=sm_72 --generate-code arch=compute_75,code=sm_75 --generate-code arch=compute_80,code=sm_80                 --generate-code arch=compute_86,code=[sm_86,compute_86] cpp/src/peak_finding/_peak_finding.cu -odir python/cusignal/peak_finding/
Building Spectral kernels...
nvcc warning : The 'compute_35', 'compute_37', 'compute_50', 'sm_35', 'sm_37' and 'sm_50' architectures are deprecated, and may be removed in a future release (Use -Wno-deprecated-gpu-targets to suppress warning).
nvcc warning : The 'compute_35', 'compute_37', 'compute_50', 'sm_35', 'sm_37' and 'sm_50' architectures are deprecated, and may be removed in a future release (Use -Wno-deprecated-gpu-targets to suppress warning).
nvcc --fatbin -t 0 -std=c++17 --generate-code arch=compute_50,code=sm_50         --generate-code arch=compute_50,code=sm_52         --generate-code arch=compute_53,code=sm_53         --generate-code arch=compute_60,code=sm_60         --generate-code arch=compute_61,code=sm_61         --generate-code arch=compute_62,code=sm_62         --generate-code arch=compute_70,code=sm_70         --generate-code arch=compute_72,code=sm_72 --generate-code arch=compute_75,code=sm_75 --generate-code arch=compute_80,code=sm_80                 --generate-code arch=compute_86,code=[sm_86,compute_86] cpp/src/spectral_analysis/_spectral.cu -odir python/cusignal/spectral_analysis/
nvcc warning : The 'compute_35', 'compute_37', 'compute_50', 'sm_35', 'sm_37' and 'sm_50' architectures are deprecated, and may be removed in a future release (Use -Wno-deprecated-gpu-targets to suppress warning).
nvcc warning : The 'compute_35', 'compute_37', 'compute_50', 'sm_35', 'sm_37' and 'sm_50' architectures are deprecated, and may be removed in a future release (Use -Wno-deprecated-gpu-targets to suppress warning).
running bdist_wheel
running build
running build_py
creating build
creating build/lib
creating build/lib/cusignal
copying cusignal/__init__.py -> build/lib/cusignal
copying cusignal/_version.py -> build/lib/cusignal
creating build/lib/cusignal/windows
copying cusignal/windows/__init__.py -> build/lib/cusignal/windows
copying cusignal/windows/windows.py -> build/lib/cusignal/windows
creating build/lib/cusignal/utils
copying cusignal/utils/_caches.py -> build/lib/cusignal/utils
copying cusignal/utils/arraytools.py -> build/lib/cusignal/utils
copying cusignal/utils/__init__.py -> build/lib/cusignal/utils
copying cusignal/utils/fftpack_helper.py -> build/lib/cusignal/utils
copying cusignal/utils/helper_tools.py -> build/lib/cusignal/utils
creating build/lib/cusignal/waveforms
copying cusignal/waveforms/waveforms.py -> build/lib/cusignal/waveforms
copying cusignal/waveforms/__init__.py -> build/lib/cusignal/waveforms
creating build/lib/cusignal/peak_finding
copying cusignal/peak_finding/peak_finding.py -> build/lib/cusignal/peak_finding
copying cusignal/peak_finding/__init__.py -> build/lib/cusignal/peak_finding
copying cusignal/peak_finding/_peak_finding_cuda.py -> build/lib/cusignal/peak_finding
creating build/lib/cusignal/acoustics
copying cusignal/acoustics/__init__.py -> build/lib/cusignal/acoustics
copying cusignal/acoustics/cepstrum.py -> build/lib/cusignal/acoustics
creating build/lib/cusignal/demod
copying cusignal/demod/demod.py -> build/lib/cusignal/demod
copying cusignal/demod/__init__.py -> build/lib/cusignal/demod
creating build/lib/cusignal/filtering
copying cusignal/filtering/_sosfilt_cuda.py -> build/lib/cusignal/filtering
copying cusignal/filtering/filtering.py -> build/lib/cusignal/filtering
copying cusignal/filtering/_upfirdn_cuda.py -> build/lib/cusignal/filtering
copying cusignal/filtering/__init__.py -> build/lib/cusignal/filtering
copying cusignal/filtering/_channelizer_cuda.py -> build/lib/cusignal/filtering
copying cusignal/filtering/resample.py -> build/lib/cusignal/filtering
creating build/lib/cusignal/estimation
copying cusignal/estimation/filters.py -> build/lib/cusignal/estimation
copying cusignal/estimation/_filters_cuda.py -> build/lib/cusignal/estimation
copying cusignal/estimation/__init__.py -> build/lib/cusignal/estimation
creating build/lib/cusignal/spectral_analysis
copying cusignal/spectral_analysis/_spectral_cuda.py -> build/lib/cusignal/spectral_analysis
copying cusignal/spectral_analysis/spectral.py -> build/lib/cusignal/spectral_analysis
copying cusignal/spectral_analysis/__init__.py -> build/lib/cusignal/spectral_analysis
creating build/lib/cusignal/filter_design
copying cusignal/filter_design/filter_design_utils.py -> build/lib/cusignal/filter_design
copying cusignal/filter_design/__init__.py -> build/lib/cusignal/filter_design
copying cusignal/filter_design/fir_filter_design.py -> build/lib/cusignal/filter_design
creating build/lib/cusignal/testing
copying cusignal/testing/utils.py -> build/lib/cusignal/testing
copying cusignal/testing/__init__.py -> build/lib/cusignal/testing
creating build/lib/cusignal/bsplines
copying cusignal/bsplines/__init__.py -> build/lib/cusignal/bsplines
copying cusignal/bsplines/bsplines.py -> build/lib/cusignal/bsplines
creating build/lib/cusignal/convolution
copying cusignal/convolution/correlate.py -> build/lib/cusignal/convolution
copying cusignal/convolution/__init__.py -> build/lib/cusignal/convolution
copying cusignal/convolution/convolution_utils.py -> build/lib/cusignal/convolution
copying cusignal/convolution/convolve.py -> build/lib/cusignal/convolution
copying cusignal/convolution/_convolution_cuda.py -> build/lib/cusignal/convolution
creating build/lib/cusignal/io
copying cusignal/io/_writer_cuda.py -> build/lib/cusignal/io
copying cusignal/io/writer.py -> build/lib/cusignal/io
copying cusignal/io/_reader_cuda.py -> build/lib/cusignal/io
copying cusignal/io/reader.py -> build/lib/cusignal/io
copying cusignal/io/__init__.py -> build/lib/cusignal/io
creating build/lib/cusignal/radartools
copying cusignal/radartools/beamformers.py -> build/lib/cusignal/radartools
copying cusignal/radartools/__init__.py -> build/lib/cusignal/radartools
copying cusignal/radartools/radartools.py -> build/lib/cusignal/radartools
creating build/lib/cusignal/wavelets
copying cusignal/wavelets/wavelets.py -> build/lib/cusignal/wavelets
copying cusignal/wavelets/__init__.py -> build/lib/cusignal/wavelets
copying cusignal/peak_finding/_peak_finding.fatbin -> build/lib/cusignal/peak_finding
copying cusignal/filtering/_sosfilt.fatbin -> build/lib/cusignal/filtering
copying cusignal/filtering/_upfirdn.fatbin -> build/lib/cusignal/filtering
copying cusignal/filtering/_channelizer.fatbin -> build/lib/cusignal/filtering
copying cusignal/spectral_analysis/_spectral.fatbin -> build/lib/cusignal/spectral_analysis
copying cusignal/convolution/_convolution.fatbin -> build/lib/cusignal/convolution
copying cusignal/io/_reader.fatbin -> build/lib/cusignal/io
copying cusignal/io/_writer.fatbin -> build/lib/cusignal/io
UPDATING build/lib/cusignal/_version.py
set build/lib/cusignal/_version.py to '23.08.00+0.g42d12fd.dirty'
installing to build/bdist.linux-aarch64/wheel
running install
running install_lib
creating build/bdist.linux-aarch64
creating build/bdist.linux-aarch64/wheel
creating build/bdist.linux-aarch64/wheel/cusignal
creating build/bdist.linux-aarch64/wheel/cusignal/windows
copying build/lib/cusignal/windows/__init__.py -> build/bdist.linux-aarch64/wheel/cusignal/windows
copying build/lib/cusignal/windows/windows.py -> build/bdist.linux-aarch64/wheel/cusignal/windows
creating build/bdist.linux-aarch64/wheel/cusignal/utils
copying build/lib/cusignal/utils/_caches.py -> build/bdist.linux-aarch64/wheel/cusignal/utils
copying build/lib/cusignal/utils/arraytools.py -> build/bdist.linux-aarch64/wheel/cusignal/utils
copying build/lib/cusignal/utils/__init__.py -> build/bdist.linux-aarch64/wheel/cusignal/utils
copying build/lib/cusignal/utils/fftpack_helper.py -> build/bdist.linux-aarch64/wheel/cusignal/utils
copying build/lib/cusignal/utils/helper_tools.py -> build/bdist.linux-aarch64/wheel/cusignal/utils
creating build/bdist.linux-aarch64/wheel/cusignal/waveforms
copying build/lib/cusignal/waveforms/waveforms.py -> build/bdist.linux-aarch64/wheel/cusignal/waveforms
copying build/lib/cusignal/waveforms/__init__.py -> build/bdist.linux-aarch64/wheel/cusignal/waveforms
creating build/bdist.linux-aarch64/wheel/cusignal/peak_finding
copying build/lib/cusignal/peak_finding/_peak_finding.fatbin -> build/bdist.linux-aarch64/wheel/cusignal/peak_finding
copying build/lib/cusignal/peak_finding/peak_finding.py -> build/bdist.linux-aarch64/wheel/cusignal/peak_finding
copying build/lib/cusignal/peak_finding/__init__.py -> build/bdist.linux-aarch64/wheel/cusignal/peak_finding
copying build/lib/cusignal/peak_finding/_peak_finding_cuda.py -> build/bdist.linux-aarch64/wheel/cusignal/peak_finding
creating build/bdist.linux-aarch64/wheel/cusignal/acoustics
copying build/lib/cusignal/acoustics/__init__.py -> build/bdist.linux-aarch64/wheel/cusignal/acoustics
copying build/lib/cusignal/acoustics/cepstrum.py -> build/bdist.linux-aarch64/wheel/cusignal/acoustics
creating build/bdist.linux-aarch64/wheel/cusignal/demod
copying build/lib/cusignal/demod/demod.py -> build/bdist.linux-aarch64/wheel/cusignal/demod
copying build/lib/cusignal/demod/__init__.py -> build/bdist.linux-aarch64/wheel/cusignal/demod
creating build/bdist.linux-aarch64/wheel/cusignal/filtering
copying build/lib/cusignal/filtering/_sosfilt_cuda.py -> build/bdist.linux-aarch64/wheel/cusignal/filtering
copying build/lib/cusignal/filtering/_sosfilt.fatbin -> build/bdist.linux-aarch64/wheel/cusignal/filtering
copying build/lib/cusignal/filtering/filtering.py -> build/bdist.linux-aarch64/wheel/cusignal/filtering
copying build/lib/cusignal/filtering/_upfirdn_cuda.py -> build/bdist.linux-aarch64/wheel/cusignal/filtering
copying build/lib/cusignal/filtering/_upfirdn.fatbin -> build/bdist.linux-aarch64/wheel/cusignal/filtering
copying build/lib/cusignal/filtering/__init__.py -> build/bdist.linux-aarch64/wheel/cusignal/filtering
copying build/lib/cusignal/filtering/_channelizer_cuda.py -> build/bdist.linux-aarch64/wheel/cusignal/filtering
copying build/lib/cusignal/filtering/resample.py -> build/bdist.linux-aarch64/wheel/cusignal/filtering
copying build/lib/cusignal/filtering/_channelizer.fatbin -> build/bdist.linux-aarch64/wheel/cusignal/filtering
creating build/bdist.linux-aarch64/wheel/cusignal/estimation
copying build/lib/cusignal/estimation/filters.py -> build/bdist.linux-aarch64/wheel/cusignal/estimation
copying build/lib/cusignal/estimation/_filters_cuda.py -> build/bdist.linux-aarch64/wheel/cusignal/estimation
copying build/lib/cusignal/estimation/__init__.py -> build/bdist.linux-aarch64/wheel/cusignal/estimation
creating build/bdist.linux-aarch64/wheel/cusignal/spectral_analysis
copying build/lib/cusignal/spectral_analysis/_spectral.fatbin -> build/bdist.linux-aarch64/wheel/cusignal/spectral_analysis
copying build/lib/cusignal/spectral_analysis/_spectral_cuda.py -> build/bdist.linux-aarch64/wheel/cusignal/spectral_analysis
copying build/lib/cusignal/spectral_analysis/spectral.py -> build/bdist.linux-aarch64/wheel/cusignal/spectral_analysis
copying build/lib/cusignal/spectral_analysis/__init__.py -> build/bdist.linux-aarch64/wheel/cusignal/spectral_analysis
creating build/bdist.linux-aarch64/wheel/cusignal/filter_design
copying build/lib/cusignal/filter_design/filter_design_utils.py -> build/bdist.linux-aarch64/wheel/cusignal/filter_design
copying build/lib/cusignal/filter_design/__init__.py -> build/bdist.linux-aarch64/wheel/cusignal/filter_design
copying build/lib/cusignal/filter_design/fir_filter_design.py -> build/bdist.linux-aarch64/wheel/cusignal/filter_design
creating build/bdist.linux-aarch64/wheel/cusignal/testing
copying build/lib/cusignal/testing/utils.py -> build/bdist.linux-aarch64/wheel/cusignal/testing
copying build/lib/cusignal/testing/__init__.py -> build/bdist.linux-aarch64/wheel/cusignal/testing
creating build/bdist.linux-aarch64/wheel/cusignal/bsplines
copying build/lib/cusignal/bsplines/__init__.py -> build/bdist.linux-aarch64/wheel/cusignal/bsplines
copying build/lib/cusignal/bsplines/bsplines.py -> build/bdist.linux-aarch64/wheel/cusignal/bsplines
copying build/lib/cusignal/__init__.py -> build/bdist.linux-aarch64/wheel/cusignal
creating build/bdist.linux-aarch64/wheel/cusignal/convolution
copying build/lib/cusignal/convolution/correlate.py -> build/bdist.linux-aarch64/wheel/cusignal/convolution
copying build/lib/cusignal/convolution/_convolution.fatbin -> build/bdist.linux-aarch64/wheel/cusignal/convolution
copying build/lib/cusignal/convolution/__init__.py -> build/bdist.linux-aarch64/wheel/cusignal/convolution
copying build/lib/cusignal/convolution/convolution_utils.py -> build/bdist.linux-aarch64/wheel/cusignal/convolution
copying build/lib/cusignal/convolution/convolve.py -> build/bdist.linux-aarch64/wheel/cusignal/convolution
copying build/lib/cusignal/convolution/_convolution_cuda.py -> build/bdist.linux-aarch64/wheel/cusignal/convolution
creating build/bdist.linux-aarch64/wheel/cusignal/io
copying build/lib/cusignal/io/_writer_cuda.py -> build/bdist.linux-aarch64/wheel/cusignal/io
copying build/lib/cusignal/io/writer.py -> build/bdist.linux-aarch64/wheel/cusignal/io
copying build/lib/cusignal/io/_reader.fatbin -> build/bdist.linux-aarch64/wheel/cusignal/io
copying build/lib/cusignal/io/_reader_cuda.py -> build/bdist.linux-aarch64/wheel/cusignal/io
copying build/lib/cusignal/io/_writer.fatbin -> build/bdist.linux-aarch64/wheel/cusignal/io
copying build/lib/cusignal/io/reader.py -> build/bdist.linux-aarch64/wheel/cusignal/io
copying build/lib/cusignal/io/__init__.py -> build/bdist.linux-aarch64/wheel/cusignal/io
copying build/lib/cusignal/_version.py -> build/bdist.linux-aarch64/wheel/cusignal
creating build/bdist.linux-aarch64/wheel/cusignal/radartools
copying build/lib/cusignal/radartools/beamformers.py -> build/bdist.linux-aarch64/wheel/cusignal/radartools
copying build/lib/cusignal/radartools/__init__.py -> build/bdist.linux-aarch64/wheel/cusignal/radartools
copying build/lib/cusignal/radartools/radartools.py -> build/bdist.linux-aarch64/wheel/cusignal/radartools
creating build/bdist.linux-aarch64/wheel/cusignal/wavelets
copying build/lib/cusignal/wavelets/wavelets.py -> build/bdist.linux-aarch64/wheel/cusignal/wavelets
copying build/lib/cusignal/wavelets/__init__.py -> build/bdist.linux-aarch64/wheel/cusignal/wavelets
running install_egg_info
running egg_info
creating cusignal.egg-info
writing cusignal.egg-info/PKG-INFO
writing dependency_links to cusignal.egg-info/dependency_links.txt
writing requirements to cusignal.egg-info/requires.txt
writing top-level names to cusignal.egg-info/top_level.txt
writing manifest file 'cusignal.egg-info/SOURCES.txt'
reading manifest file 'cusignal.egg-info/SOURCES.txt'
reading manifest template 'MANIFEST.in'
writing manifest file 'cusignal.egg-info/SOURCES.txt'
Copying cusignal.egg-info to build/bdist.linux-aarch64/wheel/cusignal-23.8.0+0.g42d12fd.dirty-py3.8.egg-info
running install_scripts
creating build/bdist.linux-aarch64/wheel/cusignal-23.8.0+0.g42d12fd.dirty.dist-info/WHEEL
creating 'dist/cusignal-23.8.0+0.g42d12fd.dirty-py3-none-any.whl' and adding 'build/bdist.linux-aarch64/wheel' to it
adding 'cusignal/__init__.py'
adding 'cusignal/_version.py'
adding 'cusignal/acoustics/__init__.py'
adding 'cusignal/acoustics/cepstrum.py'
adding 'cusignal/bsplines/__init__.py'
adding 'cusignal/bsplines/bsplines.py'
adding 'cusignal/convolution/__init__.py'
adding 'cusignal/convolution/_convolution.fatbin'
adding 'cusignal/convolution/_convolution_cuda.py'
adding 'cusignal/convolution/convolution_utils.py'
adding 'cusignal/convolution/convolve.py'
adding 'cusignal/convolution/correlate.py'
adding 'cusignal/demod/__init__.py'
adding 'cusignal/demod/demod.py'
adding 'cusignal/estimation/__init__.py'
adding 'cusignal/estimation/_filters_cuda.py'
adding 'cusignal/estimation/filters.py'
adding 'cusignal/filter_design/__init__.py'
adding 'cusignal/filter_design/filter_design_utils.py'
adding 'cusignal/filter_design/fir_filter_design.py'
adding 'cusignal/filtering/__init__.py'
adding 'cusignal/filtering/_channelizer.fatbin'
adding 'cusignal/filtering/_channelizer_cuda.py'
adding 'cusignal/filtering/_sosfilt.fatbin'
adding 'cusignal/filtering/_sosfilt_cuda.py'
adding 'cusignal/filtering/_upfirdn.fatbin'
adding 'cusignal/filtering/_upfirdn_cuda.py'
adding 'cusignal/filtering/filtering.py'
adding 'cusignal/filtering/resample.py'
adding 'cusignal/io/__init__.py'
adding 'cusignal/io/_reader.fatbin'
adding 'cusignal/io/_reader_cuda.py'
adding 'cusignal/io/_writer.fatbin'
adding 'cusignal/io/_writer_cuda.py'
adding 'cusignal/io/reader.py'
adding 'cusignal/io/writer.py'
adding 'cusignal/peak_finding/__init__.py'
adding 'cusignal/peak_finding/_peak_finding.fatbin'
adding 'cusignal/peak_finding/_peak_finding_cuda.py'
adding 'cusignal/peak_finding/peak_finding.py'
adding 'cusignal/radartools/__init__.py'
adding 'cusignal/radartools/beamformers.py'
adding 'cusignal/radartools/radartools.py'
adding 'cusignal/spectral_analysis/__init__.py'
adding 'cusignal/spectral_analysis/_spectral.fatbin'
adding 'cusignal/spectral_analysis/_spectral_cuda.py'
adding 'cusignal/spectral_analysis/spectral.py'
adding 'cusignal/testing/__init__.py'
adding 'cusignal/testing/utils.py'
adding 'cusignal/utils/__init__.py'
adding 'cusignal/utils/_caches.py'
adding 'cusignal/utils/arraytools.py'
adding 'cusignal/utils/fftpack_helper.py'
adding 'cusignal/utils/helper_tools.py'
adding 'cusignal/waveforms/__init__.py'
adding 'cusignal/waveforms/waveforms.py'
adding 'cusignal/wavelets/__init__.py'
adding 'cusignal/wavelets/wavelets.py'
adding 'cusignal/windows/__init__.py'
adding 'cusignal/windows/windows.py'
adding 'cusignal-23.8.0+0.g42d12fd.dirty.dist-info/METADATA'
adding 'cusignal-23.8.0+0.g42d12fd.dirty.dist-info/WHEEL'
adding 'cusignal-23.8.0+0.g42d12fd.dirty.dist-info/top_level.txt'
adding 'cusignal-23.8.0+0.g42d12fd.dirty.dist-info/RECORD'
removing build/bdist.linux-aarch64/wheel
/home/znmeb/mambaforge/envs/cusignal-dev/lib/python3.8/site-packages/setuptools/dist.py:314: InformationOnly: Normalizing '23.08.00+0.g42d12fd.dirty' to '23.8.0+0.g42d12fd.dirty'
  self.metadata.version = self._normalize_version(
/home/znmeb/mambaforge/envs/cusignal-dev/lib/python3.8/site-packages/setuptools/_distutils/cmd.py:66: SetuptoolsDeprecationWarning: setup.py install is deprecated.
!!

        ********************************************************************************
        Please avoid running ``setup.py`` directly.
        Instead, use pypa/build, pypa/installer or other
        standards-based tools.

        See https://blog.ganssle.io/articles/2021/10/setup-py-deprecated.html for details.
        ********************************************************************************

!!
  self.initialize_options()
264.17user 28.83system 0:43.07elapsed 680%CPU (0avgtext+0avgdata 143468maxresident)k
22352inputs+402992outputs (36major+2597363minor)pagefaults 0swaps
Saving cuSignal wheel
Test installing cuSignal wheel
Processing /home/znmeb/Projects/AlgoCompSynth-One/JetPack5/Wheels/cusignal-23.8.0+0.g42d12fd.dirty-py3-none-any.whl
Requirement already satisfied: numba in /home/znmeb/mambaforge/envs/cusignal-dev/lib/python3.8/site-packages (from cusignal==23.8.0+0.g42d12fd.dirty) (0.57.1)
Requirement already satisfied: llvmlite<0.41,>=0.40.0dev0 in /home/znmeb/mambaforge/envs/cusignal-dev/lib/python3.8/site-packages (from numba->cusignal==23.8.0+0.g42d12fd.dirty) (0.40.1)
Requirement already satisfied: numpy<1.25,>=1.21 in /home/znmeb/mambaforge/envs/cusignal-dev/lib/python3.8/site-packages (from numba->cusignal==23.8.0+0.g42d12fd.dirty) (1.24.4)
Requirement already satisfied: importlib-metadata in /home/znmeb/mambaforge/envs/cusignal-dev/lib/python3.8/site-packages (from numba->cusignal==23.8.0+0.g42d12fd.dirty) (6.8.0)
Requirement already satisfied: zipp>=0.5 in /home/znmeb/mambaforge/envs/cusignal-dev/lib/python3.8/site-packages (from importlib-metadata->numba->cusignal==23.8.0+0.g42d12fd.dirty) (3.16.2)
Installing collected packages: cusignal
Successfully installed cusignal-23.8.0+0.g42d12fd.dirty
Copying /home/znmeb/Projects/AlgoCompSynth-One/JetPack5/Projects/cusignal/notebooks to /home/znmeb/Projects/AlgoCompSynth-One/JetPack5/Notebooks/cusignal-notebooks
Copying E2E test notebooks to /home/znmeb/Projects/AlgoCompSynth-One/JetPack5/Notebooks
Deactivating cusignal-dev
Activating r-reticulate
Installing cuSignal wheel in r-reticulate
Requirement already satisfied: cupy in /home/znmeb/mambaforge/envs/r-reticulate/lib/python3.8/site-packages (12.2.0)
Requirement already satisfied: numpy<1.27,>=1.20 in /home/znmeb/mambaforge/envs/r-reticulate/lib/python3.8/site-packages (from cupy) (1.24.4)
Requirement already satisfied: fastrlock>=0.5 in /home/znmeb/mambaforge/envs/r-reticulate/lib/python3.8/site-packages (from cupy) (0.8.2)
Processing /home/znmeb/Projects/AlgoCompSynth-One/JetPack5/Wheels/cusignal-23.8.0+0.g42d12fd.dirty-py3-none-any.whl
Requirement already satisfied: numba in /home/znmeb/mambaforge/envs/r-reticulate/lib/python3.8/site-packages (from cusignal==23.8.0+0.g42d12fd.dirty) (0.57.1)
Requirement already satisfied: llvmlite<0.41,>=0.40.0dev0 in /home/znmeb/mambaforge/envs/r-reticulate/lib/python3.8/site-packages (from numba->cusignal==23.8.0+0.g42d12fd.dirty) (0.40.1)
Requirement already satisfied: numpy<1.25,>=1.21 in /home/znmeb/mambaforge/envs/r-reticulate/lib/python3.8/site-packages (from numba->cusignal==23.8.0+0.g42d12fd.dirty) (1.24.4)
Requirement already satisfied: importlib-metadata in /home/znmeb/mambaforge/envs/r-reticulate/lib/python3.8/site-packages (from numba->cusignal==23.8.0+0.g42d12fd.dirty) (6.8.0)
Requirement already satisfied: zipp>=0.5 in /home/znmeb/mambaforge/envs/r-reticulate/lib/python3.8/site-packages (from importlib-metadata->numba->cusignal==23.8.0+0.g42d12fd.dirty) (3.16.2)
Installing collected packages: cusignal
Successfully installed cusignal-23.8.0+0.g42d12fd.dirty
Cleanup
..Removing cusignal-dev virtual environment

Remove all packages in environment /home/znmeb/mambaforge/envs/cusignal-dev:

..Removing cusignal project repository
..Removing downloaded tarballs
Will remove 24 (48.3 MB) tarball(s).
Finished
337.18user 46.80system 2:04.73elapsed 307%CPU (0avgtext+0avgdata 320360maxresident)k
100280inputs+1448704outputs (159major+3093515minor)pagefaults 0swaps
