Activating r-reticulate
Installing 'rTorch'
trying URL 'https://cloud.r-project.org/src/contrib/rTorch_0.4.2.tar.gz'
Content type 'application/x-gzip' length 99778 bytes (97 KB)
==================================================
downloaded 97 KB

* installing *source* package ‘rTorch’ ...
** package ‘rTorch’ successfully unpacked and MD5 sums checked
** using staged installation
** R
** inst
** byte-compile and prepare package for lazy loading
** help
*** installing help indices
** building package indices
** installing vignettes
** testing if installed package can be loaded from temporary location
** testing if installed package can be loaded from final location
** testing if installed package keeps a record of temporary installation path
* DONE (rTorch)

The downloaded source packages are in
	‘/tmp/Rtmps9xdtq/downloaded_packages’
Updating HTML index of packages in '.Library'
Making 'packages.html' ... done
13.65user 1.80system 0:13.16elapsed 117%CPU (0avgtext+0avgdata 231932maxresident)k
1408inputs+5408outputs (7major+213667minor)pagefaults 0swaps
Finished
19.64user 2.66system 0:17.05elapsed 130%CPU (0avgtext+0avgdata 231932maxresident)k
1416inputs+5864outputs (55major+270594minor)pagefaults 0swaps
