Installing RStudio
:: Synchronizing package databases...
 core downloading...
 extra downloading...
AUR Explicit (1): rstudio-server-bin-2024.04.0_735-1
Sync Explicit (3): blas-openblas-0.3.26-3, gcc-fortran-13.2.1-6, imagemagick-7.1.1.31-1
Sync Dependency (3): cmake-3.29.2-1, openssl-1.1-1.1.1.w-1, r-4.4.0-1
:: [1m(1/1) Downloaded PKGBUILD: rstudio-server-bin[0m
  1 rstudio-server-bin                       (Build Files Exist)
==> Packages to cleanBuild?
==> [N]one [A]ll [Ab]ort [I]nstalled [No]tInstalled or (1 2 3, 1-3, ^4)
==> 
  1 rstudio-server-bin                       (Build Files Exist)
==> Diffs to show?
==> [N]one [A]ll [Ab]ort [I]nstalled [No]tInstalled or (1 2 3, 1-3, ^4)
==> 
==> Making package: rstudio-server-bin 2024.04.0_735-1 (Sat 04 May 2024 12:03:40 AM PDT)
==> Retrieving sources...
  -> Downloading rstudio-server-2024.04.0-735-amd64.deb...
  % Total    % Received % Xferd  Average Speed   Time    Time     Time  Current
                                 Dload  Upload   Total   Spent    Left  Speed
  0     0    0     0    0     0      0      0 --:--:-- --:--:-- --:--:--     0 19  115M   19 22.8M    0     0  48.4M      0  0:00:02 --:--:--  0:00:02 48.4M 74  115M   74 86.2M    0     0  58.5M      0  0:00:01  0:00:01 --:--:-- 58.5M100  115M  100  115M    0     0  61.3M      0  0:00:01  0:00:01 --:--:-- 61.3M
  -> Found rstudio-server.service
  -> Found rstudio
==> WARNING: Skipping verification of source file PGP signatures.
==> Validating source files with sha256sums...
    rstudio-server-2024.04.0-735-amd64.deb ... Passed
    rstudio-server.service ... Passed
    rstudio ... Passed
:: [1m(1/1) Parsing SRCINFO: rstudio-server-bin[0m
:: Synchronizing package databases...
 core downloading...
 extra downloading...
resolving dependencies...
looking for conflicting packages...

Package (2)       New Version  Net Change  Download Size

core/openssl-1.1  1.1.1.w-1      5.50 MiB       1.76 MiB
extra/r           4.4.0-1       73.00 MiB      45.35 MiB

Total Download Size:   47.10 MiB
Total Installed Size:  78.50 MiB

:: Proceed with installation? [Y/n] 
:: Retrieving packages...
 r-4.4.0-1-x86_64 downloading...
 openssl-1.1-1.1.1.w-1-x86_64 downloading...
checking keyring...
checking package integrity...
loading package files...
checking for file conflicts...
:: Processing package changes...
installing r...
Optional dependencies for r
    blas-openblas: faster linear algebra [installed]
    gcc-fortran: needed to compile some CRAN packages
    texlive-latex: latex sty files
installing openssl-1.1...
:: Running post-transaction hooks...
(1/3) Arming ConditionNeedsUpdate...
(2/3) Updating the info directory file...
(3/3) Updating the desktop file MIME type cache...
:: Synchronizing package databases...
 core downloading...
 extra downloading...
warning: cmake-3.29.2-1 is up to date -- skipping
warning: blas-openblas-0.3.26-3 is up to date -- skipping
resolving dependencies...
looking for conflicting packages...

Package (4)        New Version  Net Change  Download Size

extra/liblqr       0.4.2-3        0.09 MiB       0.03 MiB
extra/libraqm      0.10.1-1       0.18 MiB       0.03 MiB
core/gcc-fortran   13.2.1-6      39.90 MiB      12.08 MiB
extra/imagemagick  7.1.1.31-1    22.82 MiB       8.64 MiB

Total Download Size:   20.78 MiB
Total Installed Size:  62.98 MiB

:: Proceed with installation? [Y/n] 
:: Retrieving packages...
 gcc-fortran-13.2.1-6-x86_64 downloading...
 imagemagick-7.1.1.31-1-x86_64 downloading...
 libraqm-0.10.1-1-x86_64 downloading...
 liblqr-0.4.2-3-x86_64 downloading...
checking keyring...
checking package integrity...
loading package files...
checking for file conflicts...
:: Processing package changes...
installing gcc-fortran...
installing liblqr...
installing libraqm...
installing imagemagick...
Optional dependencies for imagemagick
    ghostscript: PS/PDF support
    jbigkit: JBIG support [installed]
    libheif: HEIF support
    libjpeg-turbo: JPEG support [installed]
    libjxl: JPEG XL support [installed]
    libraw: DNG support
    librsvg: SVG support [installed]
    libtiff: TIFF support [installed]
    libwebp: WEBP support [installed]
    libwmf: WMF support
    libzip: OpenRaster support
    ocl-icd: OpenCL support [installed]
    openexr: OpenEXR support [installed]
    openjpeg2: JPEG2000 support [installed]
    djvulibre: DJVU support
    pango: Text rendering [installed]
:: Running post-transaction hooks...
(1/3) Arming ConditionNeedsUpdate...
(2/3) Warn about old perl modules
(3/3) Updating the info directory file...
==> Making package: rstudio-server-bin 2024.04.0_735-1 (Sat 04 May 2024 12:03:47 AM PDT)
==> Checking runtime dependencies...
==> Checking buildtime dependencies...
==> Retrieving sources...
  -> Found rstudio-server-2024.04.0-735-amd64.deb
  -> Found rstudio-server.service
  -> Found rstudio
==> Validating source files with sha256sums...
    rstudio-server-2024.04.0-735-amd64.deb ... Passed
    rstudio-server.service ... Passed
    rstudio ... Passed
==> Removing existing $srcdir/ directory...
==> Extracting sources...
  -> Extracting rstudio-server-2024.04.0-735-amd64.deb with bsdtar
==> Sources are ready.
==> Making package: rstudio-server-bin 2024.04.0_735-1 (Sat 04 May 2024 12:03:49 AM PDT)
==> Checking runtime dependencies...
==> Checking buildtime dependencies...
==> WARNING: Using existing $srcdir/ tree
==> Entering fakeroot environment...
==> Starting package()...
==> Converting debian package...
==> Tidying install...
  -> Removing libtool files...
  -> Purging unwanted files...
  -> Removing static library files...
  -> Stripping unneeded symbols from binaries and libraries...
objcopy: ./usr/lib/rstudio-server/bin/crash-handler-proxy: debuglink section already exists
debugedit: ./usr/lib/rstudio-server/bin/quarto/bin/tools/x86_64/deno: Unknown DWARF DW_FORM_0x25
objcopy: ./usr/lib/rstudio-server/bin/rpostback: debuglink section already exists
objcopy: ./usr/lib/rstudio-server/bin/rserver: debuglink section already exists
objcopy: ./usr/lib/rstudio-server/bin/rserver-pam: debuglink section already exists
objcopy: ./usr/lib/rstudio-server/bin/rserver-url: debuglink section already exists
objcopy: ./usr/lib/rstudio-server/bin/rsession: debuglink section already exists
  -> Compressing man and info pages...
==> Checking for packaging issues...
==> Creating package "rstudio-server-bin"...
  -> Generating .PKGINFO file...
  -> Generating .BUILDINFO file...
  -> Adding install file...
  -> Generating .MTREE file...
  -> Compressing package...
==> Creating package "rstudio-server-bin-debug"...
  -> Generating .PKGINFO file...
  -> Generating .BUILDINFO file...
  -> Generating .MTREE file...
  -> Compressing package...
==> Leaving fakeroot environment.
==> Finished making: rstudio-server-bin 2024.04.0_735-1 (Sat 04 May 2024 12:06:02 AM PDT)
==> Cleaning up...
loading packages...
resolving dependencies...
looking for conflicting packages...

Package (2)               New Version      Net Change

rstudio-server-bin        2024.04.0_735-1  536.84 MiB
rstudio-server-bin-debug  2024.04.0_735-1   49.82 MiB

Total Installed Size:  586.66 MiB

:: Proceed with installation? [Y/n] 
checking keyring...
checking package integrity...
loading package files...
checking for file conflicts...
:: Processing package changes...
installing rstudio-server-bin...
installing rstudio-server-bin-debug...
:: Running post-transaction hooks...
(1/1) Arming ConditionNeedsUpdate...
Starting RStudio Server
Created symlink /etc/systemd/system/multi-user.target.wants/rstudio-server.service → /etc/systemd/system/rstudio-server.service.
Setting /var/home/znmeb/ACS-1/.Rprofile
Setting znmeb password
New password: 
Retype new password: 
passwd: password updated successfully
Finished
320.87user 27.43system 2:51.41elapsed 203%CPU (0avgtext+0avgdata 1329024maxresident)k
717128inputs+3733552outputs (1major+5971003minor)pagefaults 0swaps
