
Setting environment variables

Detecting JetPack version
JETPACK_VERSION: 4.6.1

Setting versions to install
PYTHON_VERSION: 3.6
PYTORCH_WHEEL_URL: https://nvidia.box.com/shared/static/fjtbno0vpo676a25cgvuqc1wty0fkkg6.whl
PYTORCH_WHEEL_FILE: torch-1.10.0-cp36-cp36m-linux_aarch64.whl
TORCHAUDIO_VERSION: 0.10.0
CUSIGNAL_VERSION: 22.04.00

Building and running deviceQuery
/usr/local/cuda/samples/1_Utilities/deviceQuery ~/Projects/AlgoCompSynth-One/JetPack
make: Nothing to be done for 'all'.
~/Projects/AlgoCompSynth-One/JetPack

Defining CUPY_NVCC_GENERATE_CODE
CUPY_NVCC_GENERATE_CODE: arch=compute_53,code=sm_53

Defining CMAKE_BUILD_PARALLEL_LEVEL and MAKEFLAGS
CMAKE_BUILD_PARALLEL_LEVEL: 3
MAKEFLAGS: -j3

Defining virtual desktop
SYNTH_SCRIPTS: /home/znmeb/Projects/AlgoCompSynth-One/JetPack/Scripts
SYNTH_LOGS: /home/znmeb/Projects/AlgoCompSynth-One/JetPack/Logs
SYNTH_PROJECTS: /home/znmeb/Projects/AlgoCompSynth-One/JetPack/Projects
SYNTH_NOTEBOOKS: /home/znmeb/Projects/AlgoCompSynth-One/JetPack/Notebooks
SYNTH_WHEELS: /home/znmeb/Projects/AlgoCompSynth-One/JetPack/Wheels
Activating r-reticulate
Installing R if necessary
..Installing R and recommended library packages
R version 4.0.2 (2020-06-22) -- "Taking Off Again"
Copyright (C) 2020 The R Foundation for Statistical Computing
Platform: aarch64-conda_cos7-linux-gnu (64-bit)

R is free software and comes with ABSOLUTELY NO WARRANTY.
You are welcome to redistribute it under the terms of the
GNU General Public License versions 2 or 3.
For more information about these matters see
https://www.gnu.org/licenses/.

Pinning r-base to 4.0.2
r-base ==4.0.2
Installing dependencies for developer tools packages
  Package    Version  Build       Channel                        Size
───────────────────────────────────────────────────────────────────────
  Install:
───────────────────────────────────────────────────────────────────────

  + libgit2    1.1.0  h0beb994_0  conda-forge/linux-aarch64     694kB
  + pandoc      2.18  h8af1aa0_0  conda-forge/linux-aarch64      14MB

  Summary:

  Install: 2 packages

  Total download: 15MB

───────────────────────────────────────────────────────────────────────

Preparing transaction: ...working... done
Verifying transaction: ...working... done
Executing transaction: ...working... done
Updating existing packages
Installing developer tools
Activating R Jupyter kernel
Installed R packages
  [1] "askpass"     "base"        "base64enc"   "boot"        "brew"       
  [6] "brio"        "bslib"       "cachem"      "callr"       "caracas"    
 [11] "class"       "cli"         "clipr"       "cluster"     "codetools"  
 [16] "commonmark"  "compiler"    "cpp11"       "crayon"      "credentials"
 [21] "curl"        "data.table"  "datasets"    "desc"        "devtools"   
 [26] "diffobj"     "digest"      "ellipsis"    "evaluate"    "fansi"      
 [31] "fastmap"     "foreign"     "fs"          "gert"        "gh"         
 [36] "gitcreds"    "glue"        "graphics"    "grDevices"   "grid"       
 [41] "here"        "highr"       "htmltools"   "httr"        "ini"        
 [46] "IRdisplay"   "IRkernel"    "jquerylib"   "jsonlite"    "KernSmooth" 
 [51] "knitr"       "lattice"     "lifecycle"   "magrittr"    "MASS"       
 [56] "Matrix"      "memoise"     "methods"     "mgcv"        "mime"       
 [61] "nlme"        "nnet"        "openssl"     "parallel"    "pbdZMQ"     
 [66] "pillar"      "pkgbuild"    "pkgconfig"   "pkgload"     "png"        
 [71] "praise"      "prettyunits" "processx"    "ps"          "purrr"      
 [76] "R6"          "rappdirs"    "rcmdcheck"   "Rcpp"        "RcppTOML"   
 [81] "rematch2"    "remotes"     "renv"        "repr"        "reticulate" 
 [86] "rlang"       "rmarkdown"   "roxygen2"    "rpart"       "rprojroot"  
 [91] "rstudioapi"  "rversions"   "sass"        "sessioninfo" "spatial"    
 [96] "splines"     "stats"       "stats4"      "stringi"     "stringr"    
[101] "survival"    "sys"         "tcltk"       "testthat"    "tibble"     
[106] "tinytex"     "tools"       "usethis"     "utf8"        "utils"      
[111] "uuid"        "vctrs"       "waldo"       "whisker"     "withr"      
[116] "xfun"        "xml2"        "xopen"       "yaml"        "zip"        
Finished!
