/home/znmeb/mambaforge doesn't exist
Installing mambaforge
/tmp ~/Projects/AlgoCompSynth-One/JetPack
Downloading latest Mambaforge installer

Redirecting output to ‘wget-log’.
Installing Mambaforge to '/home/znmeb/mambaforge' ...
PREFIX=/home/znmeb/mambaforge
Unpacking payload ...
Extracting "libstdcxx-ng-11.2.0-h0d0a5bb_14.tar.bz2"
Extracting "sqlite-3.37.1-hc74f5b8_0.tar.bz2"
Extracting "idna-3.3-pyhd8ed1ab_0.tar.bz2"
Extracting "readline-8.1-h1a49cc3_0.tar.bz2"
Extracting "six-1.16.0-pyh6c4a22f_0.tar.bz2"
Extracting "libev-4.33-h516909a_1.tar.bz2"
Extracting "bzip2-1.0.8-hf897c2e_4.tar.bz2"
Extracting "krb5-1.19.3-h7c456eb_0.tar.bz2"
Extracting "c-ares-1.18.1-hf897c2e_0.tar.bz2"
Extracting "libnsl-2.0.0-hf897c2e_0.tar.bz2"
Extracting "yaml-0.2.5-hf897c2e_2.tar.bz2"
Extracting "pysocks-1.7.1-py39ha65689a_4.tar.bz2"
Extracting "python_abi-3.9-2_cp39.tar.bz2"
Extracting "yaml-cpp-0.6.3-h54f1f3f_4.tar.bz2"
Extracting "tqdm-4.63.0-pyhd8ed1ab_0.tar.bz2"
Extracting "libzlib-1.2.11-hb9de7d4_1013.tar.bz2"
Extracting "libssh2-1.10.0-h1ab2c7b_2.tar.bz2"
Extracting "wheel-0.37.1-pyhd8ed1ab_0.tar.bz2"
Extracting "brotlipy-0.7.0-py39h14843e3_1003.tar.bz2"
Extracting "zlib-1.2.11-hb9de7d4_1013.tar.bz2"
Extracting "libgomp-11.2.0-hf1cc4e7_14.tar.bz2"
Extracting "ruamel_yaml-0.15.80-py39h14843e3_1006.tar.bz2"
Extracting "keyutils-1.6.1-h4e544f5_0.tar.bz2"
Extracting "pycparser-2.21-pyhd8ed1ab_0.tar.bz2"
Extracting "libnghttp2-1.47.0-h75cb1c7_0.tar.bz2"
Extracting "conda-4.12.0-py39h4420490_0.tar.bz2"
Extracting "libarchive-3.5.2-h37be732_1.tar.bz2"
Extracting "pybind11-abi-4-hd8ed1ab_3.tar.bz2"
Extracting "libxml2-2.9.12-h1e2ce75_1.tar.bz2"
Extracting "icu-69.1-h3621d8e_0.tar.bz2"
Extracting "charset-normalizer-2.0.12-pyhd8ed1ab_0.tar.bz2"
Extracting "ca-certificates-2021.10.8-h4fd8a4c_0.tar.bz2"
Extracting "ld_impl_linux-aarch64-2.36.1-h02ad14f_2.tar.bz2"
Extracting "libffi-3.4.2-h3557bc0_5.tar.bz2"
Extracting "colorama-0.4.4-pyh9f0ad1d_0.tar.bz2"
Extracting "libmambapy-0.22.1-py39h4730ac8_0.tar.bz2"
Extracting "_openmp_mutex-4.5-1_gnu.tar.bz2"
Extracting "libsolv-0.7.19-h469bdbd_5.tar.bz2"
Extracting "setuptools-60.10.0-py39ha65689a_0.tar.bz2"
Extracting "pip-22.0.4-pyhd8ed1ab_0.tar.bz2"
Extracting "requests-2.27.1-pyhd8ed1ab_0.tar.bz2"
Extracting "urllib3-1.26.9-pyhd8ed1ab_0.tar.bz2"
Extracting "libgcc-ng-11.2.0-hf1cc4e7_14.tar.bz2"
Extracting "libcurl-7.82.0-h8fd98b7_0.tar.bz2"
Extracting "openssl-1.1.1l-hf897c2e_0.tar.bz2"
Extracting "cffi-1.15.0-py39hab139ec_0.tar.bz2"
Extracting "libedit-3.1.20191231-he28a2e2_2.tar.bz2"
Extracting "mamba-0.22.1-py39hc9db4b5_0.tar.bz2"
Extracting "pyopenssl-22.0.0-pyhd8ed1ab_0.tar.bz2"
Extracting "libmamba-0.22.1-hdb87969_0.tar.bz2"
Extracting "reproc-cpp-14.2.3-h01db608_0.tar.bz2"
Extracting "tk-8.6.12-hd8af866_0.tar.bz2"
Extracting "tzdata-2022a-h191b570_0.tar.bz2"
Extracting "xz-5.2.5-h6dd45c4_1.tar.bz2"
Extracting "pycosat-0.6.3-py39h14843e3_1009.tar.bz2"
Extracting "python-3.9.10-he7f7bba_2_cpython.tar.bz2"
Extracting "lz4-c-1.9.3-h01db608_1.tar.bz2"
Extracting "cryptography-36.0.2-py39h32042e6_0.tar.bz2"
Extracting "conda-package-handling-1.8.0-py39hb9a1dbb_0.tar.bz2"
Extracting "certifi-2021.10.8-py39ha65689a_1.tar.bz2"
Extracting "lzo-2.10-h516909a_1000.tar.bz2"
Extracting "libiconv-1.16-h6dd45c4_0.tar.bz2"
Extracting "libuuid-2.32.1-hf897c2e_1000.tar.bz2"
Extracting "ncurses-6.3-h01db608_0.tar.bz2"
Extracting "reproc-14.2.3-hf897c2e_0.tar.bz2"
Extracting "zstd-1.5.2-h41fb7a4_0.tar.bz2"

                                           __
          __  ______ ___  ____ _____ ___  / /_  ____ _
         / / / / __ `__ \/ __ `/ __ `__ \/ __ \/ __ `/
        / /_/ / / / / / / /_/ / / / / / / /_/ / /_/ /
       / .___/_/ /_/ /_/\__,_/_/ /_/ /_/_.___/\__,_/
      /_/

conda-forge/linux-aarch64                                   Using cache
conda-forge/noarch                                          Using cache

Transaction

  Prefix: /home/znmeb/mambaforge

  Updating specs:

   - python==3.9.10=he7f7bba_2_cpython
   - ca-certificates==2021.10.8=h4fd8a4c_0
   - ld_impl_linux-aarch64==2.36.1=h02ad14f_2
   - libgomp==11.2.0=hf1cc4e7_14
   - libstdcxx-ng==11.2.0=h0d0a5bb_14
   - pybind11-abi==4=hd8ed1ab_3
   - tzdata==2022a=h191b570_0
   - _openmp_mutex==4.5=1_gnu
   - libgcc-ng==11.2.0=hf1cc4e7_14
   - bzip2==1.0.8=hf897c2e_4
   - c-ares==1.18.1=hf897c2e_0
   - icu==69.1=h3621d8e_0
   - keyutils==1.6.1=h4e544f5_0
   - libev==4.33=h516909a_1
   - libffi==3.4.2=h3557bc0_5
   - libiconv==1.16=h6dd45c4_0
   - libnsl==2.0.0=hf897c2e_0
   - libuuid==2.32.1=hf897c2e_1000
   - libzlib==1.2.11=hb9de7d4_1013
   - lz4-c==1.9.3=h01db608_1
   - lzo==2.10=h516909a_1000
   - ncurses==6.3=h01db608_0
   - openssl==1.1.1l=hf897c2e_0
   - reproc==14.2.3=hf897c2e_0
   - xz==5.2.5=h6dd45c4_1
   - yaml==0.2.5=hf897c2e_2
   - yaml-cpp==0.6.3=h54f1f3f_4
   - libedit==3.1.20191231=he28a2e2_2
   - readline==8.1=h1a49cc3_0
   - reproc-cpp==14.2.3=h01db608_0
   - tk==8.6.12=hd8af866_0
   - zlib==1.2.11=hb9de7d4_1013
   - zstd==1.5.2=h41fb7a4_0
   - krb5==1.19.3=h7c456eb_0
   - libnghttp2==1.47.0=h75cb1c7_0
   - libsolv==0.7.19=h469bdbd_5
   - libssh2==1.10.0=h1ab2c7b_2
   - libxml2==2.9.12=h1e2ce75_1
   - sqlite==3.37.1=hc74f5b8_0
   - libarchive==3.5.2=h37be732_1
   - libcurl==7.82.0=h8fd98b7_0
   - charset-normalizer==2.0.12=pyhd8ed1ab_0
   - colorama==0.4.4=pyh9f0ad1d_0
   - idna==3.3=pyhd8ed1ab_0
   - libmamba==0.22.1=hdb87969_0
   - pycparser==2.21=pyhd8ed1ab_0
   - python_abi==3.9=2_cp39
   - six==1.16.0=pyh6c4a22f_0
   - wheel==0.37.1=pyhd8ed1ab_0
   - certifi==2021.10.8=py39ha65689a_1
   - cffi==1.15.0=py39hab139ec_0
   - libmambapy==0.22.1=py39h4730ac8_0
   - pycosat==0.6.3=py39h14843e3_1009
   - pysocks==1.7.1=py39ha65689a_4
   - ruamel_yaml==0.15.80=py39h14843e3_1006
   - setuptools==60.10.0=py39ha65689a_0
   - tqdm==4.63.0=pyhd8ed1ab_0
   - brotlipy==0.7.0=py39h14843e3_1003
   - conda-package-handling==1.8.0=py39hb9a1dbb_0
   - cryptography==36.0.2=py39h32042e6_0
   - pip==22.0.4=pyhd8ed1ab_0
   - pyopenssl==22.0.0=pyhd8ed1ab_0
   - urllib3==1.26.9=pyhd8ed1ab_0
   - requests==2.27.1=pyhd8ed1ab_0
   - conda==4.12.0=py39h4420490_0
   - mamba==0.22.1=py39hc9db4b5_0


  Package                        Version  Build               Channel                         Size
────────────────────────────────────────────────────────────────────────────────────────────────────
  Install:
────────────────────────────────────────────────────────────────────────────────────────────────────

  + _openmp_mutex                    4.5  1_gnu               conda-forge/linux-aarch64     Cached
  + brotlipy                       0.7.0  py39h14843e3_1003   conda-forge/linux-aarch64     Cached
  + bzip2                          1.0.8  hf897c2e_4          conda-forge/linux-aarch64     Cached
  + c-ares                        1.18.1  hf897c2e_0          conda-forge/linux-aarch64     Cached
  + ca-certificates            2021.10.8  h4fd8a4c_0          conda-forge/linux-aarch64     Cached
  + certifi                    2021.10.8  py39ha65689a_1      conda-forge/linux-aarch64     Cached
  + cffi                          1.15.0  py39hab139ec_0      conda-forge/linux-aarch64     Cached
  + charset-normalizer            2.0.12  pyhd8ed1ab_0        conda-forge/noarch            Cached
  + colorama                       0.4.4  pyh9f0ad1d_0        conda-forge/noarch            Cached
  + conda                         4.12.0  py39h4420490_0      conda-forge/linux-aarch64     Cached
  + conda-package-handling         1.8.0  py39hb9a1dbb_0      conda-forge/linux-aarch64     Cached
  + cryptography                  36.0.2  py39h32042e6_0      conda-forge/linux-aarch64     Cached
  + icu                             69.1  h3621d8e_0          conda-forge/linux-aarch64     Cached
  + idna                             3.3  pyhd8ed1ab_0        conda-forge/noarch            Cached
  + keyutils                       1.6.1  h4e544f5_0          conda-forge/linux-aarch64     Cached
  + krb5                          1.19.3  h7c456eb_0          conda-forge/linux-aarch64     Cached
  + ld_impl_linux-aarch64         2.36.1  h02ad14f_2          conda-forge/linux-aarch64     Cached
  + libarchive                     3.5.2  h37be732_1          conda-forge/linux-aarch64     Cached
  + libcurl                       7.82.0  h8fd98b7_0          conda-forge/linux-aarch64     Cached
  + libedit                 3.1.20191231  he28a2e2_2          conda-forge/linux-aarch64     Cached
  + libev                           4.33  h516909a_1          conda-forge/linux-aarch64     Cached
  + libffi                         3.4.2  h3557bc0_5          conda-forge/linux-aarch64     Cached
  + libgcc-ng                     11.2.0  hf1cc4e7_14         conda-forge/linux-aarch64     Cached
  + libgomp                       11.2.0  hf1cc4e7_14         conda-forge/linux-aarch64     Cached
  + libiconv                        1.16  h6dd45c4_0          conda-forge/linux-aarch64     Cached
  + libmamba                      0.22.1  hdb87969_0          conda-forge/linux-aarch64     Cached
  + libmambapy                    0.22.1  py39h4730ac8_0      conda-forge/linux-aarch64     Cached
  + libnghttp2                    1.47.0  h75cb1c7_0          conda-forge/linux-aarch64     Cached
  + libnsl                         2.0.0  hf897c2e_0          conda-forge/linux-aarch64     Cached
  + libsolv                       0.7.19  h469bdbd_5          conda-forge/linux-aarch64     Cached
  + libssh2                       1.10.0  h1ab2c7b_2          conda-forge/linux-aarch64     Cached
  + libstdcxx-ng                  11.2.0  h0d0a5bb_14         conda-forge/linux-aarch64     Cached
  + libuuid                       2.32.1  hf897c2e_1000       conda-forge/linux-aarch64     Cached
  + libxml2                       2.9.12  h1e2ce75_1          conda-forge/linux-aarch64     Cached
  + libzlib                       1.2.11  hb9de7d4_1013       conda-forge/linux-aarch64     Cached
  + lz4-c                          1.9.3  h01db608_1          conda-forge/linux-aarch64     Cached
  + lzo                             2.10  h516909a_1000       conda-forge/linux-aarch64     Cached
  + mamba                         0.22.1  py39hc9db4b5_0      conda-forge/linux-aarch64     Cached
  + ncurses                          6.3  h01db608_0          conda-forge/linux-aarch64     Cached
  + openssl                       1.1.1l  hf897c2e_0          conda-forge/linux-aarch64     Cached
  + pip                           22.0.4  pyhd8ed1ab_0        conda-forge/noarch            Cached
  + pybind11-abi                       4  hd8ed1ab_3          conda-forge/noarch            Cached
  + pycosat                        0.6.3  py39h14843e3_1009   conda-forge/linux-aarch64     Cached
  + pycparser                       2.21  pyhd8ed1ab_0        conda-forge/noarch            Cached
  + pyopenssl                     22.0.0  pyhd8ed1ab_0        conda-forge/noarch            Cached
  + pysocks                        1.7.1  py39ha65689a_4      conda-forge/linux-aarch64     Cached
  + python                        3.9.10  he7f7bba_2_cpython  conda-forge/linux-aarch64     Cached
  + python_abi                       3.9  2_cp39              conda-forge/linux-aarch64     Cached
  + readline                         8.1  h1a49cc3_0          conda-forge/linux-aarch64     Cached
  + reproc                        14.2.3  hf897c2e_0          conda-forge/linux-aarch64     Cached
  + reproc-cpp                    14.2.3  h01db608_0          conda-forge/linux-aarch64     Cached
  + requests                      2.27.1  pyhd8ed1ab_0        conda-forge/noarch            Cached
  + ruamel_yaml                  0.15.80  py39h14843e3_1006   conda-forge/linux-aarch64     Cached
  + setuptools                   60.10.0  py39ha65689a_0      conda-forge/linux-aarch64     Cached
  + six                           1.16.0  pyh6c4a22f_0        conda-forge/noarch            Cached
  + sqlite                        3.37.1  hc74f5b8_0          conda-forge/linux-aarch64     Cached
  + tk                            8.6.12  hd8af866_0          conda-forge/linux-aarch64     Cached
  + tqdm                          4.63.0  pyhd8ed1ab_0        conda-forge/noarch            Cached
  + tzdata                         2022a  h191b570_0          conda-forge/noarch            Cached
  + urllib3                       1.26.9  pyhd8ed1ab_0        conda-forge/noarch            Cached
  + wheel                         0.37.1  pyhd8ed1ab_0        conda-forge/noarch            Cached
  + xz                             5.2.5  h6dd45c4_1          conda-forge/linux-aarch64     Cached
  + yaml                           0.2.5  hf897c2e_2          conda-forge/linux-aarch64     Cached
  + yaml-cpp                       0.6.3  h54f1f3f_4          conda-forge/linux-aarch64     Cached
  + zlib                          1.2.11  hb9de7d4_1013       conda-forge/linux-aarch64     Cached
  + zstd                           1.5.2  h41fb7a4_0          conda-forge/linux-aarch64     Cached

  Summary:

  Install: 66 packages

  Total download: 0 B

────────────────────────────────────────────────────────────────────────────────────────────────────


Transaction starting
Linking ca-certificates-2021.10.8-h4fd8a4c_0
Linking ld_impl_linux-aarch64-2.36.1-h02ad14f_2
Linking libgomp-11.2.0-hf1cc4e7_14
Linking libstdcxx-ng-11.2.0-h0d0a5bb_14
Linking _openmp_mutex-4.5-1_gnu
Linking libgcc-ng-11.2.0-hf1cc4e7_14
Linking yaml-cpp-0.6.3-h54f1f3f_4
Linking yaml-0.2.5-hf897c2e_2
Linking xz-5.2.5-h6dd45c4_1
Linking reproc-14.2.3-hf897c2e_0
Linking openssl-1.1.1l-hf897c2e_0
Linking ncurses-6.3-h01db608_0
Linking lzo-2.10-h516909a_1000
Linking lz4-c-1.9.3-h01db608_1
Linking libzlib-1.2.11-hb9de7d4_1013
Linking libuuid-2.32.1-hf897c2e_1000
Linking libnsl-2.0.0-hf897c2e_0
Linking libiconv-1.16-h6dd45c4_0
Linking libffi-3.4.2-h3557bc0_5
Linking libev-4.33-h516909a_1
Linking keyutils-1.6.1-h4e544f5_0
Linking icu-69.1-h3621d8e_0
Linking c-ares-1.18.1-hf897c2e_0
Linking bzip2-1.0.8-hf897c2e_4
Linking reproc-cpp-14.2.3-h01db608_0
Linking libedit-3.1.20191231-he28a2e2_2
Linking readline-8.1-h1a49cc3_0
Linking zstd-1.5.2-h41fb7a4_0
Linking zlib-1.2.11-hb9de7d4_1013
Linking tk-8.6.12-hd8af866_0
Linking krb5-1.19.3-h7c456eb_0
Linking sqlite-3.37.1-hc74f5b8_0
Linking libxml2-2.9.12-h1e2ce75_1
Linking libssh2-1.10.0-h1ab2c7b_2
Linking libsolv-0.7.19-h469bdbd_5
Linking libnghttp2-1.47.0-h75cb1c7_0
Linking libarchive-3.5.2-h37be732_1
Linking libcurl-7.82.0-h8fd98b7_0
Linking libmamba-0.22.1-hdb87969_0
Linking pybind11-abi-4-hd8ed1ab_3
Linking tzdata-2022a-h191b570_0
Linking python-3.9.10-he7f7bba_2_cpython
Linking python_abi-3.9-2_cp39
Linking setuptools-60.10.0-py39ha65689a_0
Linking wheel-0.37.1-pyhd8ed1ab_0
Linking pip-22.0.4-pyhd8ed1ab_0
Linking six-1.16.0-pyh6c4a22f_0
Linking pycparser-2.21-pyhd8ed1ab_0
Linking idna-3.3-pyhd8ed1ab_0
Linking colorama-0.4.4-pyh9f0ad1d_0
Linking charset-normalizer-2.0.12-pyhd8ed1ab_0
Linking tqdm-4.63.0-pyhd8ed1ab_0
Linking ruamel_yaml-0.15.80-py39h14843e3_1006
Linking pysocks-1.7.1-py39ha65689a_4
Linking pycosat-0.6.3-py39h14843e3_1009
Linking libmambapy-0.22.1-py39h4730ac8_0
Linking certifi-2021.10.8-py39ha65689a_1
Linking cffi-1.15.0-py39hab139ec_0
Linking conda-package-handling-1.8.0-py39hb9a1dbb_0
Linking cryptography-36.0.2-py39h32042e6_0
Linking brotlipy-0.7.0-py39h14843e3_1003
Linking pyopenssl-22.0.0-pyhd8ed1ab_0
Linking urllib3-1.26.9-pyhd8ed1ab_0
Linking requests-2.27.1-pyhd8ed1ab_0
Linking conda-4.12.0-py39h4420490_0
Linking mamba-0.22.1-py39hc9db4b5_0
Transaction finished
installation finished.
~/Projects/AlgoCompSynth-One/JetPack
Enabling 'conda' and 'mamba'
Activating 'base'
Disabling auto-activation of 'base' environment
Setting default threads to number of processors
Updating base packages
  Package                     Version  Build               Channel                        Size
────────────────────────────────────────────────────────────────────────────────────────────────
  Change:
────────────────────────────────────────────────────────────────────────────────────────────────

  - _openmp_mutex                 4.5  1_gnu               installed                          
  + _openmp_mutex                 4.5  2_gnu               conda-forge/linux-aarch64      24kB
  - brotlipy                    0.7.0  py39h14843e3_1003   installed                          
  + brotlipy                    0.7.0  py39h0fd3b05_1004   conda-forge/linux-aarch64     361kB
  - certifi                 2021.10.8  py39ha65689a_1      installed                          
  + certifi                 2021.10.8  py39h4420490_2      conda-forge/linux-aarch64     149kB
  - cryptography               36.0.2  py39h32042e6_0      installed                          
  + cryptography               36.0.2  py39h32042e6_1      conda-forge/linux-aarch64       2MB
  - libgcc-ng                  11.2.0  hf1cc4e7_14         installed                          
  + libgcc-ng                  11.2.0  hf1cc4e7_16         conda-forge/linux-aarch64     542kB
  - libgomp                    11.2.0  hf1cc4e7_14         installed                          
  + libgomp                    11.2.0  hf1cc4e7_16         conda-forge/linux-aarch64     445kB
  - libstdcxx-ng               11.2.0  h0d0a5bb_14         installed                          
  + libstdcxx-ng               11.2.0  h0d0a5bb_16         conda-forge/linux-aarch64       4MB
  - libzlib                    1.2.11  hb9de7d4_1013       installed                          
  + libzlib                    1.2.11  h4e544f5_1014       conda-forge/linux-aarch64      70kB
  - ncurses                       6.3  h01db608_0          installed                          
  + ncurses                       6.3  headf329_1          conda-forge/linux-aarch64       1MB
  - pycosat                     0.6.3  py39h14843e3_1009   installed                          
  + pycosat                     0.6.3  py39h0fd3b05_1010   conda-forge/linux-aarch64     111kB
  - pysocks                     1.7.1  py39ha65689a_4      installed                          
  + pysocks                     1.7.1  py39ha65689a_5      conda-forge/linux-aarch64      29kB
  - zlib                       1.2.11  hb9de7d4_1013       installed                          
  + zlib                       1.2.11  h4e544f5_1014       conda-forge/linux-aarch64      96kB

  Upgrade:
────────────────────────────────────────────────────────────────────────────────────────────────

  - conda-package-handling      1.8.0  py39hb9a1dbb_0      installed                          
  + conda-package-handling      1.8.1  py39h0fd3b05_1      conda-forge/linux-aarch64       1MB
  - icu                          69.1  h3621d8e_0          installed                          
  + icu                          70.1  ha18d298_0          conda-forge/linux-aarch64      14MB
  - libcurl                    7.82.0  h8fd98b7_0          installed                          
  + libcurl                    7.83.0  h8fd98b7_0          conda-forge/linux-aarch64     364kB
  - libmamba                   0.22.1  hdb87969_0          installed                          
  + libmamba                   0.23.0  h8683862_1          conda-forge/linux-aarch64       2MB
  - libmambapy                 0.22.1  py39h4730ac8_0      installed                          
  + libmambapy                 0.23.0  py39hdaab871_1      conda-forge/linux-aarch64     282kB
  - libsolv                    0.7.19  h469bdbd_5          installed                          
  + libsolv                    0.7.22  h7866ba4_0          conda-forge/linux-aarch64     466kB
  - libxml2                    2.9.12  h1e2ce75_1          installed                          
  + libxml2                    2.9.14  h370961a_0          conda-forge/linux-aarch64     872kB
  - mamba                      0.22.1  py39hc9db4b5_0      installed                          
  + mamba                      0.23.0  py39hc9db4b5_1      conda-forge/linux-aarch64      44kB
  - openssl                    1.1.1l  hf897c2e_0          installed                          
  + openssl                    1.1.1o  h4e544f5_0          conda-forge/linux-aarch64       2MB
  - python                     3.9.10  he7f7bba_2_cpython  installed                          
  + python                     3.9.12  h2eada40_1_cpython  conda-forge/linux-aarch64      13MB
  - setuptools                60.10.0  py39ha65689a_0      installed                          
  + setuptools                 62.1.0  py39ha65689a_0      conda-forge/linux-aarch64       1MB
  - sqlite                     3.37.1  hc74f5b8_0          installed                          
  + sqlite                     3.38.5  hc74f5b8_0          conda-forge/linux-aarch64       2MB
  - tqdm                       4.63.0  pyhd8ed1ab_0        installed                          
  + tqdm                       4.64.0  pyhd8ed1ab_0        conda-forge/noarch             83kB

  Summary:

  Change: 12 packages
  Upgrade: 13 packages

  Total download: 47MB

────────────────────────────────────────────────────────────────────────────────────────────────

Preparing transaction: ...working... done
Verifying transaction: ...working... done
Executing transaction: ...working... done
Setting up bash command line

                  __    __    __    __
                 /  \  /  \  /  \  /  \
                /    \/    \/    \/    \
███████████████/  /██/  /██/  /██/  /████████████████████████
              /  / \   / \   / \   / \  \____
             /  /   \_/   \_/   \_/   \    o \__,
            / _/                       \_____/  `
            |/
        ███╗   ███╗ █████╗ ███╗   ███╗██████╗  █████╗
        ████╗ ████║██╔══██╗████╗ ████║██╔══██╗██╔══██╗
        ██╔████╔██║███████║██╔████╔██║██████╔╝███████║
        ██║╚██╔╝██║██╔══██║██║╚██╔╝██║██╔══██╗██╔══██║
        ██║ ╚═╝ ██║██║  ██║██║ ╚═╝ ██║██████╔╝██║  ██║
        ╚═╝     ╚═╝╚═╝  ╚═╝╚═╝     ╚═╝╚═════╝ ╚═╝  ╚═╝

        mamba (0.23.0) supported by @QuantStack

        GitHub:  https://github.com/mamba-org/mamba
        Twitter: https://twitter.com/QuantStack

█████████████████████████████████████████████████████████████

no change     /home/znmeb/mambaforge/condabin/conda
no change     /home/znmeb/mambaforge/bin/conda
no change     /home/znmeb/mambaforge/bin/conda-env
no change     /home/znmeb/mambaforge/bin/activate
no change     /home/znmeb/mambaforge/bin/deactivate
no change     /home/znmeb/mambaforge/etc/profile.d/conda.sh
no change     /home/znmeb/mambaforge/etc/fish/conf.d/conda.fish
no change     /home/znmeb/mambaforge/shell/condabin/Conda.psm1
no change     /home/znmeb/mambaforge/shell/condabin/conda-hook.ps1
no change     /home/znmeb/mambaforge/lib/python3.9/site-packages/xontrib/conda.xsh
no change     /home/znmeb/mambaforge/etc/profile.d/conda.csh
modified      /home/znmeb/.bashrc

==> For changes to take effect, close and re-open your current shell. <==

Added mamba to /home/znmeb/.bashrc

==> For changes to take effect, close and re-open your current shell. <==

Setting up zsh command line

                  __    __    __    __
                 /  \  /  \  /  \  /  \
                /    \/    \/    \/    \
███████████████/  /██/  /██/  /██/  /████████████████████████
              /  / \   / \   / \   / \  \____
             /  /   \_/   \_/   \_/   \    o \__,
            / _/                       \_____/  `
            |/
        ███╗   ███╗ █████╗ ███╗   ███╗██████╗  █████╗
        ████╗ ████║██╔══██╗████╗ ████║██╔══██╗██╔══██╗
        ██╔████╔██║███████║██╔████╔██║██████╔╝███████║
        ██║╚██╔╝██║██╔══██║██║╚██╔╝██║██╔══██╗██╔══██║
        ██║ ╚═╝ ██║██║  ██║██║ ╚═╝ ██║██████╔╝██║  ██║
        ╚═╝     ╚═╝╚═╝  ╚═╝╚═╝     ╚═╝╚═════╝ ╚═╝  ╚═╝

        mamba (0.23.0) supported by @QuantStack

        GitHub:  https://github.com/mamba-org/mamba
        Twitter: https://twitter.com/QuantStack

█████████████████████████████████████████████████████████████

no change     /home/znmeb/mambaforge/condabin/conda
no change     /home/znmeb/mambaforge/bin/conda
no change     /home/znmeb/mambaforge/bin/conda-env
no change     /home/znmeb/mambaforge/bin/activate
no change     /home/znmeb/mambaforge/bin/deactivate
no change     /home/znmeb/mambaforge/etc/profile.d/conda.sh
no change     /home/znmeb/mambaforge/etc/fish/conf.d/conda.fish
no change     /home/znmeb/mambaforge/shell/condabin/Conda.psm1
no change     /home/znmeb/mambaforge/shell/condabin/conda-hook.ps1
no change     /home/znmeb/mambaforge/lib/python3.9/site-packages/xontrib/conda.xsh
no change     /home/znmeb/mambaforge/etc/profile.d/conda.csh
modified      /home/znmeb/.zshrc

==> For changes to take effect, close and re-open your current shell. <==

Added mamba to /home/znmeb/.zshrc

==> For changes to take effect, close and re-open your current shell. <==

92.76user 17.77system 1:39.38elapsed 111%CPU (0avgtext+0avgdata 161584maxresident)k
5432inputs+1845560outputs (19major+252531minor)pagefaults 0swaps
