~/Projects/AlgoCompSynth-One/JetPack5/Wheels ~/Projects/AlgoCompSynth-One/JetPack5
Downloading PyTorch wheel
~/Projects/AlgoCompSynth-One/JetPack5
Installing PyTorch
Processing ./Wheels/torch-2.0.0-cp38-cp38-linux_aarch64.whl
Requirement already satisfied: filelock in /home/znmeb/.local/lib/python3.8/site-packages (from torch==2.0.0) (3.12.0)
Requirement already satisfied: jinja2 in /home/znmeb/.local/lib/python3.8/site-packages (from torch==2.0.0) (3.1.2)
Requirement already satisfied: networkx in /home/znmeb/.local/lib/python3.8/site-packages (from torch==2.0.0) (3.1)
Requirement already satisfied: sympy in /home/znmeb/.local/lib/python3.8/site-packages (from torch==2.0.0) (1.11.1)
Requirement already satisfied: typing-extensions in /home/znmeb/.local/lib/python3.8/site-packages (from torch==2.0.0) (4.5.0)
Requirement already satisfied: MarkupSafe>=2.0 in /home/znmeb/.local/lib/python3.8/site-packages (from jinja2->torch==2.0.0) (2.1.2)
Requirement already satisfied: mpmath>=0.19 in /home/znmeb/.local/lib/python3.8/site-packages (from sympy->torch==2.0.0) (1.3.0)
Installing collected packages: torch
Successfully installed torch-2.0.0+nv23.5
Cleanup
..Removing downloaded tarballs
There are no unused tarball(s) to remove.
Finished
24.40user 6.17system 0:31.58elapsed 96%CPU (0avgtext+0avgdata 127932maxresident)k
8inputs+1320888outputs (48major+167870minor)pagefaults 0swaps
