Creating fresh r-reticulate virtual environment
Retrieving notices: ...working... done
conda-forge/linux-aarch64                                   Using cache
conda-forge/noarch                                          Using cache


Looking for: ['python=3.8', 'aiohttp', 'cmake', 'cython', 'fastrlock', 'ffmpeg', 'fftw', 'filelock', 'imagemagick', 'jupyterlab', 'jupyter_server', 'libflac', 'matplotlib', 'mido', "mpmath[version='>=0.19']", 'networkx', 'ninja', 'numba', 'numpy', 'pandas', 'pip', 'pkg-config', 'protobuf', 'r-data.table', 'r-devtools', 'r-irkernel', 'r-numbers', 'r-quarto', 'r-rdpack', 'r-recommended', 'r-reticulate', 'r-tidyverse', 'scikit-build', 'scikit-learn', 'scipy', 'sympy', 'typing-extensions']


Transaction

  Prefix: /home/znmeb/mambaforge/envs/r-reticulate

  Updating specs:

   - python=3.8
   - aiohttp
   - cmake
   - cython
   - fastrlock
   - ffmpeg
   - fftw
   - filelock
   - imagemagick
   - jupyterlab
   - jupyter_server
   - libflac
   - matplotlib
   - mido
   - mpmath[version='>=0.19']
   - networkx
   - ninja
   - numba
   - numpy
   - pandas
   - pip
   - pkg-config
   - protobuf
   - r-data.table
   - r-devtools
   - r-irkernel
   - r-numbers
   - r-quarto
   - r-rdpack
   - r-recommended
   - r-reticulate
   - r-tidyverse
   - scikit-build
   - scikit-learn
   - scipy
   - sympy
   - typing-extensions


  Package                                           Version  Build                     Channel           Size
───────────────────────────────────────────────────────────────────────────────────────────────────────────────
  Install:
───────────────────────────────────────────────────────────────────────────────────────────────────────────────

  + font-ttf-dejavu-sans-mono                          2.37  hab24e00_0                conda-forge      397kB
  + font-ttf-ubuntu                                    0.83  hab24e00_0                conda-forge        2MB
  + _r-mutex                                          1.0.1  anacondar_1               conda-forge        4kB
  + font-ttf-inconsolata                              3.000  h77eed37_0                conda-forge       97kB
  + font-ttf-source-code-pro                          2.038  h77eed37_0                conda-forge      701kB
  + kernel-headers_linux-aarch64                     4.18.0  h5b4a56d_13               conda-forge        1MB
  + _sysroot_linux-aarch64_curr_repodata_hack             4  h57d6b7b_13               conda-forge       21kB
  + fonts-conda-forge                                     1  0                         conda-forge        4kB
  + sysroot_linux-aarch64                              2.17  h5b4a56d_13               conda-forge       16MB
  + fonts-conda-ecosystem                                 1  0                         conda-forge        4kB
  + pandoc                                            3.1.3  h8af1aa0_0                conda-forge       19MB
  + libstdcxx-ng                                     13.2.0  h9a76618_0                conda-forge     Cached
  + python_abi                                          3.8  3_cp38                    conda-forge        6kB
  + libgfortran5                                     13.2.0  h582850c_0                conda-forge        1MB
  + libgomp                                          13.2.0  hf8544c7_0                conda-forge     Cached
  + libgcc-devel_linux-aarch64                       13.2.0  h0a96a4f_0                conda-forge        2MB
  + libstdcxx-devel_linux-aarch64                    13.2.0  h0a96a4f_0                conda-forge        8MB
  + ld_impl_linux-aarch64                              2.40  h2d8c526_0                conda-forge     Cached
  + ca-certificates                               2023.7.22  hcefe29a_0                conda-forge     Cached
  + libgfortran-ng                                   13.2.0  he9431aa_0                conda-forge       23kB
  + _openmp_mutex                                       4.5  2_gnu                     conda-forge     Cached
  + binutils_impl_linux-aarch64                        2.40  h870a726_0                conda-forge        6MB
  + libgcc-ng                                        13.2.0  hf8544c7_0                conda-forge     Cached
  + libunistring                                     0.9.10  hf897c2e_0                conda-forge        1MB
  + graphite2                                        1.3.13  h7fd3ca4_1001             conda-forge      107kB
  + xorg-libxdmcp                                     1.1.3  h3557bc0_0                conda-forge       20kB
  + pthread-stubs                                       0.4  hb9de7d4_1001             conda-forge        6kB
  + libsodium                                        1.0.18  hb9de7d4_1                conda-forge      237kB
  + sed                                                 4.8  ha0d5d3d_0                conda-forge      289kB
  + fribidi                                          1.0.10  hb9de7d4_0                conda-forge      116kB
  + xorg-xproto                                      7.0.31  h3557bc0_1007             conda-forge       75kB
  + xorg-kbproto                                      1.0.7  h3557bc0_1002             conda-forge       27kB
  + xorg-renderproto                                 0.11.1  h3557bc0_1002             conda-forge       10kB
  + libbrotlicommon                                   1.1.0  h31becfc_0                conda-forge       69kB
  + libev                                              4.33  h516909a_1                conda-forge     Cached
  + c-ares                                           1.19.1  h31becfc_0                conda-forge     Cached
  + xorg-libxau                                      1.0.11  h31becfc_0                conda-forge       15kB
  + libabseil                                    20230802.0  cxx17_h2f0025b_3          conda-forge        1MB
  + yaml                                              0.2.5  hf897c2e_2                conda-forge       93kB
  + make                                                4.3  h309ac5b_1                conda-forge      497kB
  + libsanitizer                                     13.2.0  h9a76618_0                conda-forge        4MB
  + keyutils                                          1.6.1  h4e544f5_0                conda-forge     Cached
  + libuv                                            1.46.0  h31becfc_0                conda-forge      625kB
  + x265                                                3.5  hdd96247_3                conda-forge        1MB
  + x264                                         1!164.3095  h4e544f5_2                conda-forge        1MB
  + openh264                                          2.3.1  hd600fc2_2                conda-forge      775kB
  + libopus                                           1.3.1  hf897c2e_1                conda-forge      329kB
  + lame                                              3.100  h4e544f5_1003             conda-forge      605kB
  + libtool                                           2.4.7  h4de3ea5_0                conda-forge      417kB
  + xorg-libice                                       1.1.1  h7935292_0                conda-forge       60kB
  + giflib                                            5.2.1  hb4cce97_3                conda-forge       82kB
  + ghostscript                                      9.56.1  h2f0025b_0                conda-forge       60MB
  + bzip2                                             1.0.8  hf897c2e_4                conda-forge     Cached
  + libogg                                            1.3.4  h3557bc0_1                conda-forge      214kB
  + libdeflate                                         1.18  hb4cce97_0                conda-forge       67kB
  + lerc                                              4.0.0  h4de3ea5_0                conda-forge      262kB
  + libffi                                            3.4.2  h3557bc0_5                conda-forge     Cached
  + openssl                                           3.1.2  h31becfc_0                conda-forge     Cached
  + libwebp-base                                      1.3.1  h31becfc_0                conda-forge      364kB
  + libjpeg-turbo                                   2.1.5.1  h31becfc_1                conda-forge      509kB
  + libopenblas                                      0.3.23  pthreads_hd703e6f_0       conda-forge        4MB
  + xorg-xextproto                                    7.3.0  h2a766a3_1003             conda-forge       30kB
  + libzlib                                          1.2.13  h31becfc_5                conda-forge     Cached
  + pixman                                           0.40.0  hb9de7d4_0                conda-forge      551kB
  + libiconv                                           1.17  h9cdd2b7_0                conda-forge     Cached
  + icu                                                72.1  hcf00150_0                conda-forge       12MB
  + pkg-config                                       0.29.2  hb9de7d4_1008             conda-forge      299kB
  + ninja                                            1.11.1  hdd96247_0                conda-forge        2MB
  + gettext                                          0.21.1  ha18d298_0                conda-forge        5MB
  + jbig                                                2.1  hf897c2e_2003             conda-forge       45kB
  + fftw                                             3.3.10  nompi_h2dcef8e_108        conda-forge        2MB
  + nettle                                            3.8.1  hcc5b78b_1                conda-forge        1MB
  + libtasn1                                         4.19.0  h4e544f5_0                conda-forge      125kB
  + svt-av1                                           1.7.0  h2f0025b_0                conda-forge        2MB
  + libvpx                                           1.13.0  hd600fc2_0                conda-forge        1MB
  + dav1d                                             1.2.1  h31becfc_0                conda-forge      347kB
  + gmp                                               6.2.1  h7fd3ca4_0                conda-forge      755kB
  + aom                                               3.5.0  headf329_0                conda-forge        3MB
  + rhash                                             1.4.4  h31becfc_0                conda-forge      200kB
  + libexpat                                          2.5.0  hd600fc2_1                conda-forge       77kB
  + ncurses                                             6.4  h2e1726e_0                conda-forge     Cached
  + libuuid                                          2.38.1  hb4cce97_0                conda-forge     Cached
  + xz                                                5.2.6  h9cdd2b7_0                conda-forge     Cached
  + libnsl                                            2.0.0  hf897c2e_0                conda-forge     Cached
  + zeromq                                            4.3.4  h01db608_1                conda-forge      389kB
  + libbrotlienc                                      1.1.0  h31becfc_0                conda-forge      290kB
  + libbrotlidec                                      1.1.0  h31becfc_0                conda-forge       32kB
  + libxcb                                             1.15  h2a766a3_0                conda-forge      389kB
  + gcc_impl_linux-aarch64                           13.2.0  h5669b93_0                conda-forge       50MB
  + libblas                                           3.9.0  17_linuxaarch64_openblas  conda-forge       15kB
  + libllvm14                                        14.0.6  h966f666_4                conda-forge       31MB
  + libprotobuf                                      4.23.4  h87e877f_6                conda-forge        2MB
  + libsqlite                                        3.43.0  h194ca79_0                conda-forge     Cached
  + libnghttp2                                       1.52.0  h250e5c5_0                conda-forge     Cached
  + zlib                                             1.2.13  h31becfc_5                conda-forge       96kB
  + libssh2                                          1.11.0  h492db2e_0                conda-forge     Cached
  + pcre2                                             10.40  he7b27c6_0                conda-forge        2MB
  + libpng                                           1.6.39  hf9034f9_0                conda-forge      299kB
  + zstd                                              1.5.5  h4c53e97_0                conda-forge     Cached
  + tk                                               8.6.12  hd8af866_0                conda-forge     Cached
  + libidn2                                           2.3.4  h4e544f5_0                conda-forge      177kB
  + libflac                                           1.4.3  h2f0025b_0                conda-forge      372kB
  + p11-kit                                          0.24.1  h9f2702f_0                conda-forge        5MB
  + mpfr                                              4.2.0  h96f194b_0                conda-forge      420kB
  + expat                                             2.5.0  hd600fc2_1                conda-forge      126kB
  + libedit                                    3.1.20191231  he28a2e2_2                conda-forge     Cached
  + readline                                            8.2  h8fc344f_1                conda-forge     Cached
  + xorg-libsm                                        1.2.4  h5a01bc2_0                conda-forge       29kB
  + libxml2                                          2.11.5  h164fba4_0                conda-forge      749kB
  + perl                                             5.32.1  4_h31becfc_perl5          conda-forge       13MB
  + brotli-bin                                        1.1.0  h31becfc_0                conda-forge       19kB
  + xorg-libx11                                       1.8.6  h055a233_0                conda-forge      850kB
  + gfortran_impl_linux-aarch64                      13.2.0  h2e87c2d_0                conda-forge       13MB
  + gxx_impl_linux-aarch64                           13.2.0  h5669b93_0                conda-forge       12MB
  + libcblas                                          3.9.0  17_linuxaarch64_openblas  conda-forge       14kB
  + liblapack                                         3.9.0  17_linuxaarch64_openblas  conda-forge       15kB
  + libgit2                                           1.7.1  h9cec674_0                conda-forge      957kB
  + libglib                                          2.78.0  h0464669_0                conda-forge        3MB
  + freetype                                         2.12.1  hf0a5ef3_2                conda-forge      642kB
  + libtiff                                           4.5.1  h360e80f_1                conda-forge      455kB
  + tktable                                            2.10  hcd05d48_3                conda-forge       90kB
  + bwidget                                          1.9.14  h8af1aa0_1                conda-forge      122kB
  + gnutls                                            3.7.8  h5e100cc_0                conda-forge        2MB
  + mpc                                               1.3.1  hf4c8f4c_0                conda-forge      130kB
  + krb5                                             1.21.2  hc419048_0                conda-forge     Cached
  + python                                           3.8.17  ha43d526_0_cpython        conda-forge       14MB
  + brotli                                            1.1.0  h31becfc_0                conda-forge       19kB
  + xorg-libxt                                        1.3.0  h7935292_1                conda-forge      384kB
  + xorg-libxext                                      1.3.4  h2a766a3_2                conda-forge       51kB
  + xorg-libxrender                                  0.9.11  h7935292_0                conda-forge       37kB
  + gsl                                                 2.7  h294027d_0                conda-forge        4MB
  + atk-1.0                                          2.38.0  hf4e84e4_1                conda-forge      538kB
  + gts                                               0.7.6  he293c15_4                conda-forge      333kB
  + fontconfig                                       2.14.2  ha9a116f_0                conda-forge      280kB
  + lcms2                                              2.15  h3e0bdec_1                conda-forge      289kB
  + gdk-pixbuf                                      2.42.10  h23fe23e_2                conda-forge      582kB
  + libwebp                                           1.3.1  hd7a20fa_0                conda-forge       94kB
  + openjpeg                                          2.5.0  h9508984_2                conda-forge      379kB
  + libcurl                                           8.3.0  h4e8248e_0                conda-forge     Cached
  + cairo                                            1.16.0  h3b99fb1_1016             conda-forge        1MB
  + libgd                                             2.3.3  h10d7f0e_6                conda-forge      236kB
  + curl                                              8.3.0  h4e8248e_0                conda-forge       96kB
  + cmake                                            3.27.4  hef020d8_4                conda-forge       18MB
  + harfbuzz                                          7.3.0  h8428050_0                conda-forge        1MB
  + pango                                           1.50.14  hb4276a1_1                conda-forge      454kB
  + libass                                           0.17.1  h4ecd5f7_0                conda-forge      133kB
  + gtk2                                            2.24.33  h49e3f37_2                conda-forge        8MB
  + r-base                                            4.2.3  haa72b06_6                conda-forge       25MB
  + librsvg                                          2.56.3  h2c07517_0                conda-forge        5MB
  + ffmpeg                                            6.0.0  gpl_hb2797d3_104          conda-forge        9MB
  + r-sourcetools                                   0.1.7_1  r42h93f32a7_1             conda-forge       56kB
  + r-sys                                             3.4.2  r42h25e906a_1             conda-forge       50kB
  + r-bit                                             4.0.5  r42h25e906a_1             conda-forge        1MB
  + r-zip                                             2.3.0  r42h25e906a_1             conda-forge      146kB
  + r-fastmap                                         1.1.1  r42h93f32a7_1             conda-forge       73kB
  + r-colorspace                                      2.1_0  r42h25e906a_1             conda-forge        2MB
  + r-base64enc                                       0.1_3  r42h25e906a_1006          conda-forge       47kB
  + r-farver                                          2.1.1  r42h93f32a7_2             conda-forge        1MB
  + r-png                                             0.1_8  r42hef9d8e0_1             conda-forge       62kB
  + r-commonmark                                      1.9.0  r42h25e906a_1             conda-forge      140kB
  + r-ps                                              1.7.5  r42h25e906a_1             conda-forge      313kB
  + r-brio                                            1.1.3  r42h25e906a_2             conda-forge       42kB
  + r-rcpp                                           1.0.11  r42h93f32a7_0             conda-forge        2MB
  + r-backports                                       1.4.1  r42h25e906a_2             conda-forge      112kB
  + r-rappdirs                                        0.3.3  r42h25e906a_2             conda-forge       53kB
  + r-isoband                                         0.2.7  r42h93f32a7_2             conda-forge        2MB
  + r-mime                                             0.12  r42h25e906a_2             conda-forge       54kB
  + r-curl                                            5.0.2  r42h8aed89a_0             conda-forge      455kB
  + r-uuid                                            1.1_1  r42h25e906a_0             conda-forge       56kB
  + r-pbdzmq                                         0.3_10  r42h249d229_0             conda-forge      527kB
  + r-digest                                         0.6.33  r42h93f32a7_0             conda-forge      200kB
  + r-yaml                                            2.3.7  r42h25e906a_1             conda-forge      119kB
  + r-xfun                                             0.40  r42h93f32a7_0             conda-forge      425kB
  + r-utf8                                            1.2.3  r42h25e906a_1             conda-forge      148kB
  + r-fansi                                           1.0.4  r42h25e906a_1             conda-forge      321kB
  + r-spatial                                        7.3_17  r42h25e906a_0             conda-forge      154kB
  + r-rpart                                          4.1.19  r42h25e906a_1             conda-forge      936kB
  + r-mass                                           7.3_60  r42h25e906a_1             conda-forge        1MB
  + r-lattice                                        0.21_8  r42h25e906a_1             conda-forge        1MB
  + r-kernsmooth                                    2.23_22  r42h919c588_0             conda-forge      102kB
  + r-foreign                                        0.8_85  r42h25e906a_0             conda-forge      272kB
  + r-cluster                                         2.1.4  r42hd5055e1_1             conda-forge      574kB
  + r-fs                                              1.6.3  r42h93f32a7_0             conda-forge      503kB
  + r-stringi                                        1.7.12  r42heb6e581_2             conda-forge      896kB
  + r-glue                                            1.6.2  r42h25e906a_2             conda-forge      153kB
  + r-jsonlite                                        1.8.7  r42h25e906a_0             conda-forge      641kB
  + r-cli                                             3.6.1  r42h93f32a7_1             conda-forge        1MB
  + r-rlang                                           1.1.1  r42h93f32a7_1             conda-forge        2MB
  + r-magrittr                                        2.0.3  r42h25e906a_2             conda-forge      210kB
  + r-data.table                                     1.14.8  r42hb4ebc13_2             conda-forge        2MB
  + graphviz                                          8.1.0  h1e60024_0                conda-forge        2MB
  + r-askpass                                         1.2.0  r42h25e906a_0             conda-forge       32kB
  + r-bit64                                           4.0.5  r42h25e906a_2             conda-forge      516kB
  + r-rcpptoml                                        0.2.2  r42ha6e910b_1             conda-forge      224kB
  + r-xml2                                            1.3.5  r42h9ff23c6_0             conda-forge      180kB
  + r-nnet                                           7.3_19  r42h25e906a_1             conda-forge      132kB
  + r-class                                          7.3_22  r42h25e906a_1             conda-forge      108kB
  + r-nlme                                          3.1_163  r42hd5055e1_0             conda-forge        2MB
  + r-matrix                                          1.6_1  r42hd98ab41_0             conda-forge        4MB
  + r-cachem                                          1.0.8  r42h25e906a_1             conda-forge       76kB
  + r-later                                           1.3.1  r42h93f32a7_1             conda-forge      133kB
  + r-ellipsis                                        0.3.2  r42h25e906a_2             conda-forge       44kB
  + imagemagick                                    7.1.1_15  pl5321hac3f1fc_0          conda-forge        3MB
  + r-openssl                                         2.0.6  r42h2a8de3c_1             conda-forge      640kB
  + r-rbibutils                                      2.2.15  r42h9d23599_0             conda-forge      713kB
  + r-survival                                        3.5_7  r42h25e906a_0             conda-forge        6MB
  + r-mgcv                                            1.9_0  r42hd98ab41_0             conda-forge        3MB
  + r-htmltools                                       0.5.6  r42h93f32a7_0             conda-forge      360kB
  + wheel                                            0.41.2  pyhd8ed1ab_0              conda-forge     Cached
  + setuptools                                       68.2.2  pyhd8ed1ab_0              conda-forge     Cached
  + r-xtable                                          1.8_4  r42hc72bb7e_5             conda-forge      698kB
  + r-ini                                             0.3.1  r42hc72bb7e_1005          conda-forge       33kB
  + r-gitcreds                                        0.1.2  r42hc72bb7e_2             conda-forge       94kB
  + r-assertthat                                      0.2.1  r42hc72bb7e_4             conda-forge       71kB
  + r-renv                                            1.0.2  r42hc72bb7e_0             conda-forge        2MB
  + r-packrat                                         0.9.2  r42hc72bb7e_0             conda-forge      677kB
  + r-viridislite                                     0.4.2  r42hc72bb7e_1             conda-forge        1MB
  + r-rcolorbrewer                                    1.1_3  r42h785f33e_2             conda-forge       68kB
  + r-labeling                                        0.4.3  r42hc72bb7e_0             conda-forge       69kB
  + r-whisker                                         0.4.1  r42hc72bb7e_1             conda-forge       82kB
  + r-cpp11                                           0.4.6  r42hc72bb7e_0             conda-forge      230kB
  + r-brew                                            1.0_8  r42hc72bb7e_2             conda-forge       69kB
  + r-praise                                          1.0.0  r42hc72bb7e_1007          conda-forge       25kB
  + r-generics                                        0.1.3  r42hc72bb7e_2             conda-forge       91kB
  + r-rematch                                         2.0.0  r42hc72bb7e_0             conda-forge       25kB
  + r-dbi                                             1.1.3  r42hc72bb7e_2             conda-forge      713kB
  + r-remotes                                       2.4.2.1  r42hc72bb7e_0             conda-forge      402kB
  + r-pkgconfig                                       2.0.3  r42hc72bb7e_3             conda-forge       26kB
  + r-r6                                              2.5.1  r42hc72bb7e_2             conda-forge       91kB
  + r-evaluate                                         0.21  r42hc72bb7e_1             conda-forge       90kB
  + r-crayon                                          1.5.2  r42hc72bb7e_2             conda-forge      166kB
  + r-gbrd                                           0.4_11  r42hc72bb7e_1005          conda-forge       57kB
  + r-codetools                                      0.2_19  r42hc72bb7e_1             conda-forge      108kB
  + r-boot                                         1.3_28.1  r42hc72bb7e_1             conda-forge      629kB
  + r-clipr                                           0.8.0  r42hc72bb7e_2             conda-forge       69kB
  + r-withr                                           2.5.0  r42hc72bb7e_2             conda-forge      239kB
  + r-rstudioapi                                     0.15.0  r42hc72bb7e_0             conda-forge      299kB
  + r-numbers                                         0.8_5  r42hc72bb7e_1             conda-forge      253kB
  + r-munsell                                         0.5.0  r42hc72bb7e_1006          conda-forge      247kB
  + r-rprojroot                                       2.0.3  r42hc72bb7e_1             conda-forge      118kB
  + r-tinytex                                          0.46  r42hc72bb7e_0             conda-forge      144kB
  + r-highr                                            0.10  r42hc72bb7e_1             conda-forge       57kB
  + r-lifecycle                                       1.0.3  r42hc72bb7e_2             conda-forge      122kB
  + r-urlchecker                                      1.0.1  r42hc72bb7e_2             conda-forge       52kB
  + r-rversions                                       2.1.2  r42hc72bb7e_2             conda-forge       73kB
  + r-memoise                                         2.0.1  r42hc72bb7e_2             conda-forge       56kB
  + r-credentials                                     2.0.1  r42hc72bb7e_0             conda-forge      225kB
  + r-ids                                             1.0.1  r42hc72bb7e_3             conda-forge      127kB
  + r-fontawesome                                     0.5.2  r42hc72bb7e_0             conda-forge        1MB
  + r-jquerylib                                       0.1.4  r42hc72bb7e_2             conda-forge      306kB
  + pip                                              23.2.1  pyhd8ed1ab_0              conda-forge     Cached
  + r-prettyunits                                     1.1.1  r42hc72bb7e_3             conda-forge       43kB
  + r-httr                                            1.4.7  r42hc72bb7e_0             conda-forge      471kB
  + r-rdpack                                            2.5  r42hc72bb7e_0             conda-forge      742kB
  + r-recommended                                       4.2  r42hd8ed1ab_1006          conda-forge       18kB
  + r-httr2                                           0.2.3  r42hc72bb7e_1             conda-forge      386kB
  + r-sessioninfo                                     1.2.2  r42hc72bb7e_2             conda-forge      198kB
  + r-here                                            1.0.1  r42hc72bb7e_2             conda-forge       56kB
  + r-desc                                            1.4.2  r42hc72bb7e_2             conda-forge      331kB
  + r-knitr                                            1.44  r42hc72bb7e_0             conda-forge        1MB
  + r-rsconnect                                       1.1.0  r42hc72bb7e_0             conda-forge      771kB
  + r-scales                                          1.2.1  r42hc72bb7e_2             conda-forge      598kB
  + r-gtable                                          0.3.4  r42hc72bb7e_0             conda-forge      222kB
  + r-conflicted                                      1.2.0  r42h785f33e_1             conda-forge       64kB
  + backports                                           1.0  pyhd8ed1ab_3              conda-forge        6kB
  + parso                                             0.8.3  pyhd8ed1ab_0              conda-forge       71kB
  + pure_eval                                         0.2.2  pyhd8ed1ab_0              conda-forge       15kB
  + executing                                         1.2.0  pyhd8ed1ab_0              conda-forge       25kB
  + pysocks                                           1.7.1  pyha2e5f31_6              conda-forge     Cached
  + pycparser                                          2.21  pyhd8ed1ab_0              conda-forge     Cached
  + munkres                                           1.1.4  pyh9f0ad1d_0              conda-forge       12kB
  + pyparsing                                         3.0.9  pyhd8ed1ab_0              conda-forge       81kB
  + cycler                                           0.11.0  pyhd8ed1ab_0              conda-forge       10kB
  + python-tzdata                                    2023.3  pyhd8ed1ab_0              conda-forge      143kB
  + pytz                                       2023.3.post1  pyhd8ed1ab_0              conda-forge      187kB
  + soupsieve                                           2.5  pyhd8ed1ab_1              conda-forge       37kB
  + webencodings                                      0.5.1  pyhd8ed1ab_2              conda-forge       16kB
  + decorator                                         5.1.1  pyhd8ed1ab_0              conda-forge       12kB
  + backcall                                          0.2.0  pyh9f0ad1d_0              conda-forge       14kB
  + pickleshare                                       0.7.5  py_1003                   conda-forge        9kB
  + json5                                            0.9.14  pyhd8ed1ab_0              conda-forge       25kB
  + pygments                                         2.16.1  pyhd8ed1ab_0              conda-forge      853kB
  + pandocfilters                                     1.5.0  pyhd8ed1ab_0              conda-forge       12kB
  + mistune                                           3.0.1  pyhd8ed1ab_0              conda-forge       66kB
  + defusedxml                                        0.7.1  pyhd8ed1ab_0              conda-forge       24kB
  + entrypoints                                         0.4  pyhd8ed1ab_0              conda-forge        9kB
  + python-fastjsonschema                            2.18.0  pyhd8ed1ab_0              conda-forge      226kB
  + certifi                                       2023.7.22  pyhd8ed1ab_0              conda-forge     Cached
  + ptyprocess                                        0.7.0  pyhd3deb0d_0              conda-forge       17kB
  + charset-normalizer                                3.2.0  pyhd8ed1ab_0              conda-forge     Cached
  + threadpoolctl                                     3.2.0  pyha21a80b_0              conda-forge       21kB
  + joblib                                            1.3.2  pyhd8ed1ab_0              conda-forge      221kB
  + cached_property                                   1.5.2  pyha770c72_1              conda-forge       11kB
  + six                                              1.16.0  pyh6c4a22f_0              conda-forge       14kB
  + exceptiongroup                                    1.1.3  pyhd8ed1ab_0              conda-forge       19kB
  + sniffio                                           1.3.0  pyhd8ed1ab_0              conda-forge       14kB
  + zipp                                             3.16.2  pyhd8ed1ab_0              conda-forge       19kB
  + nest-asyncio                                      1.5.6  pyhd8ed1ab_0              conda-forge       10kB
  + attrs                                            23.1.0  pyh71513ae_1              conda-forge       55kB
  + pkgutil-resolve-name                             1.3.10  pyhd8ed1ab_1              conda-forge       11kB
  + webcolors                                          1.13  pyhd8ed1ab_0              conda-forge       18kB
  + uri-template                                      1.3.0  pyhd8ed1ab_0              conda-forge       24kB
  + idna                                                3.4  pyhd8ed1ab_0              conda-forge     Cached
  + python-json-logger                                2.0.7  pyhd8ed1ab_0              conda-forge       13kB
  + rfc3986-validator                                 0.1.1  pyh9f0ad1d_0              conda-forge        8kB
  + prometheus_client                                0.17.1  pyhd8ed1ab_0              conda-forge       53kB
  + typing_utils                                      0.1.0  pyhd8ed1ab_0              conda-forge       14kB
  + websocket-client                                  1.6.3  pyhd8ed1ab_0              conda-forge       46kB
  + traitlets                                        5.10.0  pyhd8ed1ab_0              conda-forge      102kB
  + tomli                                             2.0.1  pyhd8ed1ab_0              conda-forge       16kB
  + packaging                                          23.1  pyhd8ed1ab_0              conda-forge     Cached
  + distro                                            1.8.0  pyhd8ed1ab_0              conda-forge       41kB
  + typing_extensions                                 4.7.1  pyha770c72_0              conda-forge       36kB
  + networkx                                            3.1  pyhd8ed1ab_0              conda-forge        1MB
  + mpmath                                            1.3.0  pyhd8ed1ab_0              conda-forge      438kB
  + send2trash                                        1.8.2  pyh41d4057_0              conda-forge       23kB
  + filelock                                         3.12.4  pyhd8ed1ab_0              conda-forge       15kB
  + mido                                             1.2.10  pyhd8ed1ab_0              conda-forge       40kB
  + r-gargle                                          1.5.2  r42h785f33e_0             conda-forge      708kB
  + r-gh                                              1.4.0  r42hc72bb7e_1             conda-forge      108kB
  + r-pkgload                                       1.3.2.1  r42hc72bb7e_0             conda-forge      195kB
  + backports.functools_lru_cache                     1.6.5  pyhd8ed1ab_0              conda-forge       12kB
  + jedi                                             0.19.0  pyhd8ed1ab_0              conda-forge      845kB
  + babel                                            2.12.1  pyhd8ed1ab_1              conda-forge        7MB
  + beautifulsoup4                                   4.12.2  pyha770c72_0              conda-forge      115kB
  + tinycss2                                          1.2.1  pyhd8ed1ab_0              conda-forge       23kB
  + jupyterlab_pygments                               0.2.2  pyhd8ed1ab_0              conda-forge       17kB
  + pexpect                                           4.8.0  pyh1a96a4e_2              conda-forge       49kB
  + cached-property                                   1.5.2  hd8ed1ab_1                conda-forge        4kB
  + asttokens                                         2.4.0  pyhd8ed1ab_0              conda-forge       29kB
  + rfc3339-validator                                 0.1.4  pyhd8ed1ab_0              conda-forge        8kB
  + python-dateutil                                   2.8.2  pyhd8ed1ab_0              conda-forge      246kB
  + importlib-metadata                                6.8.0  pyha770c72_0              conda-forge       26kB
  + importlib_resources                               6.0.1  pyhd8ed1ab_0              conda-forge       31kB
  + anyio                                             4.0.0  pyhd8ed1ab_0              conda-forge       99kB
  + overrides                                         7.4.0  pyhd8ed1ab_0              conda-forge       30kB
  + comm                                              0.1.4  pyhd8ed1ab_0              conda-forge       12kB
  + matplotlib-inline                                 0.1.6  pyhd8ed1ab_0              conda-forge       12kB
  + bleach                                            6.0.0  pyhd8ed1ab_0              conda-forge      131kB
  + async-lru                                         2.0.4  pyhd8ed1ab_0              conda-forge       15kB
  + typing-extensions                                 4.7.1  hd8ed1ab_0                conda-forge       10kB
  + wcwidth                                           0.2.6  pyhd8ed1ab_0              conda-forge       29kB
  + fqdn                                              1.5.1  pyhd8ed1ab_0              conda-forge       14kB
  + stack_data                                        0.6.2  pyhd8ed1ab_0              conda-forge       26kB
  + arrow                                             1.2.3  pyhd8ed1ab_0              conda-forge       94kB
  + importlib_metadata                                6.8.0  hd8ed1ab_0                conda-forge        9kB
  + importlib-resources                               6.0.1  pyhd8ed1ab_0              conda-forge       10kB
  + async-timeout                                     4.0.3  pyhd8ed1ab_0              conda-forge       11kB
  + platformdirs                                     3.10.0  pyhd8ed1ab_0              conda-forge       20kB
  + scikit-build                                     0.17.6  pyh4af843d_0              conda-forge      105kB
  + prompt-toolkit                                   3.0.39  pyha770c72_0              conda-forge      269kB
  + isoduration                                     20.11.0  pyhd8ed1ab_0              conda-forge       17kB
  + prompt_toolkit                                   3.0.39  hd8ed1ab_0                conda-forge        7kB
  + ipython                                          8.12.2  pyh41d4057_0              conda-forge      582kB
  + r-timechange                                      0.2.0  r42h93f32a7_1             conda-forge      215kB
  + r-systemfonts                                     1.0.4  r42he1fe685_2             conda-forge      256kB
  + r-tzdb                                            0.4.0  r42h93f32a7_1             conda-forge      535kB
  + r-promises                                        1.2.1  r42h93f32a7_0             conda-forge        2MB
  + r-sass                                            0.4.7  r42h93f32a7_0             conda-forge        2MB
  + r-processx                                        3.8.2  r42h25e906a_0             conda-forge      328kB
  + r-diffobj                                         0.3.5  r42h25e906a_2             conda-forge      977kB
  + r-vctrs                                           0.6.3  r42h93f32a7_0             conda-forge        1MB
  + r-gert                                            1.9.3  r42h3c61000_1             conda-forge      262kB
  + brotli-python                                     1.1.0  py38hb83fbf6_0            conda-forge      355kB
  + unicodedata2                                     15.0.0  py38hdacc76a_0            conda-forge      513kB
  + pillow                                           10.0.0  py38h5cbf20c_0            conda-forge       46MB
  + kiwisolver                                        1.4.5  py38h7e3a353_0            conda-forge       73kB
  + llvmlite                                         0.40.1  py38h95a9722_0            conda-forge        2MB
  + multidict                                         6.0.4  py38hda48048_0            conda-forge       54kB
  + frozenlist                                        1.4.0  py38h9579f32_0            conda-forge       55kB
  + markupsafe                                        2.1.3  py38hea3b116_0            conda-forge       25kB
  + debugpy                                           1.8.0  py38hb83fbf6_0            conda-forge        2MB
  + psutil                                            5.9.5  py38hda48048_0            conda-forge      361kB
  + rpds-py                                          0.10.3  py38hf532af8_0            conda-forge      997kB
  + jsonpointer                                         2.4  py38he3eb160_2            conda-forge       17kB
  + pyyaml                                            6.0.1  py38h9579f32_0            conda-forge      171kB
  + pyzmq                                            25.1.1  py38h6a3a231_0            conda-forge      458kB
  + tornado                                           6.3.3  py38hea3b116_0            conda-forge      632kB
  + gmpy2                                             2.1.2  py38hff653fa_1            conda-forge      212kB
  + protobuf                                         4.23.4  py38h545948b_2            conda-forge      324kB
  + numpy                                            1.24.4  py38he3f4005_0            conda-forge        6MB
  + fastrlock                                         0.8.2  py38hed0da46_0            conda-forge       39kB
  + cython                                            3.0.2  py38hb83fbf6_0            conda-forge        3MB
  + r-reticulate                                     1.32.0  r42h93f32a7_0             conda-forge        2MB
  + cffi                                             1.15.1  py38h6989fa8_3            conda-forge      254kB
  + jupyter_core                                      5.3.1  py38he3eb160_0            conda-forge       92kB
  + r-lubridate                                       1.9.2  r42h25e906a_2             conda-forge      971kB
  + r-textshaping                                     0.3.6  r42h3773dde_6             conda-forge      115kB
  + r-httpuv                                         1.6.11  r42h93f32a7_1             conda-forge      797kB
  + r-tidyselect                                      1.2.0  r42h4571c7f_1             conda-forge      216kB
  + r-purrr                                           1.0.2  r42h25e906a_0             conda-forge      490kB
  + fonttools                                        4.42.1  py38h9579f32_0            conda-forge        2MB
  + yarl                                              1.9.2  py38h9579f32_0            conda-forge       96kB
  + contourpy                                         1.1.0  py38hb4b5b6f_0            conda-forge      224kB
  + pandas                                            2.0.3  py38h958bb2c_1            conda-forge       12MB
  + numba                                            0.57.1  py38h2ab0d9a_0            conda-forge        4MB
  + argon2-cffi-bindings                             21.2.0  py38hdacc76a_3            conda-forge       38kB
  + r-ragg                                            1.2.5  r42h26ab081_2             conda-forge      431kB
  + matplotlib-base                                   3.7.2  py38h669b236_0            conda-forge        7MB
  + matplotlib                                        3.7.2  py38h2063c64_0            conda-forge        9kB
  + r-bslib                                           0.5.1  r42hc72bb7e_0             conda-forge        5MB
  + r-xopen                                           1.0.0  r42hc72bb7e_1005          conda-forge       30kB
  + r-callr                                           3.7.3  r42hc72bb7e_1             conda-forge      415kB
  + r-downlit                                         0.4.3  r42hc72bb7e_0             conda-forge      121kB
  + r-blob                                            1.2.4  r42hc72bb7e_1             conda-forge       66kB
  + r-stringr                                         1.5.0  r42h785f33e_1             conda-forge      296kB
  + r-pillar                                          1.9.0  r42hc72bb7e_1             conda-forge      618kB
  + r-hms                                             1.1.3  r42hc72bb7e_1             conda-forge      107kB
  + urllib3                                           2.0.4  pyhd8ed1ab_0              conda-forge     Cached
  + aiosignal                                         1.3.1  pyhd8ed1ab_0              conda-forge       13kB
  + jinja2                                            3.1.2  pyhd8ed1ab_1              conda-forge      101kB
  + referencing                                      0.30.2  pyhd8ed1ab_0              conda-forge       38kB
  + terminado                                        0.17.1  pyh41d4057_0              conda-forge       21kB
  + sympy                                              1.12  pypyh9d50eac_103          conda-forge        4MB
  + jupyter_client                                    8.3.1  pyhd8ed1ab_0              conda-forge      105kB
  + r-usethis                                         2.2.2  r42hc72bb7e_0             conda-forge      859kB
  + argon2-cffi                                      23.1.0  pyhd8ed1ab_0              conda-forge       19kB
  + r-shiny                                           1.7.5  r42h785f33e_0             conda-forge        3MB
  + r-pkgbuild                                        1.4.2  r42hc72bb7e_0             conda-forge      205kB
  + r-rmarkdown                                        2.24  r42hc72bb7e_0             conda-forge        2MB
  + r-selectr                                         0.4_2  r42hc72bb7e_3             conda-forge      421kB
  + r-repr                                            1.1.6  r42h785f33e_1             conda-forge      142kB
  + r-progress                                        1.2.2  r42hc72bb7e_4             conda-forge       92kB
  + requests                                         2.31.0  pyhd8ed1ab_0              conda-forge     Cached
  + jsonschema-specifications                      2023.7.1  pyhd8ed1ab_0              conda-forge       15kB
  + jupyter_server_terminals                          0.4.4  pyhd8ed1ab_1              conda-forge       19kB
  + ipykernel                                        6.25.2  pyh2140261_0              conda-forge      114kB
  + r-miniui                                        0.1.1.1  r42hc72bb7e_1004          conda-forge       54kB
  + r-rcmdcheck                                       1.4.0  r42h785f33e_2             conda-forge      177kB
  + r-htmlwidgets                                     1.6.2  r42hc72bb7e_1             conda-forge      424kB
  + r-reprex                                          2.0.2  r42hc72bb7e_2             conda-forge      502kB
  + r-quarto                                            1.2  r42hc72bb7e_1             conda-forge       83kB
  + r-irdisplay                                         1.1  r42hd8ed1ab_2             conda-forge       39kB
  + pooch                                             1.7.0  pyha770c72_3              conda-forge       51kB
  + jsonschema                                       4.19.0  pyhd8ed1ab_1              conda-forge       71kB
  + r-irkernel                                        1.3.2  r42h785f33e_1             conda-forge      231kB
  + jsonschema-with-format-nongpl                    4.19.0  pyhd8ed1ab_1              conda-forge        7kB
  + nbformat                                          5.9.2  pyhd8ed1ab_0              conda-forge      100kB
  + jupyter_events                                    0.7.0  pyhd8ed1ab_2              conda-forge       21kB
  + nbclient                                          0.8.0  pyhd8ed1ab_0              conda-forge       65kB
  + nbconvert-core                                    7.8.0  pyhd8ed1ab_0              conda-forge      187kB
  + jupyter_server                                    2.7.3  pyhd8ed1ab_0              conda-forge      317kB
  + jupyterlab_server                                2.25.0  pyhd8ed1ab_0              conda-forge       48kB
  + jupyter-lsp                                       2.2.0  pyhd8ed1ab_0              conda-forge       53kB
  + notebook-shim                                     0.2.3  pyhd8ed1ab_0              conda-forge       17kB
  + jupyterlab                                        4.0.5  pyhd8ed1ab_0              conda-forge        6MB
  + r-roxygen2                                        7.2.3  r42h93f32a7_1             conda-forge      792kB
  + r-tibble                                          3.2.1  r42h25e906a_2             conda-forge      612kB
  + aiohttp                                           3.8.5  py38h9579f32_0            conda-forge      447kB
  + r-profvis                                         0.3.8  r42h25e906a_3             conda-forge      207kB
  + scipy                                            1.10.1  py38he3f4005_3            conda-forge       16MB
  + r-vroom                                           1.6.3  r42h93f32a7_1             conda-forge      896kB
  + r-dplyr                                           1.1.3  r42h93f32a7_0             conda-forge        1MB
  + scikit-learn                                      1.3.0  py38h1df8120_0            conda-forge        8MB
  + r-readr                                           2.1.4  r42h93f32a7_1             conda-forge      803kB
  + r-tidyr                                           1.3.0  r42h93f32a7_1             conda-forge        1MB
  + r-pkgdown                                         2.0.7  r42hc72bb7e_1             conda-forge      725kB
  + r-rematch2                                        2.1.2  r42hc72bb7e_3             conda-forge       54kB
  + r-cellranger                                      1.1.0  r42hc72bb7e_1006          conda-forge      109kB
  + r-ggplot2                                         3.4.3  r42hc72bb7e_0             conda-forge        3MB
  + r-forcats                                         1.0.0  r42hc72bb7e_1             conda-forge      424kB
  + r-rvest                                           1.0.3  r42hc72bb7e_2             conda-forge      215kB
  + r-googledrive                                     2.1.1  r42hc72bb7e_1             conda-forge        1MB
  + r-dtplyr                                          1.3.1  r42hc72bb7e_1             conda-forge      358kB
  + r-dbplyr                                          2.3.3  r42hc72bb7e_0             conda-forge        1MB
  + r-waldo                                           0.5.1  r42hc72bb7e_1             conda-forge      112kB
  + r-broom                                           1.0.5  r42hc72bb7e_1             conda-forge        2MB
  + r-googlesheets4                                   1.1.1  r42h785f33e_1             conda-forge      516kB
  + r-modelr                                         0.1.11  r42hc72bb7e_1             conda-forge      220kB
  + r-readxl                                          1.4.3  r42h53325e7_0             conda-forge      764kB
  + r-haven                                           2.5.3  r42h93f32a7_0             conda-forge      376kB
  + r-testthat                                       3.1.10  r42h93f32a7_0             conda-forge        2MB
  + r-tidyverse                                       2.0.0  r42h785f33e_1             conda-forge      426kB
  + r-devtools                                        2.4.5  r42hc72bb7e_2             conda-forge      428kB

  Summary:

  Install: 474 packages

  Total download: 650MB

───────────────────────────────────────────────────────────────────────────────────────────────────────────────



Downloading and Extracting Packages

Preparing transaction: ...working... done
Verifying transaction: ...working... done
Executing transaction: ...working... 

done
Installing pip dependencies: ...working... Ran pip subprocess with arguments:
['/home/znmeb/mambaforge/envs/r-reticulate/bin/python', '-m', 'pip', 'install', '-U', '-r', '/home/znmeb/Projects/AlgoCompSynth-One/JetPack5/Scripts/condaenv.lebpp1qh.requirements.txt', '--exists-action=b']
Pip subprocess output:
Collecting jupyterlab-quarto (from -r /home/znmeb/Projects/AlgoCompSynth-One/JetPack5/Scripts/condaenv.lebpp1qh.requirements.txt (line 1))
  Obtaining dependency information for jupyterlab-quarto from https://files.pythonhosted.org/packages/7d/23/67b43d5d4b8b0aca29f6a626350c9490d753123ccf63395567d1f6a5e0aa/jupyterlab_quarto-0.2.8-py3-none-any.whl.metadata
  Downloading jupyterlab_quarto-0.2.8-py3-none-any.whl.metadata (6.8 kB)
Downloading jupyterlab_quarto-0.2.8-py3-none-any.whl (909 kB)
   ━━━━━━━━━━━━━━━━━━━━━━━━━━━━━━━━━━━━━━━━ 909.8/909.8 kB 16.0 MB/s eta 0:00:00
Installing collected packages: jupyterlab-quarto
Successfully installed jupyterlab-quarto-0.2.8

done
#
# To activate this environment, use
#
#     $ conda activate r-reticulate
#
# To deactivate an active environment, use
#
#     $ conda deactivate

158.76user 91.13system 3:08.23elapsed 132%CPU (0avgtext+0avgdata 857068maxresident)k
321488inputs+7041096outputs (263major+1230171minor)pagefaults 0swaps
Activating r-reticulate
Installing 'caracas'
also installing the dependencies ‘minqa’, ‘nloptr’, ‘RcppEigen’, ‘lme4’, ‘numDeriv’, ‘Deriv’, ‘microbenchmark’, ‘pbkrtest’, ‘doBy’

Updating HTML index of packages in '.Library'
Making 'packages.html' ... done
502.90user 48.77system 5:11.78elapsed 176%CPU (0avgtext+0avgdata 1175272maxresident)k
22232inputs+218792outputs (242major+4408553minor)pagefaults 0swaps
Installing 'tinytex'
trying URL 'https://yihui.org/gh/tinytex/tools/install-unx.sh'
Content type 'application/x-sh' length 821 bytes
==================================================
downloaded 821 bytes

--2023-09-14 11:37:48--  https://ctan.math.illinois.edu/systems/texlive/tlnet//install-tl-unx.tar.gz
Resolving ctan.math.illinois.edu (ctan.math.illinois.edu)... 192.17.3.223
Connecting to ctan.math.illinois.edu (ctan.math.illinois.edu)|192.17.3.223|:443... connected.
HTTP request sent, awaiting response... 200 OK
Length: 5742573 (5.5M) [application/octet-stream]
Saving to: ‘install-tl-unx.tar.gz’

     0K .......... .......... .......... .......... ..........  0%  965K 6s
    50K .......... .......... .......... .......... ..........  1%  982K 6s
   100K .......... .......... .......... .......... ..........  2% 19.6M 4s
   150K .......... .......... .......... .......... ..........  3% 1.00M 4s
   200K .......... .......... .......... .......... ..........  4% 21.0M 3s
   250K .......... .......... .......... .......... ..........  5% 23.4M 3s
   300K .......... .......... .......... .......... ..........  6% 23.5M 2s
   350K .......... .......... .......... .......... ..........  7% 1.10M 3s
   400K .......... .......... .......... .......... ..........  8% 19.2M 2s
   450K .......... .......... .......... .......... ..........  8% 23.4M 2s
   500K .......... .......... .......... .......... ..........  9% 24.7M 2s
   550K .......... .......... .......... .......... .......... 10% 20.3M 2s
   600K .......... .......... .......... .......... .......... 11% 24.9M 2s
   650K .......... .......... .......... .......... .......... 12% 24.6M 2s
   700K .......... .......... .......... .......... .......... 13% 24.8M 1s
   750K .......... .......... .......... .......... .......... 14% 20.4M 1s
   800K .......... .......... .......... .......... .......... 15% 1.35M 1s
   850K .......... .......... .......... .......... .......... 16% 22.6M 1s
   900K .......... .......... .......... .......... .......... 16% 22.8M 1s
   950K .......... .......... .......... .......... .......... 17% 18.5M 1s
  1000K .......... .......... .......... .......... .......... 18% 24.2M 1s
  1050K .......... .......... .......... .......... .......... 19% 24.3M 1s
  1100K .......... .......... .......... .......... .......... 20% 25.4M 1s
  1150K .......... .......... .......... .......... .......... 21% 20.4M 1s
  1200K .......... .......... .......... .......... .......... 22% 24.3M 1s
  1250K .......... .......... .......... .......... .......... 23% 24.2M 1s
  1300K .......... .......... .......... .......... .......... 24%  597K 1s
  1350K .......... .......... .......... .......... .......... 24% 16.7M 1s
  1400K .......... .......... .......... .......... .......... 25% 23.9M 1s
  1450K .......... .......... .......... .......... .......... 26% 24.3M 1s
  1500K .......... .......... .......... .......... .......... 27% 24.9M 1s
  1550K .......... .......... .......... .......... .......... 28% 20.6M 1s
  1600K .......... .......... .......... .......... .......... 29% 24.8M 1s
  1650K .......... .......... .......... .......... .......... 30% 23.8M 1s
  1700K .......... .......... .......... .......... .......... 31% 25.3M 1s
  1750K .......... .......... .......... .......... .......... 32% 21.1M 1s
  1800K .......... .......... .......... .......... .......... 32% 24.8M 1s
  1850K .......... .......... .......... .......... .......... 33% 20.8M 1s
  1900K .......... .......... .......... .......... .......... 34% 26.7M 1s
  1950K .......... .......... .......... .......... .......... 35% 21.5M 1s
  2000K .......... .......... .......... .......... .......... 36% 9.64M 1s
  2050K .......... .......... .......... .......... .......... 37% 27.3M 1s
  2100K .......... .......... .......... .......... .......... 38% 30.2M 1s
  2150K .......... .......... .......... .......... .......... 39% 29.6M 1s
  2200K .......... .......... .......... .......... .......... 40% 33.2M 1s
  2250K .......... .......... .......... .......... .......... 41% 37.6M 1s
  2300K .......... .......... .......... .......... .......... 41% 38.0M 1s
  2350K .......... .......... .......... .......... .......... 42% 28.6M 1s
  2400K .......... .......... .......... .......... .......... 43% 42.3M 1s
  2450K .......... .......... .......... .......... .......... 44% 42.1M 1s
  2500K .......... .......... .......... .......... .......... 45% 35.1M 0s
  2550K .......... .......... .......... .......... .......... 46% 38.9M 0s
  2600K .......... .......... .......... .......... .......... 47% 39.6M 0s
  2650K .......... .......... .......... .......... .......... 48% 41.0M 0s
  2700K .......... .......... .......... .......... .......... 49% 38.9M 0s
  2750K .......... .......... .......... .......... .......... 49% 39.0M 0s
  2800K .......... .......... .......... .......... .......... 50% 45.1M 0s
  2850K .......... .......... .......... .......... .......... 51% 47.2M 0s
  2900K .......... .......... .......... .......... .......... 52% 45.5M 0s
  2950K .......... .......... .......... .......... .......... 53% 41.8M 0s
  3000K .......... .......... .......... .......... .......... 54% 46.2M 0s
  3050K .......... .......... .......... .......... .......... 55% 47.6M 0s
  3100K .......... .......... .......... .......... .......... 56% 47.8M 0s
  3150K .......... .......... .......... .......... .......... 57% 39.7M 0s
  3200K .......... .......... .......... .......... .......... 57% 47.0M 0s
  3250K .......... .......... .......... .......... .......... 58% 48.5M 0s
  3300K .......... .......... .......... .......... .......... 59% 48.5M 0s
  3350K .......... .......... .......... .......... .......... 60% 41.0M 0s
  3400K .......... .......... .......... .......... .......... 61% 48.0M 0s
  3450K .......... .......... .......... .......... .......... 62% 47.8M 0s
  3500K .......... .......... .......... .......... .......... 63% 48.2M 0s
  3550K .......... .......... .......... .......... .......... 64% 39.9M 0s
  3600K .......... .......... .......... .......... .......... 65% 47.1M 0s
  3650K .......... .......... .......... .......... .......... 65% 47.5M 0s
  3700K .......... .......... .......... .......... .......... 66% 7.53M 0s
  3750K .......... .......... .......... .......... .......... 67% 40.8M 0s
  3800K .......... .......... .......... .......... .......... 68% 43.1M 0s
  3850K .......... .......... .......... .......... .......... 69% 43.8M 0s
  3900K .......... .......... .......... .......... .......... 70% 42.6M 0s
  3950K .......... .......... .......... .......... .......... 71% 39.3M 0s
  4000K .......... .......... .......... .......... .......... 72% 42.8M 0s
  4050K .......... .......... .......... .......... .......... 73% 42.9M 0s
  4100K .......... .......... .......... .......... .......... 74% 47.7M 0s
  4150K .......... .......... .......... .......... .......... 74% 42.9M 0s
  4200K .......... .......... .......... .......... .......... 75% 46.2M 0s
  4250K .......... .......... .......... .......... .......... 76% 48.0M 0s
  4300K .......... .......... .......... .......... .......... 77% 47.3M 0s
  4350K .......... .......... .......... .......... .......... 78% 40.7M 0s
  4400K .......... .......... .......... .......... .......... 79% 45.4M 0s
  4450K .......... .......... .......... .......... .......... 80% 48.3M 0s
  4500K .......... .......... .......... .......... .......... 81%  883K 0s
  4550K .......... .......... .......... .......... .......... 82% 40.2M 0s
  4600K .......... .......... .......... .......... .......... 82% 44.1M 0s
  4650K .......... .......... .......... .......... .......... 83% 47.3M 0s
  4700K .......... .......... .......... .......... .......... 84% 48.0M 0s
  4750K .......... .......... .......... .......... .......... 85% 37.5M 0s
  4800K .......... .......... .......... .......... .......... 86% 47.3M 0s
  4850K .......... .......... .......... .......... .......... 87% 48.1M 0s
  4900K .......... .......... .......... .......... .......... 88% 48.8M 0s
  4950K .......... .......... .......... .......... .......... 89% 41.0M 0s
  5000K .......... .......... .......... .......... .......... 90% 47.5M 0s
  5050K .......... .......... .......... .......... .......... 90% 46.6M 0s
  5100K .......... .......... .......... .......... .......... 91% 47.1M 0s
  5150K .......... .......... .......... .......... .......... 92% 40.6M 0s
  5200K .......... .......... .......... .......... .......... 93% 48.0M 0s
  5250K .......... .......... .......... .......... .......... 94% 48.2M 0s
  5300K .......... .......... .......... .......... .......... 95% 47.6M 0s
  5350K .......... .......... .......... .......... .......... 96% 41.4M 0s
  5400K .......... .......... .......... .......... .......... 97% 47.7M 0s
  5450K .......... .......... .......... .......... .......... 98% 48.0M 0s
  5500K .......... .......... .......... .......... .......... 98% 48.5M 0s
  5550K .......... .......... .......... .......... .......... 99% 39.0M 0s
  5600K .......                                               100% 42.9M=0.5s

2023-09-14 11:37:49 (10.2 MB/s) - ‘install-tl-unx.tar.gz’ saved [5742573/5742573]

--2023-09-14 11:37:49--  https://yihui.org/gh/tinytex/tools/tinytex.profile
Resolving yihui.org (yihui.org)... 172.67.140.24, 104.21.87.33, 2606:4700:3032::ac43:8c18, ...
Connecting to yihui.org (yihui.org)|172.67.140.24|:443... connected.
HTTP request sent, awaiting response... 301 Moved Permanently
Location: https://tinytex.yihui.org/tinytex.profile [following]
--2023-09-14 11:37:49--  https://tinytex.yihui.org/tinytex.profile
Resolving tinytex.yihui.org (tinytex.yihui.org)... 50.18.142.31, 13.57.148.141, 2600:1f1c:471:9d00::c8, ...
Connecting to tinytex.yihui.org (tinytex.yihui.org)|50.18.142.31|:443... connected.
HTTP request sent, awaiting response... 200 OK
Length: 183 [application/octet-stream]
Saving to: ‘tinytex.profile’

     0K                                                       100% 4.10M=0s

2023-09-14 11:37:49 (4.10 MB/s) - ‘tinytex.profile’ saved [183/183]

Automated TeX Live installation using profile: ../tinytex.profile
Loading https://ctan.math.illinois.edu/systems/texlive/tlnet/tlpkg/texlive.tlpdb
Installing TeX Live 2023 from: https://ctan.math.illinois.edu/systems/texlive/tlnet (verified)
Platform: aarch64-linux => 'GNU/Linux on ARM64'
Distribution: net  (downloading)
Using URL: https://ctan.math.illinois.edu/systems/texlive/tlnet
Directory for temporary files: /tmp/9Rva9M9PhR
Installing to: ./
Installing [1/4, time/total: ??:??/??:??]: hyphen-base [22k]
Installing [2/4, time/total: 00:00/00:00]: kpathsea [32k]
Installing [3/4, time/total: 00:00/00:00]: texlive-scripts [112k]
Installing [4/4, time/total: 00:01/00:03]: texlive.infra [345k]
Time used for installing the packages: 00:01
Installing [1/3, time/total: ??:??/??:??]: kpathsea.aarch64-linux [38k]
Installing [2/3, time/total: 00:01/00:03]: texlive-scripts.aarch64-linux [1k]
Installing [3/3, time/total: 00:01/00:03]: texlive.infra.aarch64-linux [81k]
Time used for installing the packages: 00:01
running mktexlsr ./texmf-dist ...
writing fmtutil.cnf to ./texmf-dist/web2c/fmtutil.cnf
writing updmap.cfg to ./texmf-dist/web2c/updmap.cfg
writing language.dat to ./texmf-var/tex/generic/config/language.dat
writing language.def to ./texmf-var/tex/generic/config/language.def
writing language.dat.lua to ./texmf-var/tex/generic/config/language.dat.lua
running mktexlsr ./texmf-var ./texmf-config ./texmf-dist ...
running updmap-sys --nohash ...done
re-running mktexlsr ./texmf-var ./texmf-config ...
pre-generating all format files, be patient...
running fmtutil-sys --no-error-if-no-engine=luametatex,luajithbtex,luajittex,mfluajit --no-strict --all ...done
running package-specific postactions
finished with package-specific postactions

Logfile: ./install-tl.log
tlmgr: setting default package repository to https://ctan.math.illinois.edu/systems/texlive/tlnet/
tlmgr: updating /tmp/texlive/tlpkg/texlive.tlpdb
tlmgr: setting texmf max_print_line to 10000 (in /tmp/texlive/texmf.cnf)
tlmgr: setting default package repository to https://ctan.math.illinois.edu/systems/texlive/tlnet/
tlmgr: updating /tmp/texlive/tlpkg/texlive.tlpdb
tlmgr: package repository https://ctan.math.illinois.edu/systems/texlive/tlnet/ (verified)
tlmgr: no updates available
tlmgr: package repository https://ctan.math.illinois.edu/systems/texlive/tlnet/ (verified)
[1/112, ??:??/??:??] install: amscls [32k]
[2/112, 00:00/00:00] install: amsfonts [3542k]
[3/112, 00:02/00:20] install: amsmath [31k]
[4/112, 00:03/00:30] install: atbegshi [5k]
[5/112, 00:03/00:29] install: atveryend [4k]
[6/112, 00:03/00:29] install: auxhook [2k]
[7/112, 00:04/00:39] install: babel [212k]
[8/112, 00:04/00:37] install: bibtex.aarch64-linux [75k]
[9/112, 00:05/00:46] install: bibtex [15k]
[10/112, 00:05/00:46] install: bigintcalc [7k]
[11/112, 00:05/00:46] install: bitset [6k]
[12/112, 00:06/00:55] install: booktabs [3k]
[13/112, 00:06/00:55] install: cm [233k]
[14/112, 00:07/01:00] install: ctablestack [2k]
[15/112, 00:07/01:00] install: dehyph [46k]
[16/112, 00:07/01:00] install: dvipdfmx.aarch64-linux [399k]
[17/112, 00:08/01:02] install: dvipdfmx [27k]
[18/112, 00:08/01:02] install: dvips.aarch64-linux [141k]
[19/112, 00:09/01:08] install: dvips [57k]
[20/112, 00:09/01:07] install: ec [258k]
[21/112, 00:10/01:10] install: epstopdf-pkg [5k]
[22/112, 00:10/01:10] install: etex [12k]
[23/112, 00:11/01:17] install: etexcmds [3k]
[24/112, 00:11/01:17] install: etoolbox [9k]
[25/112, 00:11/01:17] install: euenc [4k]
[26/112, 00:12/01:24] install: everyshi [2k]
[27/112, 00:12/01:24] install: fancyvrb [12k]
[28/112, 00:12/01:24] install: filehook [5k]
[29/112, 00:13/01:31] install: firstaid [4k]
[30/112, 00:13/01:31] install: float [3k]
[31/112, 00:13/01:31] install: fontspec [27k]
[32/112, 00:14/01:37] install: framed [8k]
[33/112, 00:14/01:37] install: geometry [9k]
[34/112, 00:14/01:37] install: gettitlestring [3k]
[35/112, 00:14/01:37] install: glyphlist [25k]
[36/112, 00:15/01:43] install: graphics [16k]
[37/112, 00:15/01:43] install: graphics-cfg [2k]
[38/112, 00:16/01:50] install: graphics-def [11k]
[39/112, 00:16/01:50] install: helvetic [527k]
[40/112, 00:17/01:46] install: hycolor [4k]
[41/112, 00:17/01:46] install: hyperref [89k]
[42/112, 00:17/01:44] install: hyph-utf8 [16k]
[43/112, 00:18/01:50] install: iftex [4k]
[44/112, 00:18/01:50] install: inconsolata [293k]
[45/112, 00:19/01:51] install: infwarerr [3k]
[46/112, 00:19/01:51] install: intcalc [6k]
[47/112, 00:19/01:51] install: knuth-lib [30k]
[48/112, 00:20/01:56] install: kvdefinekeys [3k]
[49/112, 00:20/01:56] install: kvoptions [8k]
[50/112, 00:20/01:56] install: kvsetkeys [4k]
[51/112, 00:20/01:56] install: l3backend [16k]
[52/112, 00:21/02:01] install: l3kernel [170k]
[53/112, 00:21/01:58] install: l3packages [22k]
[54/112, 00:22/02:03] install: latex [231k]
[55/112, 00:22/01:59] install: latex-amsmath-dev [31k]
[56/112, 00:23/02:04] install: latex-bin.aarch64-linux [1k]
[57/112, 00:23/02:04] install: latex-bin [1k]
[58/112, 00:23/02:04] install: latex-fonts [18k]
[59/112, 00:24/02:09] install: latex-tools-dev [43k]
[60/112, 00:24/02:08] install: latexconfig [4k]
[61/112, 00:24/02:08] install: latexmk.aarch64-linux [1k]
[62/112, 00:25/02:13] install: latexmk [108k]
[63/112, 00:25/02:11] install: letltxmacro [3k]
[64/112, 00:25/02:11] install: lm [11665k]
[65/112, 00:29/00:56] install: lm-math [369k]
[66/112, 00:30/00:57] install: ltxcmds [5k]
[67/112, 00:30/00:57] install: lua-alt-getopt [2k]
[68/112, 00:30/00:57] install: lua-uni-algos [8k]
[69/112, 00:31/00:59] install: luahbtex.aarch64-linux [2152k]
[70/112, 00:32/00:54] install: luahbtex [1k]
[71/112, 00:32/00:54] install: lualatex-math [4k]
[72/112, 00:32/00:54] install: lualibs [131k]
[73/112, 00:33/00:56] install: luaotfload.aarch64-linux [1k]
[74/112, 00:33/00:56] install: luaotfload [607k]
[75/112, 00:34/00:56] install: luatex.aarch64-linux [1685k]
[76/112, 00:35/00:53] install: luatex [14k]
[77/112, 00:35/00:53] install: luatexbase [4k]
[78/112, 00:35/00:53] install: mdwtools [19k]
[79/112, 00:36/00:55] install: metafont.aarch64-linux [184k]
[80/112, 00:36/00:54] install: metafont [9k]
[81/112, 00:37/00:56] install: mfware.aarch64-linux [116k]
[82/112, 00:37/00:56] install: mfware [4k]
[83/112, 00:37/00:56] install: modes [27k]
[84/112, 00:38/00:57] install: natbib [17k]
[85/112, 00:38/00:57] install: pdfescape [5k]
[86/112, 00:39/00:58] install: pdftex.aarch64-linux [815k]
[87/112, 00:39/00:56] install: pdftex [39k]
[88/112, 00:40/00:58] install: pdftexcmds [7k]
[89/112, 00:40/00:58] install: plain [29k]
[90/112, 00:40/00:58] install: psnfss [12k]
[91/112, 00:41/00:59] install: refcount [3k]
[92/112, 00:41/00:59] install: rerunfilecheck [4k]
[93/112, 00:41/00:59] install: selnolig [53k]
[94/112, 00:42/01:01] install: stringenc [23k]
[95/112, 00:42/01:00] install: symbol [36k]
[96/112, 00:43/01:02] install: tex.aarch64-linux [172k]
[97/112, 00:43/01:01] install: tex [1k]
[98/112, 00:43/01:01] install: tex-ini-files [4k]
[99/112, 00:44/01:03] install: times [281k]
[100/112, 00:44/01:02] install: tipa [2809k]
[101/112, 00:45/00:57] install: tools [43k]
[102/112, 00:46/00:58] install: unicode-data [302k]
[103/112, 00:46/00:58] install: unicode-math [42k]
[104/112, 00:47/00:59] install: uniquecounter [3k]
[105/112, 00:47/00:59] install: url [6k]
[106/112, 00:47/00:59] install: xcolor [17k]
[107/112, 00:48/01:00] install: xetex.aarch64-linux [7417k]
[108/112, 00:50/00:50] install: xetex [8k]
[109/112, 00:51/00:51] install: xetexconfig [1k]
[110/112, 00:51/00:51] install: xkeyval [9k]
[111/112, 00:51/00:51] install: xunicode [26k]
[112/112, 00:52/00:52] install: zapfding [46k]
running mktexlsr ...
done running mktexlsr.
running updmap-sys ...
done running updmap-sys.
regenerating fmtutil.cnf in /home/znmeb/.TinyTeX/texmf-dist
running fmtutil-sys --byengine tex --no-error-if-no-format --no-error-if-no-engine=luametatex,luajithbtex,luajittex,mfluajit --status-file=/tmp/NVi7PyXEzK/QnWS9vvnah ...
  OK: tex.fmt/tex
running fmtutil-sys --byengine luatex --no-error-if-no-format --no-error-if-no-engine=luametatex,luajithbtex,luajittex,mfluajit --status-file=/tmp/NVi7PyXEzK/QnWS9vvnah ...
  OK: luatex.fmt/luatex dvilualatex.fmt/luatex dviluatex.fmt/luatex
running fmtutil-sys --byengine pdftex --no-error-if-no-format --no-error-if-no-engine=luametatex,luajithbtex,luajittex,mfluajit --status-file=/tmp/NVi7PyXEzK/QnWS9vvnah ...
  OK: pdftex.fmt/pdftex pdfetex.fmt/pdftex etex.fmt/pdftex pdflatex.fmt/pdftex latex.fmt/pdftex
running fmtutil-sys --byengine xetex --no-error-if-no-format --no-error-if-no-engine=luametatex,luajithbtex,luajittex,mfluajit --status-file=/tmp/NVi7PyXEzK/QnWS9vvnah ...
  OK: xetex.fmt/xetex xelatex.fmt/xetex
running fmtutil-sys --byengine luahbtex --no-error-if-no-format --no-error-if-no-engine=luametatex,luajithbtex,luajittex,mfluajit --status-file=/tmp/NVi7PyXEzK/QnWS9vvnah ...
  OK: luahbtex.fmt/luahbtex lualatex.fmt/luahbtex
running fmtutil-sys --byfmt mf --no-error-if-no-engine=luametatex,luajithbtex,luajittex,mfluajit --status-file=/tmp/NVi7PyXEzK/QnWS9vvnah ...
  OK: mf.fmt/mf-nowin
tlmgr: package log updated: /home/znmeb/.TinyTeX/texmf-var/web2c/tlmgr.log
tlmgr: command log updated: /home/znmeb/.TinyTeX/texmf-var/web2c/tlmgr-commands.log
tlmgr option sys_bin ~/.local/bin
tlmgr: setting option sys_bin to /home/znmeb/.local/bin.
tlmgr: updating /home/znmeb/.TinyTeX/tlpkg/texlive.tlpdb
tlmgr option repository 'https://ctan.math.illinois.edu/systems/texlive/tlnet'
tlmgr: setting default package repository to https://ctan.math.illinois.edu/systems/texlive/tlnet
tlmgr: updating /home/znmeb/.TinyTeX/tlpkg/texlive.tlpdb
tlmgr update --list
tlmgr: package repository https://ctan.math.illinois.edu/systems/texlive/tlnet (verified)
tlmgr: no updates available
114.01user 22.50system 2:55.26elapsed 77%CPU (0avgtext+0avgdata 185328maxresident)k
52120inputs+1235312outputs (28major+1037043minor)pagefaults 0swaps
Installing R sound packages
also installing the dependencies ‘xts’, ‘TTR’, ‘quadprog’, ‘quantmod’, ‘gsw’, ‘permute’, ‘proxy’, ‘iterators’, ‘tseries’, ‘RcppArmadillo’, ‘bitops’, ‘moments’, ‘magick’, ‘pracma’, ‘oce’, ‘ineq’, ‘vegan’, ‘shinyBS’, ‘zoo’, ‘mvtnorm’, ‘dtw’, ‘shinyjs’, ‘foreach’, ‘doParallel’, ‘nonlinearTseries’, ‘fftw’, ‘pbapply’, ‘RCurl’, ‘rjson’, ‘bioacoustics’

Updating HTML index of packages in '.Library'
Making 'packages.html' ... done
1400.23user 133.88system 11:01.49elapsed 231%CPU (0avgtext+0avgdata 588804maxresident)k
104inputs+749952outputs (18major+12469436minor)pagefaults 0swaps
Activating R Jupyter kernel
Cleanup
Will remove 523 (684.0 MB) tarball(s).
Defining r-reticulate and deac aliases
Finished
2186.19user 298.34system 22:25.67elapsed 184%CPU (0avgtext+0avgdata 1175272maxresident)k
396400inputs+9245728outputs (599major+19259210minor)pagefaults 0swaps
